{"uuid":"118a3879-a90a-4565-ac99-b3a7ea13aeae","historyId":"a1a64307c2d952d421a4f1a5c1a1155d","fullName":"org.ciq.tests.specialist.SpecialistTests.reportsRead","labels":[{"name":"package","value":"org.ciq.tests.specialist.SpecialistTests"},{"name":"testClass","value":"org.ciq.tests.specialist.SpecialistTests"},{"name":"testMethod","value":"reportsRead"},{"name":"parentSuite","value":"Default Suite"},{"name":"suite","value":"CIQAutomation"},{"name":"subSuite","value":"org.ciq.tests.specialist.SpecialistTests"},{"name":"host","value":"LAPTOP-M5SGUT72"},{"name":"thread","value":"25024@LAPTOP-M5SGUT72.main(1)"},{"name":"framework","value":"testng"},{"name":"language","value":"java"}],"links":[],"name":"reportsRead","status":"broken","statusDetails":{"known":false,"muted":false,"flaky":false,"message":"Cannot invoke \"String.contains(java.lang.CharSequence)\" because \"toEscape\" is null","trace":"java.lang.NullPointerException: Cannot invoke \"String.contains(java.lang.CharSequence)\" because \"toEscape\" is null\r\n\tat org.openqa.selenium.support.ui.Quotes.escape(Quotes.java:38)\r\n\tat org.openqa.selenium.support.ui.Select.selectByVisibleText(Select.java:116)\r\n\tat org.ciq.utils.WebDriverMethods.selectDropDownByText(WebDriverMethods.java:182)\r\n\tat org.ciq.pages.SpecialistPendingDashBoardPage.chooseGender(SpecialistPendingDashBoardPage.java:239)\r\n\tat org.ciq.tests.specialist.SpecialistTests.reportsRead(SpecialistTests.java:563)\r\n\tat java.base/jdk.internal.reflect.DirectMethodHandleAccessor.invoke(DirectMethodHandleAccessor.java:103)\r\n\tat java.base/java.lang.reflect.Method.invoke(Method.java:580)\r\n\tat org.testng.internal.invokers.MethodInvocationHelper.invokeMethod(MethodInvocationHelper.java:139)\r\n\tat org.testng.internal.invokers.TestInvoker.invokeMethod(TestInvoker.java:664)\r\n\tat org.testng.internal.invokers.TestInvoker.invokeTestMethod(TestInvoker.java:227)\r\n\tat org.testng.internal.invokers.MethodRunner.runInSequence(MethodRunner.java:50)\r\n\tat org.testng.internal.invokers.TestInvoker$MethodInvocationAgent.invoke(TestInvoker.java:957)\r\n\tat org.testng.internal.invokers.TestInvoker.invokeTestMethods(TestInvoker.java:200)\r\n\tat org.testng.internal.invokers.TestMethodWorker.invokeTestMethods(TestMethodWorker.java:148)\r\n\tat org.testng.internal.invokers.TestMethodWorker.run(TestMethodWorker.java:128)\r\n\tat java.base/java.util.ArrayList.forEach(ArrayList.java:1596)\r\n\tat org.testng.TestRunner.privateRun(TestRunner.java:848)\r\n\tat org.testng.TestRunner.run(TestRunner.java:621)\r\n\tat org.testng.SuiteRunner.runTest(SuiteRunner.java:443)\r\n\tat org.testng.SuiteRunner.runSequentially(SuiteRunner.java:437)\r\n\tat org.testng.SuiteRunner.privateRun(SuiteRunner.java:397)\r\n\tat org.testng.SuiteRunner.run(SuiteRunner.java:336)\r\n\tat org.testng.SuiteRunnerWorker.runSuite(SuiteRunnerWorker.java:52)\r\n\tat org.testng.SuiteRunnerWorker.run(SuiteRunnerWorker.java:95)\r\n\tat org.testng.TestNG.runSuitesSequentially(TestNG.java:1280)\r\n\tat org.testng.TestNG.runSuitesLocally(TestNG.java:1200)\r\n\tat org.testng.TestNG.runSuites(TestNG.java:1114)\r\n\tat org.testng.TestNG.run(TestNG.java:1082)\r\n\tat com.intellij.rt.testng.IDEARemoteTestNG.run(IDEARemoteTestNG.java:66)\r\n\tat com.intellij.rt.testng.RemoteTestNGStarter.main(RemoteTestNGStarter.java:109)\r\n"},"stage":"finished","steps":[{"name":"launching the browser","status":"passed","stage":"finished","steps":[],"attachments":[],"parameters":[],"start":1701977286334,"stop":1701977289335},{"name":"entering user email","status":"passed","stage":"finished","steps":[],"attachments":[],"parameters":[{"name":"emailText","value":"ciqappemail@gmail.com"}],"start":1701977291868,"stop":1701977292907},{"name":"entering password","status":"passed","stage":"finished","steps":[],"attachments":[],"parameters":[{"name":"passwordText","value":"Welcome@123"}],"start":1701977292907,"stop":1701977292966},{"name":"clicking,submit button","status":"passed","stage":"finished","steps":[],"attachments":[],"parameters":[],"start":1701977292966,"stop":1701977293009},{"name":"clicking create patient button","status":"passed","stage":"finished","steps":[],"attachments":[],"parameters":[],"start":1701977293064,"stop":1701977298401},{"name":"enter patient's first name in survey","status":"passed","stage":"finished","steps":[],"attachments":[],"parameters":[{"name":"fName","value":"Colton"}],"start":1701977298402,"stop":1701977299640},{"name":"enter patient's last name in survey","status":"passed","stage":"finished","steps":[],"attachments":[],"parameters":[{"name":"lName","value":"Lorriane"}],"start":1701977299640,"stop":1701977299801},{"name":"choose patient's sex in survey","status":"broken","statusDetails":{"known":false,"muted":false,"flaky":false,"message":"Cannot invoke \"String.contains(java.lang.CharSequence)\" because \"toEscape\" is null","trace":"java.lang.NullPointerException: Cannot invoke \"String.contains(java.lang.CharSequence)\" because \"toEscape\" is null\r\n\tat org.openqa.selenium.support.ui.Quotes.escape(Quotes.java:38)\r\n\tat org.openqa.selenium.support.ui.Select.selectByVisibleText(Select.java:116)\r\n\tat org.ciq.utils.WebDriverMethods.selectDropDownByText(WebDriverMethods.java:182)\r\n\tat org.ciq.pages.SpecialistPendingDashBoardPage.chooseGender(SpecialistPendingDashBoardPage.java:239)\r\n\tat org.ciq.tests.specialist.SpecialistTests.reportsRead(SpecialistTests.java:563)\r\n\tat java.base/jdk.internal.reflect.DirectMethodHandleAccessor.invoke(DirectMethodHandleAccessor.java:103)\r\n\tat java.base/java.lang.reflect.Method.invoke(Method.java:580)\r\n\tat org.testng.internal.invokers.MethodInvocationHelper.invokeMethod(MethodInvocationHelper.java:139)\r\n\tat org.testng.internal.invokers.TestInvoker.invokeMethod(TestInvoker.java:664)\r\n\tat org.testng.internal.invokers.TestInvoker.invokeTestMethod(TestInvoker.java:227)\r\n\tat org.testng.internal.invokers.MethodRunner.runInSequence(MethodRunner.java:50)\r\n\tat org.testng.internal.invokers.TestInvoker$MethodInvocationAgent.invoke(TestInvoker.java:957)\r\n\tat org.testng.internal.invokers.TestInvoker.invokeTestMethods(TestInvoker.java:200)\r\n\tat org.testng.internal.invokers.TestMethodWorker.invokeTestMethods(TestMethodWorker.java:148)\r\n\tat org.testng.internal.invokers.TestMethodWorker.run(TestMethodWorker.java:128)\r\n\tat java.base/java.util.ArrayList.forEach(ArrayList.java:1596)\r\n\tat org.testng.TestRunner.privateRun(TestRunner.java:848)\r\n\tat org.testng.TestRunner.run(TestRunner.java:621)\r\n\tat org.testng.SuiteRunner.runTest(SuiteRunner.java:443)\r\n\tat org.testng.SuiteRunner.runSequentially(SuiteRunner.java:437)\r\n\tat org.testng.SuiteRunner.privateRun(SuiteRunner.java:397)\r\n\tat org.testng.SuiteRunner.run(SuiteRunner.java:336)\r\n\tat org.testng.SuiteRunnerWorker.runSuite(SuiteRunnerWorker.java:52)\r\n\tat org.testng.SuiteRunnerWorker.run(SuiteRunnerWorker.java:95)\r\n\tat org.testng.TestNG.runSuitesSequentially(TestNG.java:1280)\r\n\tat org.testng.TestNG.runSuitesLocally(TestNG.java:1200)\r\n\tat org.testng.TestNG.runSuites(TestNG.java:1114)\r\n\tat org.testng.TestNG.run(TestNG.java:1082)\r\n\tat com.intellij.rt.testng.IDEARemoteTestNG.run(IDEARemoteTestNG.java:66)\r\n\tat com.intellij.rt.testng.RemoteTestNGStarter.main(RemoteTestNGStarter.java:109)\r\n"},"stage":"finished","steps":[],"attachments":[],"parameters":[{"name":"gender","value":"null"}],"start":1701977299801,"stop":1701977299865}],"attachments":[],"parameters":[],"start":1701977285174,"stop":1701977299873}