{"uuid":"267a835f-5655-4815-910a-111a8d06430b","historyId":"80147ffe3ff64d76b702ee489740a74b","fullName":"org.ciq.tests.specialist.SpecialistTests.specialistHBOCAndHCC","labels":[{"name":"package","value":"org.ciq.tests.specialist.SpecialistTests"},{"name":"testClass","value":"org.ciq.tests.specialist.SpecialistTests"},{"name":"testMethod","value":"specialistHBOCAndHCC"},{"name":"parentSuite","value":"All Test Suite"},{"name":"suite","value":"All Test"},{"name":"subSuite","value":"org.ciq.tests.specialist.SpecialistTests"},{"name":"host","value":"LAPTOP-M5SGUT72"},{"name":"thread","value":"5872@LAPTOP-M5SGUT72.TestNG-test=All Test-1(50)"},{"name":"framework","value":"testng"},{"name":"language","value":"java"}],"links":[],"name":"specialistHBOCAndHCC","status":"broken","statusDetails":{"known":false,"muted":false,"flaky":false,"message":"Expected condition failed: waiting for element to be clickable: By.xpath: //div[text()[normalize-space()='Kermit'] and text()[normalize-space()='Ellamae']] (tried for 45 second(s) with 500 milliseconds interval)\nBuild info: version: '4.15.0', revision: '1d14b5521b'\nSystem info: os.name: 'Windows 11', os.arch: 'amd64', os.version: '10.0', java.version: '21.0.1'\nDriver info: org.openqa.selenium.chrome.ChromeDriver\nCapabilities {acceptInsecureCerts: false, browserName: chrome, browserVersion: 119.0.6045.160, chrome: {chromedriverVersion: 119.0.6045.105 (38c72552c5e..., userDataDir: C:\\Users\\Yamuna\\AppData\\Loc...}, fedcm:accounts: true, goog:chromeOptions: {debuggerAddress: localhost:62330}, networkConnectionEnabled: false, pageLoadStrategy: normal, platformName: windows, proxy: Proxy(), se:cdp: ws://localhost:62330/devtoo..., se:cdpVersion: 119.0.6045.160, setWindowRect: true, strictFileInteractability: false, timeouts: {implicit: 0, pageLoad: 300000, script: 30000}, unhandledPromptBehavior: dismiss and notify, webauthn:extension:credBlob: true, webauthn:extension:largeBlob: true, webauthn:extension:minPinLength: true, webauthn:extension:prf: true, webauthn:virtualAuthenticators: true}\nSession ID: 44c5252478a47a4ad8952b4e3958f223","trace":"org.openqa.selenium.TimeoutException: Expected condition failed: waiting for element to be clickable: By.xpath: //div[text()[normalize-space()='Kermit'] and text()[normalize-space()='Ellamae']] (tried for 45 second(s) with 500 milliseconds interval)\nBuild info: version: '4.15.0', revision: '1d14b5521b'\nSystem info: os.name: 'Windows 11', os.arch: 'amd64', os.version: '10.0', java.version: '21.0.1'\nDriver info: org.openqa.selenium.chrome.ChromeDriver\nCapabilities {acceptInsecureCerts: false, browserName: chrome, browserVersion: 119.0.6045.160, chrome: {chromedriverVersion: 119.0.6045.105 (38c72552c5e..., userDataDir: C:\\Users\\Yamuna\\AppData\\Loc...}, fedcm:accounts: true, goog:chromeOptions: {debuggerAddress: localhost:62330}, networkConnectionEnabled: false, pageLoadStrategy: normal, platformName: windows, proxy: Proxy(), se:cdp: ws://localhost:62330/devtoo..., se:cdpVersion: 119.0.6045.160, setWindowRect: true, strictFileInteractability: false, timeouts: {implicit: 0, pageLoad: 300000, script: 30000}, unhandledPromptBehavior: dismiss and notify, webauthn:extension:credBlob: true, webauthn:extension:largeBlob: true, webauthn:extension:minPinLength: true, webauthn:extension:prf: true, webauthn:virtualAuthenticators: true}\nSession ID: 44c5252478a47a4ad8952b4e3958f223\r\n\tat org.openqa.selenium.support.ui.WebDriverWait.timeoutException(WebDriverWait.java:84)\r\n\tat org.openqa.selenium.support.ui.FluentWait.until(FluentWait.java:229)\r\n\tat org.ciq.utils.WebDriverMethods.waitForElementTobeClickable(WebDriverMethods.java:184)\r\n\tat org.ciq.pages.RegistryPage.clickPatientRecord(RegistryPage.java:41)\r\n\tat org.ciq.tests.specialist.SpecialistTests.specialistHBOCAndHCC(SpecialistTests.java:223)\r\n\tat java.base/jdk.internal.reflect.DirectMethodHandleAccessor.invoke(DirectMethodHandleAccessor.java:103)\r\n\tat java.base/java.lang.reflect.Method.invoke(Method.java:580)\r\n\tat org.testng.internal.invokers.MethodInvocationHelper.invokeMethod(MethodInvocationHelper.java:139)\r\n\tat org.testng.internal.invokers.TestInvoker.invokeMethod(TestInvoker.java:664)\r\n\tat org.testng.internal.invokers.TestInvoker.invokeTestMethod(TestInvoker.java:227)\r\n\tat org.testng.internal.invokers.MethodRunner.runInSequence(MethodRunner.java:50)\r\n\tat org.testng.internal.invokers.TestInvoker$MethodInvocationAgent.invoke(TestInvoker.java:957)\r\n\tat org.testng.internal.invokers.TestInvoker.invokeTestMethods(TestInvoker.java:200)\r\n\tat org.testng.internal.invokers.TestMethodWorker.invokeTestMethods(TestMethodWorker.java:148)\r\n\tat org.testng.internal.invokers.TestMethodWorker.run(TestMethodWorker.java:128)\r\n\tat java.base/java.util.concurrent.ThreadPoolExecutor.runWorker(ThreadPoolExecutor.java:1144)\r\n\tat java.base/java.util.concurrent.ThreadPoolExecutor$Worker.run(ThreadPoolExecutor.java:642)\r\n\tat java.base/java.lang.Thread.run(Thread.java:1583)\r\n"},"stage":"finished","steps":[{"name":"launching the browser","status":"passed","stage":"finished","steps":[],"attachments":[],"parameters":[],"start":1701010462548,"stop":1701010463807},{"name":"entering user email","status":"passed","stage":"finished","steps":[],"attachments":[],"parameters":[{"name":"emailText","value":"ciqappemail@gmail.com"}],"start":1701010469061,"stop":1701010470176},{"name":"entering password","status":"passed","stage":"finished","steps":[],"attachments":[],"parameters":[{"name":"passwordText","value":"Welcome@123"}],"start":1701010470176,"stop":1701010470242},{"name":"clicking,submit button","status":"passed","stage":"finished","steps":[],"attachments":[],"parameters":[],"start":1701010470243,"stop":1701010470292},{"name":"clicking create patient button","status":"passed","stage":"finished","steps":[],"attachments":[],"parameters":[],"start":1701010470312,"stop":1701010474873},{"name":"enter patient's first name in survey","status":"passed","stage":"finished","steps":[],"attachments":[],"parameters":[{"name":"fName","value":"Kermit"}],"start":1701010474874,"stop":1701010476070},{"name":"enter patient's last name in survey","status":"passed","stage":"finished","steps":[],"attachments":[],"parameters":[{"name":"lName","value":"Ellamae"}],"start":1701010476070,"stop":1701010476205},{"name":"choose patient's sex in survey","status":"passed","stage":"finished","steps":[],"attachments":[],"parameters":[{"name":"gender","value":"Female"}],"start":1701010476205,"stop":1701010476431},{"name":"enter date of birth","status":"passed","stage":"finished","steps":[],"attachments":[],"parameters":[{"name":"dob","value":"06/08/1983"}],"start":1701010476431,"stop":1701010476631},{"name":"choose patient's location in survey","status":"passed","stage":"finished","steps":[],"attachments":[],"parameters":[{"name":"location","value":"Chicago - New User Location"}],"start":1701010476631,"stop":1701010476774},{"name":"enter patient's email in survey","status":"passed","stage":"finished","steps":[],"attachments":[],"parameters":[{"name":"email","value":"KermitEllamae@email.com"}],"start":1701010476776,"stop":1701010476961},{"name":"enter patient's confirm email in survey","status":"passed","stage":"finished","steps":[],"attachments":[],"parameters":[{"name":"email","value":"KermitEllamae@email.com"}],"start":1701010476961,"stop":1701010477138},{"name":"choose patient's STAT in survey","status":"passed","stage":"finished","steps":[],"attachments":[],"parameters":[{"name":"stat","value":"No"}],"start":1701010477138,"stop":1701010477229},{"name":"clicking next button","status":"passed","stage":"finished","steps":[],"attachments":[],"parameters":[],"start":1701010477229,"stop":1701010477348},{"name":"clicking skip & Add patient button","status":"passed","stage":"finished","steps":[],"attachments":[],"parameters":[],"start":1701010477348,"stop":1701010477431},{"name":"click on patient record in pending dashboard","status":"passed","stage":"finished","steps":[],"attachments":[],"parameters":[{"name":"patientName","value":"Kermit"}],"start":1701010477431,"stop":1701010481677},{"name":"click on review patient case","status":"passed","stage":"finished","steps":[],"attachments":[],"parameters":[],"start":1701010481677,"stop":1701010482265},{"name":"scrolling down from 0 until 1200","status":"passed","stage":"finished","steps":[],"attachments":[],"parameters":[{"name":"x","value":"0"},{"name":"y","value":"1200"}],"start":1701010482265,"stop":1701010482276},{"name":"scroll up to the element and click edit button","status":"passed","stage":"finished","steps":[],"attachments":[],"parameters":[{"name":"section","value":"Medical History"}],"start":1701010482276,"stop":1701010482430},{"name":"enter weight in medical history","status":"passed","stage":"finished","steps":[],"attachments":[],"parameters":[{"name":"weight","value":"178"},{"name":"field","value":"Weight(lb)"}],"start":1701010482431,"stop":1701010482518},{"name":"enter height 5 ft 2 in","status":"passed","stage":"finished","steps":[],"attachments":[],"parameters":[{"name":"height","value":"5 ft 2 in"},{"name":"field","value":"Height"}],"start":1701010482518,"stop":1701010482627},{"name":"enter comorbidity:- {comorbidity}","status":"passed","stage":"finished","steps":[],"attachments":[],"parameters":[{"name":"text","value":"Diabetes Type 2 (CKD)"},{"name":"field","value":"Comorbidity"}],"start":1701010482627,"stop":1701010482782},{"name":"enter age of diagnosis for all type:- 39","status":"passed","stage":"finished","steps":[],"attachments":[],"parameters":[{"name":"age","value":"39"},{"name":"typeCount","value":"1"},{"name":"field","value":"Comorbidity"}],"start":1701010482782,"stop":1701010482860},{"name":"select surgery in medical history :- {surgery}","status":"passed","stage":"finished","steps":[],"attachments":[],"parameters":[{"name":"text","value":"Tubal Ligation"},{"name":"field","value":"Surgery"},{"name":"typeCount","value":"1"},{"name":"notes","value":"notes"}],"start":1701010482861,"stop":1701010483072},{"name":"click on save changes","status":"passed","stage":"finished","steps":[],"attachments":[],"parameters":[],"start":1701010483073,"stop":1701010491146},{"name":"scrolling down from 0 until 600","status":"passed","stage":"finished","steps":[],"attachments":[],"parameters":[{"name":"x","value":"0"},{"name":"y","value":"600"}],"start":1701010491146,"stop":1701010491156},{"name":"scroll up to the element and click edit button","status":"passed","stage":"finished","steps":[],"attachments":[],"parameters":[{"name":"section","value":"Basic Information"}],"start":1701010491156,"stop":1701010491245},{"name":"choose race Asian","status":"passed","stage":"finished","steps":[],"attachments":[],"parameters":[{"name":"type","value":"Asian"},{"name":"field","value":"Race"}],"start":1701010491245,"stop":1701010491334},{"name":"choose sub race Japanese","status":"passed","stage":"finished","steps":[],"attachments":[],"parameters":[{"name":"type","value":"Japanese"},{"name":"field","value":"Sub Race"}],"start":1701010491336,"stop":1701010491432},{"name":"select genetic test in basic information :- {geneticTest}","status":"passed","stage":"finished","steps":[],"attachments":[],"parameters":[{"name":"text","value":"No"},{"name":"field","value":"Has Had Genetic Testing"}],"start":1701010491432,"stop":1701010491528},{"name":"click on save changes","status":"passed","stage":"finished","steps":[],"attachments":[],"parameters":[],"start":1701010491529,"stop":1701010499626},{"name":"scrolling down from 0 until 900","status":"passed","stage":"finished","steps":[],"attachments":[],"parameters":[{"name":"x","value":"0"},{"name":"y","value":"900"}],"start":1701010499626,"stop":1701010499638},{"name":"scroll up to the element and click edit button","status":"passed","stage":"finished","steps":[],"attachments":[],"parameters":[{"name":"section","value":"Reproductive History"}],"start":1701010499638,"stop":1701010499743},{"name":"choose menopause Menopausal Status with option premenopausal","status":"passed","stage":"finished","steps":[],"attachments":[],"parameters":[{"name":"text","value":"premenopausal"},{"name":"field","value":"Menopausal Status"}],"start":1701010499743,"stop":1701010499868},{"name":"enter gravida in reproductive history","status":"passed","stage":"finished","steps":[],"attachments":[],"parameters":[{"name":"gravidaNo","value":"1"},{"name":"field","value":"Gravida"}],"start":1701010499868,"stop":1701010499944},{"name":"enter parity in reproductive history","status":"passed","stage":"finished","steps":[],"attachments":[],"parameters":[{"name":"parityNo","value":"1"},{"name":"field","value":"Parity"}],"start":1701010499944,"stop":1701010500012},{"name":"enter age of first birth in reproductive history","status":"passed","stage":"finished","steps":[],"attachments":[],"parameters":[{"name":"age","value":"25"},{"name":"field","value":"Age of First Birth"}],"start":1701010500013,"stop":1701010500102},{"name":"click on save changes","status":"passed","stage":"finished","steps":[],"attachments":[],"parameters":[],"start":1701010500102,"stop":1701010508169},{"name":"navigate to ethica portal for patient verification","status":"passed","stage":"finished","steps":[],"attachments":[],"parameters":[{"name":"url","value":"https://app.staging.canceriq.net/registry"}],"start":1701010508170,"stop":1701010538273},{"name":"click on patient record","status":"broken","statusDetails":{"known":false,"muted":false,"flaky":false,"message":"Expected condition failed: waiting for element to be clickable: By.xpath: //div[text()[normalize-space()='Kermit'] and text()[normalize-space()='Ellamae']] (tried for 45 second(s) with 500 milliseconds interval)\nBuild info: version: '4.15.0', revision: '1d14b5521b'\nSystem info: os.name: 'Windows 11', os.arch: 'amd64', os.version: '10.0', java.version: '21.0.1'\nDriver info: org.openqa.selenium.chrome.ChromeDriver\nCapabilities {acceptInsecureCerts: false, browserName: chrome, browserVersion: 119.0.6045.160, chrome: {chromedriverVersion: 119.0.6045.105 (38c72552c5e..., userDataDir: C:\\Users\\Yamuna\\AppData\\Loc...}, fedcm:accounts: true, goog:chromeOptions: {debuggerAddress: localhost:62330}, networkConnectionEnabled: false, pageLoadStrategy: normal, platformName: windows, proxy: Proxy(), se:cdp: ws://localhost:62330/devtoo..., se:cdpVersion: 119.0.6045.160, setWindowRect: true, strictFileInteractability: false, timeouts: {implicit: 0, pageLoad: 300000, script: 30000}, unhandledPromptBehavior: dismiss and notify, webauthn:extension:credBlob: true, webauthn:extension:largeBlob: true, webauthn:extension:minPinLength: true, webauthn:extension:prf: true, webauthn:virtualAuthenticators: true}\nSession ID: 44c5252478a47a4ad8952b4e3958f223","trace":"org.openqa.selenium.TimeoutException: Expected condition failed: waiting for element to be clickable: By.xpath: //div[text()[normalize-space()='Kermit'] and text()[normalize-space()='Ellamae']] (tried for 45 second(s) with 500 milliseconds interval)\nBuild info: version: '4.15.0', revision: '1d14b5521b'\nSystem info: os.name: 'Windows 11', os.arch: 'amd64', os.version: '10.0', java.version: '21.0.1'\nDriver info: org.openqa.selenium.chrome.ChromeDriver\nCapabilities {acceptInsecureCerts: false, browserName: chrome, browserVersion: 119.0.6045.160, chrome: {chromedriverVersion: 119.0.6045.105 (38c72552c5e..., userDataDir: C:\\Users\\Yamuna\\AppData\\Loc...}, fedcm:accounts: true, goog:chromeOptions: {debuggerAddress: localhost:62330}, networkConnectionEnabled: false, pageLoadStrategy: normal, platformName: windows, proxy: Proxy(), se:cdp: ws://localhost:62330/devtoo..., se:cdpVersion: 119.0.6045.160, setWindowRect: true, strictFileInteractability: false, timeouts: {implicit: 0, pageLoad: 300000, script: 30000}, unhandledPromptBehavior: dismiss and notify, webauthn:extension:credBlob: true, webauthn:extension:largeBlob: true, webauthn:extension:minPinLength: true, webauthn:extension:prf: true, webauthn:virtualAuthenticators: true}\nSession ID: 44c5252478a47a4ad8952b4e3958f223\r\n\tat org.openqa.selenium.support.ui.WebDriverWait.timeoutException(WebDriverWait.java:84)\r\n\tat org.openqa.selenium.support.ui.FluentWait.until(FluentWait.java:229)\r\n\tat org.ciq.utils.WebDriverMethods.waitForElementTobeClickable(WebDriverMethods.java:184)\r\n\tat org.ciq.pages.RegistryPage.clickPatientRecord(RegistryPage.java:41)\r\n\tat org.ciq.tests.specialist.SpecialistTests.specialistHBOCAndHCC(SpecialistTests.java:223)\r\n\tat java.base/jdk.internal.reflect.DirectMethodHandleAccessor.invoke(DirectMethodHandleAccessor.java:103)\r\n\tat java.base/java.lang.reflect.Method.invoke(Method.java:580)\r\n\tat org.testng.internal.invokers.MethodInvocationHelper.invokeMethod(MethodInvocationHelper.java:139)\r\n\tat org.testng.internal.invokers.TestInvoker.invokeMethod(TestInvoker.java:664)\r\n\tat org.testng.internal.invokers.TestInvoker.invokeTestMethod(TestInvoker.java:227)\r\n\tat org.testng.internal.invokers.MethodRunner.runInSequence(MethodRunner.java:50)\r\n\tat org.testng.internal.invokers.TestInvoker$MethodInvocationAgent.invoke(TestInvoker.java:957)\r\n\tat org.testng.internal.invokers.TestInvoker.invokeTestMethods(TestInvoker.java:200)\r\n\tat org.testng.internal.invokers.TestMethodWorker.invokeTestMethods(TestMethodWorker.java:148)\r\n\tat org.testng.internal.invokers.TestMethodWorker.run(TestMethodWorker.java:128)\r\n\tat java.base/java.util.concurrent.ThreadPoolExecutor.runWorker(ThreadPoolExecutor.java:1144)\r\n\tat java.base/java.util.concurrent.ThreadPoolExecutor$Worker.run(ThreadPoolExecutor.java:642)\r\n\tat java.base/java.lang.Thread.run(Thread.java:1583)\r\n"},"stage":"finished","steps":[],"attachments":[],"parameters":[{"name":"firstName","value":"Kermit"},{"name":"lastName","value":"Ellamae"}],"start":1701010538274,"stop":1701010584393}],"attachments":[{"name":"Page screenshot","source":"c8f312bf-3e2c-40e8-8212-eac62572ff1d-attachment","type":"image/png"}],"parameters":[],"start":1701010462496,"stop":1701010584661}