{"uuid":"3c5b2f5e-38a2-4fba-8f38-884c138d681b","historyId":"8569707fa6c1c35f12a8534c19fe3189","fullName":"org.ciq.tests.specialist.SpecialistTests.specialistE2e","labels":[{"name":"package","value":"org.ciq.tests.specialist.SpecialistTests"},{"name":"testClass","value":"org.ciq.tests.specialist.SpecialistTests"},{"name":"testMethod","value":"specialistE2e"},{"name":"parentSuite","value":"Default Suite"},{"name":"suite","value":"CIQAutomation"},{"name":"subSuite","value":"org.ciq.tests.specialist.SpecialistTests"},{"name":"host","value":"LAPTOP-M5SGUT72"},{"name":"thread","value":"37368@LAPTOP-M5SGUT72.main(1)"},{"name":"framework","value":"testng"},{"name":"language","value":"java"}],"links":[],"name":"specialistE2e","status":"broken","statusDetails":{"known":false,"muted":false,"flaky":false,"message":"Cannot locate option with text: Chicago - New User Location\nFor documentation on this error, please visit: https://www.selenium.dev/documentation/webdriver/troubleshooting/errors#no-such-element-exception\nBuild info: version: '4.15.0', revision: '1d14b5521b'\nSystem info: os.name: 'Windows 11', os.arch: 'amd64', os.version: '10.0', java.version: '21.0.1'\nDriver info: driver.version: unknown","trace":"org.openqa.selenium.NoSuchElementException: Cannot locate option with text: Chicago - New User Location\nFor documentation on this error, please visit: https://www.selenium.dev/documentation/webdriver/troubleshooting/errors#no-such-element-exception\nBuild info: version: '4.15.0', revision: '1d14b5521b'\nSystem info: os.name: 'Windows 11', os.arch: 'amd64', os.version: '10.0', java.version: '21.0.1'\nDriver info: driver.version: unknown\r\n\tat org.openqa.selenium.support.ui.Select.selectByVisibleText(Select.java:153)\r\n\tat org.ciq.utils.WebDriverMethods.selectDropDownByText(WebDriverMethods.java:177)\r\n\tat org.ciq.pages.SpecialistPendingDashBoardPage.chooseLocation(SpecialistPendingDashBoardPage.java:296)\r\n\tat org.ciq.tests.specialist.SpecialistTests.specialistE2e(SpecialistTests.java:61)\r\n\tat java.base/jdk.internal.reflect.DirectMethodHandleAccessor.invoke(DirectMethodHandleAccessor.java:103)\r\n\tat java.base/java.lang.reflect.Method.invoke(Method.java:580)\r\n\tat org.testng.internal.invokers.MethodInvocationHelper.invokeMethod(MethodInvocationHelper.java:139)\r\n\tat org.testng.internal.invokers.TestInvoker.invokeMethod(TestInvoker.java:664)\r\n\tat org.testng.internal.invokers.TestInvoker.invokeTestMethod(TestInvoker.java:227)\r\n\tat org.testng.internal.invokers.MethodRunner.runInSequence(MethodRunner.java:50)\r\n\tat org.testng.internal.invokers.TestInvoker$MethodInvocationAgent.invoke(TestInvoker.java:957)\r\n\tat org.testng.internal.invokers.TestInvoker.invokeTestMethods(TestInvoker.java:200)\r\n\tat org.testng.internal.invokers.TestMethodWorker.invokeTestMethods(TestMethodWorker.java:148)\r\n\tat org.testng.internal.invokers.TestMethodWorker.run(TestMethodWorker.java:128)\r\n\tat java.base/java.util.ArrayList.forEach(ArrayList.java:1596)\r\n\tat org.testng.TestRunner.privateRun(TestRunner.java:848)\r\n\tat org.testng.TestRunner.run(TestRunner.java:621)\r\n\tat org.testng.SuiteRunner.runTest(SuiteRunner.java:443)\r\n\tat org.testng.SuiteRunner.runSequentially(SuiteRunner.java:437)\r\n\tat org.testng.SuiteRunner.privateRun(SuiteRunner.java:397)\r\n\tat org.testng.SuiteRunner.run(SuiteRunner.java:336)\r\n\tat org.testng.SuiteRunnerWorker.runSuite(SuiteRunnerWorker.java:52)\r\n\tat org.testng.SuiteRunnerWorker.run(SuiteRunnerWorker.java:95)\r\n\tat org.testng.TestNG.runSuitesSequentially(TestNG.java:1280)\r\n\tat org.testng.TestNG.runSuitesLocally(TestNG.java:1200)\r\n\tat org.testng.TestNG.runSuites(TestNG.java:1114)\r\n\tat org.testng.TestNG.run(TestNG.java:1082)\r\n\tat com.intellij.rt.testng.IDEARemoteTestNG.run(IDEARemoteTestNG.java:66)\r\n\tat com.intellij.rt.testng.RemoteTestNGStarter.main(RemoteTestNGStarter.java:109)\r\n"},"stage":"finished","steps":[{"name":"launching the browser","status":"passed","stage":"finished","steps":[],"attachments":[],"parameters":[],"start":1701012346628,"stop":1701012347905},{"name":"entering user email","status":"passed","stage":"finished","steps":[],"attachments":[],"parameters":[{"name":"emailText","value":"ciqappemail@gmail.com"}],"start":1701012350577,"stop":1701012351881},{"name":"entering password","status":"passed","stage":"finished","steps":[],"attachments":[],"parameters":[{"name":"passwordText","value":"Welcome@123"}],"start":1701012351881,"stop":1701012352002},{"name":"clicking,submit button","status":"passed","stage":"finished","steps":[],"attachments":[],"parameters":[],"start":1701012352002,"stop":1701012352106},{"name":"clicking create patient button","status":"passed","stage":"finished","steps":[],"attachments":[],"parameters":[],"start":1701012352123,"stop":1701012360072},{"name":"enter patient's first name in survey","status":"passed","stage":"finished","steps":[],"attachments":[],"parameters":[{"name":"fName","value":"Ryan"}],"start":1701012360073,"stop":1701012360732},{"name":"enter patient's last name in survey","status":"passed","stage":"finished","steps":[],"attachments":[],"parameters":[{"name":"lName","value":"Terrance"}],"start":1701012360732,"stop":1701012360831},{"name":"choose patient's sex in survey","status":"passed","stage":"finished","steps":[],"attachments":[],"parameters":[{"name":"gender","value":"Male"}],"start":1701012360831,"stop":1701012360985},{"name":"enter date of birth","status":"passed","stage":"finished","steps":[],"attachments":[],"parameters":[{"name":"dob","value":"06/08/1978"}],"start":1701012360985,"stop":1701012361121},{"name":"choose patient's location in survey","status":"broken","statusDetails":{"known":false,"muted":false,"flaky":false,"message":"Cannot locate option with text: Chicago - New User Location\nFor documentation on this error, please visit: https://www.selenium.dev/documentation/webdriver/troubleshooting/errors#no-such-element-exception\nBuild info: version: '4.15.0', revision: '1d14b5521b'\nSystem info: os.name: 'Windows 11', os.arch: 'amd64', os.version: '10.0', java.version: '21.0.1'\nDriver info: driver.version: unknown","trace":"org.openqa.selenium.NoSuchElementException: Cannot locate option with text: Chicago - New User Location\nFor documentation on this error, please visit: https://www.selenium.dev/documentation/webdriver/troubleshooting/errors#no-such-element-exception\nBuild info: version: '4.15.0', revision: '1d14b5521b'\nSystem info: os.name: 'Windows 11', os.arch: 'amd64', os.version: '10.0', java.version: '21.0.1'\nDriver info: driver.version: unknown\r\n\tat org.openqa.selenium.support.ui.Select.selectByVisibleText(Select.java:153)\r\n\tat org.ciq.utils.WebDriverMethods.selectDropDownByText(WebDriverMethods.java:177)\r\n\tat org.ciq.pages.SpecialistPendingDashBoardPage.chooseLocation(SpecialistPendingDashBoardPage.java:296)\r\n\tat org.ciq.tests.specialist.SpecialistTests.specialistE2e(SpecialistTests.java:61)\r\n\tat java.base/jdk.internal.reflect.DirectMethodHandleAccessor.invoke(DirectMethodHandleAccessor.java:103)\r\n\tat java.base/java.lang.reflect.Method.invoke(Method.java:580)\r\n\tat org.testng.internal.invokers.MethodInvocationHelper.invokeMethod(MethodInvocationHelper.java:139)\r\n\tat org.testng.internal.invokers.TestInvoker.invokeMethod(TestInvoker.java:664)\r\n\tat org.testng.internal.invokers.TestInvoker.invokeTestMethod(TestInvoker.java:227)\r\n\tat org.testng.internal.invokers.MethodRunner.runInSequence(MethodRunner.java:50)\r\n\tat org.testng.internal.invokers.TestInvoker$MethodInvocationAgent.invoke(TestInvoker.java:957)\r\n\tat org.testng.internal.invokers.TestInvoker.invokeTestMethods(TestInvoker.java:200)\r\n\tat org.testng.internal.invokers.TestMethodWorker.invokeTestMethods(TestMethodWorker.java:148)\r\n\tat org.testng.internal.invokers.TestMethodWorker.run(TestMethodWorker.java:128)\r\n\tat java.base/java.util.ArrayList.forEach(ArrayList.java:1596)\r\n\tat org.testng.TestRunner.privateRun(TestRunner.java:848)\r\n\tat org.testng.TestRunner.run(TestRunner.java:621)\r\n\tat org.testng.SuiteRunner.runTest(SuiteRunner.java:443)\r\n\tat org.testng.SuiteRunner.runSequentially(SuiteRunner.java:437)\r\n\tat org.testng.SuiteRunner.privateRun(SuiteRunner.java:397)\r\n\tat org.testng.SuiteRunner.run(SuiteRunner.java:336)\r\n\tat org.testng.SuiteRunnerWorker.runSuite(SuiteRunnerWorker.java:52)\r\n\tat org.testng.SuiteRunnerWorker.run(SuiteRunnerWorker.java:95)\r\n\tat org.testng.TestNG.runSuitesSequentially(TestNG.java:1280)\r\n\tat org.testng.TestNG.runSuitesLocally(TestNG.java:1200)\r\n\tat org.testng.TestNG.runSuites(TestNG.java:1114)\r\n\tat org.testng.TestNG.run(TestNG.java:1082)\r\n\tat com.intellij.rt.testng.IDEARemoteTestNG.run(IDEARemoteTestNG.java:66)\r\n\tat com.intellij.rt.testng.RemoteTestNGStarter.main(RemoteTestNGStarter.java:109)\r\n"},"stage":"finished","steps":[],"attachments":[],"parameters":[{"name":"location","value":"Chicago - New User Location"}],"start":1701012361121,"stop":1701012397268}],"attachments":[],"parameters":[],"start":1701012346521,"stop":1701012397269}