{"uuid":"829fabc3-1134-4893-94b4-d5e97a20a90a","historyId":"8569707fa6c1c35f12a8534c19fe3189","fullName":"org.ciq.tests.specialist.SpecialistTests.specialistE2e","labels":[{"name":"package","value":"org.ciq.tests.specialist.SpecialistTests"},{"name":"testClass","value":"org.ciq.tests.specialist.SpecialistTests"},{"name":"testMethod","value":"specialistE2e"},{"name":"parentSuite","value":"All Test Suite"},{"name":"suite","value":"All Test"},{"name":"subSuite","value":"org.ciq.tests.specialist.SpecialistTests"},{"name":"host","value":"LAPTOP-M5SGUT72"},{"name":"thread","value":"40676@LAPTOP-M5SGUT72.TestNG-test=All Test-1(47)"},{"name":"framework","value":"testng"},{"name":"language","value":"java"}],"links":[],"name":"specialistE2e","status":"broken","statusDetails":{"known":false,"muted":false,"flaky":false,"message":"Expected condition failed: waiting for presence of any elements located by By.xpath: //div[starts-with(@class,'MuiBox-root')]//ul//li//h2 (tried for 45 second(s) with 500 milliseconds interval)\nBuild info: version: '4.15.0', revision: '1d14b5521b'\nSystem info: os.name: 'Windows 11', os.arch: 'amd64', os.version: '10.0', java.version: '21.0.1'\nDriver info: org.openqa.selenium.chrome.ChromeDriver\nCapabilities {acceptInsecureCerts: false, browserName: chrome, browserVersion: 119.0.6045.160, chrome: {chromedriverVersion: 119.0.6045.105 (38c72552c5e..., userDataDir: C:\\Users\\Yamuna\\AppData\\Loc...}, fedcm:accounts: true, goog:chromeOptions: {debuggerAddress: localhost:62815}, networkConnectionEnabled: false, pageLoadStrategy: normal, platformName: windows, proxy: Proxy(), se:cdp: ws://localhost:62815/devtoo..., se:cdpVersion: 119.0.6045.160, setWindowRect: true, strictFileInteractability: false, timeouts: {implicit: 0, pageLoad: 300000, script: 30000}, unhandledPromptBehavior: dismiss and notify, webauthn:extension:credBlob: true, webauthn:extension:largeBlob: true, webauthn:extension:minPinLength: true, webauthn:extension:prf: true, webauthn:virtualAuthenticators: true}\nSession ID: a835d06d4dba6912ead4271744e9efec","trace":"org.openqa.selenium.TimeoutException: Expected condition failed: waiting for presence of any elements located by By.xpath: //div[starts-with(@class,'MuiBox-root')]//ul//li//h2 (tried for 45 second(s) with 500 milliseconds interval)\nBuild info: version: '4.15.0', revision: '1d14b5521b'\nSystem info: os.name: 'Windows 11', os.arch: 'amd64', os.version: '10.0', java.version: '21.0.1'\nDriver info: org.openqa.selenium.chrome.ChromeDriver\nCapabilities {acceptInsecureCerts: false, browserName: chrome, browserVersion: 119.0.6045.160, chrome: {chromedriverVersion: 119.0.6045.105 (38c72552c5e..., userDataDir: C:\\Users\\Yamuna\\AppData\\Loc...}, fedcm:accounts: true, goog:chromeOptions: {debuggerAddress: localhost:62815}, networkConnectionEnabled: false, pageLoadStrategy: normal, platformName: windows, proxy: Proxy(), se:cdp: ws://localhost:62815/devtoo..., se:cdpVersion: 119.0.6045.160, setWindowRect: true, strictFileInteractability: false, timeouts: {implicit: 0, pageLoad: 300000, script: 30000}, unhandledPromptBehavior: dismiss and notify, webauthn:extension:credBlob: true, webauthn:extension:largeBlob: true, webauthn:extension:minPinLength: true, webauthn:extension:prf: true, webauthn:virtualAuthenticators: true}\nSession ID: a835d06d4dba6912ead4271744e9efec\r\n\tat org.openqa.selenium.support.ui.WebDriverWait.timeoutException(WebDriverWait.java:84)\r\n\tat org.openqa.selenium.support.ui.FluentWait.until(FluentWait.java:229)\r\n\tat org.ciq.utils.WebDriverMethods.waitForElementsVisibility(WebDriverMethods.java:198)\r\n\tat org.ciq.pages.RegistryPage.validateListOfPatientEligibilities(RegistryPage.java:49)\r\n\tat org.ciq.tests.specialist.SpecialistTests.specialistE2e(SpecialistTests.java:80)\r\n\tat java.base/jdk.internal.reflect.DirectMethodHandleAccessor.invoke(DirectMethodHandleAccessor.java:103)\r\n\tat java.base/java.lang.reflect.Method.invoke(Method.java:580)\r\n\tat org.testng.internal.invokers.MethodInvocationHelper.invokeMethod(MethodInvocationHelper.java:139)\r\n\tat org.testng.internal.invokers.TestInvoker.invokeMethod(TestInvoker.java:664)\r\n\tat org.testng.internal.invokers.TestInvoker.invokeTestMethod(TestInvoker.java:227)\r\n\tat org.testng.internal.invokers.MethodRunner.runInSequence(MethodRunner.java:50)\r\n\tat org.testng.internal.invokers.TestInvoker$MethodInvocationAgent.invoke(TestInvoker.java:957)\r\n\tat org.testng.internal.invokers.TestInvoker.invokeTestMethods(TestInvoker.java:200)\r\n\tat org.testng.internal.invokers.TestMethodWorker.invokeTestMethods(TestMethodWorker.java:148)\r\n\tat org.testng.internal.invokers.TestMethodWorker.run(TestMethodWorker.java:128)\r\n\tat java.base/java.util.concurrent.ThreadPoolExecutor.runWorker(ThreadPoolExecutor.java:1144)\r\n\tat java.base/java.util.concurrent.ThreadPoolExecutor$Worker.run(ThreadPoolExecutor.java:642)\r\n\tat java.base/java.lang.Thread.run(Thread.java:1583)\r\n"},"stage":"finished","steps":[{"name":"launching the browser","status":"passed","stage":"finished","steps":[],"attachments":[],"parameters":[],"start":1701010687511,"stop":1701010688597},{"name":"entering user email","status":"passed","stage":"finished","steps":[],"attachments":[],"parameters":[{"name":"emailText","value":"ciqappemail@gmail.com"}],"start":1701010696000,"stop":1701010696121},{"name":"entering password","status":"passed","stage":"finished","steps":[],"attachments":[],"parameters":[{"name":"passwordText","value":"Welcome@123"}],"start":1701010696121,"stop":1701010696190},{"name":"clicking,submit button","status":"passed","stage":"finished","steps":[],"attachments":[],"parameters":[],"start":1701010696190,"stop":1701010696256},{"name":"clicking create patient button","status":"passed","stage":"finished","steps":[],"attachments":[],"parameters":[],"start":1701010696266,"stop":1701010703230},{"name":"enter patient's first name in survey","status":"passed","stage":"finished","steps":[],"attachments":[],"parameters":[{"name":"fName","value":"Treena"}],"start":1701010703231,"stop":1701010703994},{"name":"enter patient's last name in survey","status":"passed","stage":"finished","steps":[],"attachments":[],"parameters":[{"name":"lName","value":"Delmer"}],"start":1701010703994,"stop":1701010704158},{"name":"choose patient's sex in survey","status":"passed","stage":"finished","steps":[],"attachments":[],"parameters":[{"name":"gender","value":"Male"}],"start":1701010704158,"stop":1701010704312},{"name":"enter date of birth","status":"passed","stage":"finished","steps":[],"attachments":[],"parameters":[{"name":"dob","value":"06/08/1978"}],"start":1701010704312,"stop":1701010704485},{"name":"choose patient's location in survey","status":"passed","stage":"finished","steps":[],"attachments":[],"parameters":[{"name":"location","value":"Chicago - New User Location"}],"start":1701010704486,"stop":1701010704630},{"name":"enter patient's email in survey","status":"passed","stage":"finished","steps":[],"attachments":[],"parameters":[{"name":"email","value":"TreenaDelmer@email.com"}],"start":1701010704631,"stop":1701010704869},{"name":"enter patient's confirm email in survey","status":"passed","stage":"finished","steps":[],"attachments":[],"parameters":[{"name":"email","value":"TreenaDelmer@email.com"}],"start":1701010704871,"stop":1701010705083},{"name":"choose patient's STAT in survey","status":"passed","stage":"finished","steps":[],"attachments":[],"parameters":[{"name":"stat","value":"Yes"}],"start":1701010705083,"stop":1701010705238},{"name":"clicking next button","status":"passed","stage":"finished","steps":[],"attachments":[],"parameters":[],"start":1701010705238,"stop":1701010705365},{"name":"clicking skip & Add patient button","status":"passed","stage":"finished","steps":[],"attachments":[],"parameters":[],"start":1701010705365,"stop":1701010705429},{"name":"click on patient record in pending dashboard","status":"passed","stage":"finished","steps":[],"attachments":[],"parameters":[{"name":"patientName","value":"Treena"}],"start":1701010705429,"stop":1701010710001},{"name":"click on review patient case","status":"passed","stage":"finished","steps":[],"attachments":[],"parameters":[],"start":1701010710001,"stop":1701010710784},{"name":"scrolling down from 0 until 1200","status":"passed","stage":"finished","steps":[],"attachments":[],"parameters":[{"name":"x","value":"0"},{"name":"y","value":"1200"}],"start":1701010710784,"stop":1701010710797},{"name":"scroll up to the element and click edit button","status":"passed","stage":"finished","steps":[],"attachments":[],"parameters":[{"name":"section","value":"Medical History"}],"start":1701010710798,"stop":1701010710966},{"name":"choose cancer Bladder","status":"passed","stage":"finished","steps":[],"attachments":[],"parameters":[{"name":"type","value":"Bladder"}],"start":1701010710967,"stop":1701010711090},{"name":"enter age of diagnosis for cancer23","status":"passed","stage":"finished","steps":[],"attachments":[],"parameters":[{"name":"age","value":"23"},{"name":"typeCount","value":"1"}],"start":1701010711090,"stop":1701010711181},{"name":"click Add Add Cancer button","status":"passed","stage":"finished","steps":[],"attachments":[],"parameters":[{"name":"type","value":"Add Cancer"}],"start":1701010711181,"stop":1701010711316},{"name":"choose cancer Adrenal Gland","status":"passed","stage":"finished","steps":[],"attachments":[],"parameters":[{"name":"type","value":"Adrenal Gland"}],"start":1701010711316,"stop":1701010711478},{"name":"enter age of diagnosis for cancer34","status":"passed","stage":"finished","steps":[],"attachments":[],"parameters":[{"name":"age","value":"34"},{"name":"typeCount","value":"2"}],"start":1701010711478,"stop":1701010711619},{"name":"click on save changes","status":"passed","stage":"finished","steps":[],"attachments":[],"parameters":[],"start":1701010711619,"stop":1701010719728},{"name":"click on Testing tab","status":"passed","stage":"finished","steps":[],"attachments":[],"parameters":[{"name":"tab","value":"Testing"}],"start":1701010719728,"stop":1701010723777},{"name":"navigate to ethica portal for patient verification","status":"passed","stage":"finished","steps":[],"attachments":[],"parameters":[{"name":"url","value":"https://app.staging.canceriq.net/registry"}],"start":1701010723778,"stop":1701010753968},{"name":"click on patient record","status":"passed","stage":"finished","steps":[],"attachments":[],"parameters":[{"name":"firstName","value":"Treena"},{"name":"lastName","value":"Delmer"}],"start":1701010753969,"stop":1701010784413},{"name":"validate patient eligibilities..","status":"broken","statusDetails":{"known":false,"muted":false,"flaky":false,"message":"Expected condition failed: waiting for presence of any elements located by By.xpath: //div[starts-with(@class,'MuiBox-root')]//ul//li//h2 (tried for 45 second(s) with 500 milliseconds interval)\nBuild info: version: '4.15.0', revision: '1d14b5521b'\nSystem info: os.name: 'Windows 11', os.arch: 'amd64', os.version: '10.0', java.version: '21.0.1'\nDriver info: org.openqa.selenium.chrome.ChromeDriver\nCapabilities {acceptInsecureCerts: false, browserName: chrome, browserVersion: 119.0.6045.160, chrome: {chromedriverVersion: 119.0.6045.105 (38c72552c5e..., userDataDir: C:\\Users\\Yamuna\\AppData\\Loc...}, fedcm:accounts: true, goog:chromeOptions: {debuggerAddress: localhost:62815}, networkConnectionEnabled: false, pageLoadStrategy: normal, platformName: windows, proxy: Proxy(), se:cdp: ws://localhost:62815/devtoo..., se:cdpVersion: 119.0.6045.160, setWindowRect: true, strictFileInteractability: false, timeouts: {implicit: 0, pageLoad: 300000, script: 30000}, unhandledPromptBehavior: dismiss and notify, webauthn:extension:credBlob: true, webauthn:extension:largeBlob: true, webauthn:extension:minPinLength: true, webauthn:extension:prf: true, webauthn:virtualAuthenticators: true}\nSession ID: a835d06d4dba6912ead4271744e9efec","trace":"org.openqa.selenium.TimeoutException: Expected condition failed: waiting for presence of any elements located by By.xpath: //div[starts-with(@class,'MuiBox-root')]//ul//li//h2 (tried for 45 second(s) with 500 milliseconds interval)\nBuild info: version: '4.15.0', revision: '1d14b5521b'\nSystem info: os.name: 'Windows 11', os.arch: 'amd64', os.version: '10.0', java.version: '21.0.1'\nDriver info: org.openqa.selenium.chrome.ChromeDriver\nCapabilities {acceptInsecureCerts: false, browserName: chrome, browserVersion: 119.0.6045.160, chrome: {chromedriverVersion: 119.0.6045.105 (38c72552c5e..., userDataDir: C:\\Users\\Yamuna\\AppData\\Loc...}, fedcm:accounts: true, goog:chromeOptions: {debuggerAddress: localhost:62815}, networkConnectionEnabled: false, pageLoadStrategy: normal, platformName: windows, proxy: Proxy(), se:cdp: ws://localhost:62815/devtoo..., se:cdpVersion: 119.0.6045.160, setWindowRect: true, strictFileInteractability: false, timeouts: {implicit: 0, pageLoad: 300000, script: 30000}, unhandledPromptBehavior: dismiss and notify, webauthn:extension:credBlob: true, webauthn:extension:largeBlob: true, webauthn:extension:minPinLength: true, webauthn:extension:prf: true, webauthn:virtualAuthenticators: true}\nSession ID: a835d06d4dba6912ead4271744e9efec\r\n\tat org.openqa.selenium.support.ui.WebDriverWait.timeoutException(WebDriverWait.java:84)\r\n\tat org.openqa.selenium.support.ui.FluentWait.until(FluentWait.java:229)\r\n\tat org.ciq.utils.WebDriverMethods.waitForElementsVisibility(WebDriverMethods.java:198)\r\n\tat org.ciq.pages.RegistryPage.validateListOfPatientEligibilities(RegistryPage.java:49)\r\n\tat org.ciq.tests.specialist.SpecialistTests.specialistE2e(SpecialistTests.java:80)\r\n\tat java.base/jdk.internal.reflect.DirectMethodHandleAccessor.invoke(DirectMethodHandleAccessor.java:103)\r\n\tat java.base/java.lang.reflect.Method.invoke(Method.java:580)\r\n\tat org.testng.internal.invokers.MethodInvocationHelper.invokeMethod(MethodInvocationHelper.java:139)\r\n\tat org.testng.internal.invokers.TestInvoker.invokeMethod(TestInvoker.java:664)\r\n\tat org.testng.internal.invokers.TestInvoker.invokeTestMethod(TestInvoker.java:227)\r\n\tat org.testng.internal.invokers.MethodRunner.runInSequence(MethodRunner.java:50)\r\n\tat org.testng.internal.invokers.TestInvoker$MethodInvocationAgent.invoke(TestInvoker.java:957)\r\n\tat org.testng.internal.invokers.TestInvoker.invokeTestMethods(TestInvoker.java:200)\r\n\tat org.testng.internal.invokers.TestMethodWorker.invokeTestMethods(TestMethodWorker.java:148)\r\n\tat org.testng.internal.invokers.TestMethodWorker.run(TestMethodWorker.java:128)\r\n\tat java.base/java.util.concurrent.ThreadPoolExecutor.runWorker(ThreadPoolExecutor.java:1144)\r\n\tat java.base/java.util.concurrent.ThreadPoolExecutor$Worker.run(ThreadPoolExecutor.java:642)\r\n\tat java.base/java.lang.Thread.run(Thread.java:1583)\r\n"},"stage":"finished","steps":[],"attachments":[],"parameters":[{"name":"eligibilities","value":"GENETIC TESTING,GENETIC REFERRAL,PROSTATE SCREENING"}],"start":1701010784413,"stop":1701010830584}],"attachments":[{"name":"Page screenshot","source":"e1b64e48-a9ea-46bc-8077-63126a51a511-attachment","type":"image/png"}],"parameters":[],"start":1701010687443,"stop":1701010830773}