{"uuid":"95f9f062-2c16-4f5a-8181-3b912b4b6dcb","historyId":"de6a748c56d758fcddc5e2184d5cc73","fullName":"org.ciq.tests.specialist.SpecialistTests.validatWithTempusVendorE2E","labels":[{"name":"package","value":"org.ciq.tests.specialist.SpecialistTests"},{"name":"testClass","value":"org.ciq.tests.specialist.SpecialistTests"},{"name":"testMethod","value":"validatWithTempusVendorE2E"},{"name":"parentSuite","value":"Default Suite"},{"name":"suite","value":"CIQAutomation"},{"name":"subSuite","value":"org.ciq.tests.specialist.SpecialistTests"},{"name":"host","value":"LAPTOP-M5SGUT72"},{"name":"thread","value":"26236@LAPTOP-M5SGUT72.main(1)"},{"name":"framework","value":"testng"},{"name":"language","value":"java"}],"links":[],"name":"validatWithTempusVendorE2E","status":"broken","statusDetails":{"known":false,"muted":false,"flaky":false,"message":"Expected condition failed: waiting for element to be clickable: By.xpath: //label[text()='Bill Type?']//following::button[contains(text(),'null')] (tried for 45 second(s) with 500 milliseconds interval)\nBuild info: version: '4.15.0', revision: '1d14b5521b'\nSystem info: os.name: 'Windows 11', os.arch: 'amd64', os.version: '10.0', java.version: '21.0.1'\nDriver info: org.openqa.selenium.chrome.ChromeDriver\nCapabilities {acceptInsecureCerts: false, browserName: chrome, browserVersion: 119.0.6045.200, chrome: {chromedriverVersion: 119.0.6045.105 (38c72552c5e..., userDataDir: C:\\Users\\Yamuna\\AppData\\Loc...}, fedcm:accounts: true, goog:chromeOptions: {debuggerAddress: localhost:57059}, networkConnectionEnabled: false, pageLoadStrategy: normal, platformName: windows, proxy: Proxy(), se:cdp: ws://localhost:57059/devtoo..., se:cdpVersion: 119.0.6045.200, setWindowRect: true, strictFileInteractability: false, timeouts: {implicit: 0, pageLoad: 300000, script: 30000}, unhandledPromptBehavior: dismiss and notify, webauthn:extension:credBlob: true, webauthn:extension:largeBlob: true, webauthn:extension:minPinLength: true, webauthn:extension:prf: true, webauthn:virtualAuthenticators: true}\nSession ID: 4e8801f5d6acb9d07b8c792fade305c4","trace":"org.openqa.selenium.TimeoutException: Expected condition failed: waiting for element to be clickable: By.xpath: //label[text()='Bill Type?']//following::button[contains(text(),'null')] (tried for 45 second(s) with 500 milliseconds interval)\nBuild info: version: '4.15.0', revision: '1d14b5521b'\nSystem info: os.name: 'Windows 11', os.arch: 'amd64', os.version: '10.0', java.version: '21.0.1'\nDriver info: org.openqa.selenium.chrome.ChromeDriver\nCapabilities {acceptInsecureCerts: false, browserName: chrome, browserVersion: 119.0.6045.200, chrome: {chromedriverVersion: 119.0.6045.105 (38c72552c5e..., userDataDir: C:\\Users\\Yamuna\\AppData\\Loc...}, fedcm:accounts: true, goog:chromeOptions: {debuggerAddress: localhost:57059}, networkConnectionEnabled: false, pageLoadStrategy: normal, platformName: windows, proxy: Proxy(), se:cdp: ws://localhost:57059/devtoo..., se:cdpVersion: 119.0.6045.200, setWindowRect: true, strictFileInteractability: false, timeouts: {implicit: 0, pageLoad: 300000, script: 30000}, unhandledPromptBehavior: dismiss and notify, webauthn:extension:credBlob: true, webauthn:extension:largeBlob: true, webauthn:extension:minPinLength: true, webauthn:extension:prf: true, webauthn:virtualAuthenticators: true}\nSession ID: 4e8801f5d6acb9d07b8c792fade305c4\r\n\tat org.openqa.selenium.support.ui.WebDriverWait.timeoutException(WebDriverWait.java:84)\r\n\tat org.openqa.selenium.support.ui.FluentWait.until(FluentWait.java:229)\r\n\tat org.ciq.utils.WebDriverMethods.waitForElementTobeClickable(WebDriverMethods.java:186)\r\n\tat org.ciq.pages.SpecialistPendingDashBoardPage.selectBillType(SpecialistPendingDashBoardPage.java:668)\r\n\tat org.ciq.tests.specialist.SpecialistTests.validatWithTempusVendorE2E(SpecialistTests.java:447)\r\n\tat java.base/jdk.internal.reflect.DirectMethodHandleAccessor.invoke(DirectMethodHandleAccessor.java:103)\r\n\tat java.base/java.lang.reflect.Method.invoke(Method.java:580)\r\n\tat org.testng.internal.invokers.MethodInvocationHelper.invokeMethod(MethodInvocationHelper.java:139)\r\n\tat org.testng.internal.invokers.TestInvoker.invokeMethod(TestInvoker.java:664)\r\n\tat org.testng.internal.invokers.TestInvoker.invokeTestMethod(TestInvoker.java:227)\r\n\tat org.testng.internal.invokers.MethodRunner.runInSequence(MethodRunner.java:50)\r\n\tat org.testng.internal.invokers.TestInvoker$MethodInvocationAgent.invoke(TestInvoker.java:957)\r\n\tat org.testng.internal.invokers.TestInvoker.invokeTestMethods(TestInvoker.java:200)\r\n\tat org.testng.internal.invokers.TestMethodWorker.invokeTestMethods(TestMethodWorker.java:148)\r\n\tat org.testng.internal.invokers.TestMethodWorker.run(TestMethodWorker.java:128)\r\n\tat java.base/java.util.ArrayList.forEach(ArrayList.java:1596)\r\n\tat org.testng.TestRunner.privateRun(TestRunner.java:848)\r\n\tat org.testng.TestRunner.run(TestRunner.java:621)\r\n\tat org.testng.SuiteRunner.runTest(SuiteRunner.java:443)\r\n\tat org.testng.SuiteRunner.runSequentially(SuiteRunner.java:437)\r\n\tat org.testng.SuiteRunner.privateRun(SuiteRunner.java:397)\r\n\tat org.testng.SuiteRunner.run(SuiteRunner.java:336)\r\n\tat org.testng.SuiteRunnerWorker.runSuite(SuiteRunnerWorker.java:52)\r\n\tat org.testng.SuiteRunnerWorker.run(SuiteRunnerWorker.java:95)\r\n\tat org.testng.TestNG.runSuitesSequentially(TestNG.java:1280)\r\n\tat org.testng.TestNG.runSuitesLocally(TestNG.java:1200)\r\n\tat org.testng.TestNG.runSuites(TestNG.java:1114)\r\n\tat org.testng.TestNG.run(TestNG.java:1082)\r\n\tat com.intellij.rt.testng.IDEARemoteTestNG.run(IDEARemoteTestNG.java:66)\r\n\tat com.intellij.rt.testng.RemoteTestNGStarter.main(RemoteTestNGStarter.java:109)\r\n"},"stage":"finished","steps":[{"name":"launching the browser","status":"passed","stage":"finished","steps":[],"attachments":[],"parameters":[],"start":1701880693620,"stop":1701880695696},{"name":"entering user email","status":"passed","stage":"finished","steps":[],"attachments":[],"parameters":[{"name":"emailText","value":"ciqappemail@gmail.com"}],"start":1701880698379,"stop":1701880699276},{"name":"entering password","status":"passed","stage":"finished","steps":[],"attachments":[],"parameters":[{"name":"passwordText","value":"Welcome@123"}],"start":1701880699276,"stop":1701880699332},{"name":"clicking,submit button","status":"passed","stage":"finished","steps":[],"attachments":[],"parameters":[],"start":1701880699333,"stop":1701880699374},{"name":"clicking create patient button","status":"passed","stage":"finished","steps":[],"attachments":[],"parameters":[],"start":1701880699432,"stop":1701880704310},{"name":"enter patient's first name in survey","status":"passed","stage":"finished","steps":[],"attachments":[],"parameters":[{"name":"fName","value":"Emanuel"}],"start":1701880704310,"stop":1701880705362},{"name":"enter patient's last name in survey","status":"passed","stage":"finished","steps":[],"attachments":[],"parameters":[{"name":"lName","value":"Eugene"}],"start":1701880705362,"stop":1701880705501},{"name":"choose patient's sex in survey","status":"passed","stage":"finished","steps":[],"attachments":[],"parameters":[{"name":"gender","value":"Female"}],"start":1701880705501,"stop":1701880705742},{"name":"enter date of birth","status":"passed","stage":"finished","steps":[],"attachments":[],"parameters":[{"name":"dob","value":"06/08/1983"}],"start":1701880705742,"stop":1701880705885},{"name":"choose patient's location in survey","status":"passed","stage":"finished","steps":[],"attachments":[],"parameters":[{"name":"location","value":"Chicago - New User Location"}],"start":1701880705885,"stop":1701880712028},{"name":"enter patient's email in survey","status":"passed","stage":"finished","steps":[],"attachments":[],"parameters":[{"name":"email","value":"EmanuelEugene@email.com"}],"start":1701880712028,"stop":1701880712255},{"name":"enter patient's confirm email in survey","status":"passed","stage":"finished","steps":[],"attachments":[],"parameters":[{"name":"email","value":"EmanuelEugene@email.com"}],"start":1701880712255,"stop":1701880712441},{"name":"choose patient's STAT in survey","status":"passed","stage":"finished","steps":[],"attachments":[],"parameters":[{"name":"stat","value":"No"}],"start":1701880712441,"stop":1701880712536},{"name":"enter MRN number in create patient specialist","status":"passed","stage":"finished","steps":[],"attachments":[],"parameters":[{"name":"mrnNumber","value":""}],"start":1701880712536,"stop":1701880712634},{"name":"clicking next button","status":"passed","stage":"finished","steps":[],"attachments":[],"parameters":[],"start":1701880712634,"stop":1701880712752},{"name":"clicking skip & Add patient button","status":"passed","stage":"finished","steps":[],"attachments":[],"parameters":[],"start":1701880712752,"stop":1701880712832},{"name":"click on patient record in pending dashboard","status":"passed","stage":"finished","steps":[],"attachments":[],"parameters":[{"name":"patientName","value":"Emanuel"}],"start":1701880712832,"stop":1701880723503},{"name":"click on review patient case","status":"passed","stage":"finished","steps":[],"attachments":[],"parameters":[],"start":1701880723504,"stop":1701880724019},{"name":"navigate to ethica portal for patient verification","status":"passed","stage":"finished","steps":[],"attachments":[],"parameters":[{"name":"url","value":"https://app.staging.canceriq.net/registry"}],"start":1701880724021,"stop":1701880742049},{"name":"click on patient record","status":"passed","stage":"finished","steps":[],"attachments":[],"parameters":[{"name":"firstName","value":"Emanuel"},{"name":"lastName","value":"Eugene"}],"start":1701880742049,"stop":1701880742203},{"name":"add family member in screening results of ithaca","status":"passed","stage":"finished","steps":[],"attachments":[],"parameters":[{"name":"field","value":"Family Cancer History"},{"name":"type","value":"Maternal"}],"start":1701880742203,"stop":1701880752451},{"name":"select relationshipdetails in ithaca","status":"passed","stage":"finished","steps":[],"attachments":[],"parameters":[{"name":"relationshipName","value":"Aunt"},{"name":"cancerType","value":"Ovarian"},{"name":"age","value":"45"}],"start":1701880752451,"stop":1701880753019},{"name":"click button in ithaca","status":"passed","stage":"finished","steps":[],"attachments":[],"parameters":[{"name":"buttonName","value":"Submit"}],"start":1701880753019,"stop":1701880763223},{"name":"add family member in screening results of ithaca","status":"passed","stage":"finished","steps":[],"attachments":[],"parameters":[{"name":"field","value":"Family Cancer History"},{"name":"type","value":"Immediate"}],"start":1701880763224,"stop":1701880773527},{"name":"select relationshipdetails in ithaca","status":"passed","stage":"finished","steps":[],"attachments":[],"parameters":[{"name":"relationshipName","value":"Brother"},{"name":"cancerType","value":"Colorectal"},{"name":"age","value":"45"}],"start":1701880773527,"stop":1701880774067},{"name":"click button in ithaca","status":"passed","stage":"finished","steps":[],"attachments":[],"parameters":[{"name":"buttonName","value":"Submit"}],"start":1701880774067,"stop":1701880784161},{"name":"navigate to specialist url portal for testing tab verification","status":"passed","stage":"finished","steps":[],"attachments":[],"parameters":[{"name":"url","value":"https://specialist.staging.canceriq.net/"}],"start":1701880784164,"stop":1701880799777},{"name":"click on patient record in pending dashboard","status":"passed","stage":"finished","steps":[],"attachments":[],"parameters":[{"name":"patientName","value":"Emanuel"}],"start":1701880799777,"stop":1701880810422},{"name":"click on review patient case","status":"passed","stage":"finished","steps":[],"attachments":[],"parameters":[],"start":1701880810422,"stop":1701880811131},{"name":"click on Testing tab","status":"passed","stage":"finished","steps":[],"attachments":[],"parameters":[{"name":"tab","value":"Testing"}],"start":1701880811131,"stop":1701880811817},{"name":"validate HBOC and HCC test in testing tab","status":"passed","stage":"finished","steps":[],"attachments":[],"parameters":[{"name":"attributeName","value":"class"},{"name":"attributeValue1","value":"switch ng-valid checked"},{"name":"attributeValue2","value":"fa check-icon fa-check-circle bg-green"}],"start":1701880811817,"stop":1701880817907},{"name":"check eligibilities in primary test selection panel","status":"passed","stage":"finished","steps":[],"attachments":[],"parameters":[{"name":"field","value":"Primary"},{"name":"diagnosis","value":"HBOC"}],"start":1701880817907,"stop":1701880817933},{"name":"check eligibilities in primary test selection panel","status":"passed","stage":"finished","steps":[],"attachments":[],"parameters":[{"name":"field","value":"Secondary"},{"name":"diagnosis","value":"Lynch Syndrome"}],"start":1701880817933,"stop":1701880817976},{"name":"select vendors in testing tab","status":"passed","stage":"finished","steps":[],"attachments":[],"parameters":[{"name":"field","value":"Tempus"}],"start":1701880817976,"stop":1701880818069},{"name":"select test in testing tab","status":"passed","stage":"finished","steps":[],"attachments":[],"parameters":[{"name":"field","value":"xG+ (extended hereditary cancers) - 88 genes"}],"start":1701880818069,"stop":1701880818165},{"name":"select ordering physician in ordering physician/genetic counselor information","status":"passed","stage":"finished","steps":[],"attachments":[],"parameters":[{"name":"field","value":"Self"}],"start":1701880818165,"stop":1701880819165},{"name":"select provide signature in ordering physician/genetic counselor information","status":"passed","stage":"finished","steps":[],"attachments":[],"parameters":[],"start":1701880819165,"stop":1701880819241},{"name":"click button in ordering information popup in testing tab","status":"passed","stage":"finished","steps":[],"attachments":[],"parameters":[{"name":"field","value":"Next"}],"start":1701880819244,"stop":1701880819329},{"name":"enter Patient Mailing Address1 in demographic information","status":"passed","stage":"finished","steps":[],"attachments":[],"parameters":[{"name":"text","value":"TestArea1"}],"start":1701880819329,"stop":1701880819445},{"name":"enter Patient Mailing Address2 in demographic information","status":"passed","stage":"finished","steps":[],"attachments":[],"parameters":[{"name":"text","value":"TestArea2"}],"start":1701880819445,"stop":1701880819539},{"name":"enter patient city in demographic information","status":"passed","stage":"finished","steps":[],"attachments":[],"parameters":[{"name":"text","value":"TestCity"}],"start":1701880819539,"stop":1701880819644},{"name":"enter patient state in demographic information","status":"passed","stage":"finished","steps":[],"attachments":[],"parameters":[{"name":"text","value":"Test State"}],"start":1701880819644,"stop":1701880819747},{"name":"enter patient zip in demographic information","status":"passed","stage":"finished","steps":[],"attachments":[],"parameters":[{"name":"text","value":"TestZip"}],"start":1701880819747,"stop":1701880819845},{"name":"select patient race in demographic information","status":"passed","stage":"finished","steps":[],"attachments":[],"parameters":[{"name":"text","value":"Asian"}],"start":1701880819845,"stop":1701880820029},{"name":"select Patient Ethnicity in demographic information","status":"passed","stage":"finished","steps":[],"attachments":[],"parameters":[{"name":"field","value":"Hispanic or Latino"}],"start":1701880820029,"stop":1701880820151},{"name":"click button in ordering information popup in testing tab","status":"passed","stage":"finished","steps":[],"attachments":[],"parameters":[{"name":"field","value":"Next"}],"start":1701880820151,"stop":1701880820261},{"name":"select bill Type in billing information","status":"broken","statusDetails":{"known":false,"muted":false,"flaky":false,"message":"Expected condition failed: waiting for element to be clickable: By.xpath: //label[text()='Bill Type?']//following::button[contains(text(),'null')] (tried for 45 second(s) with 500 milliseconds interval)\nBuild info: version: '4.15.0', revision: '1d14b5521b'\nSystem info: os.name: 'Windows 11', os.arch: 'amd64', os.version: '10.0', java.version: '21.0.1'\nDriver info: org.openqa.selenium.chrome.ChromeDriver\nCapabilities {acceptInsecureCerts: false, browserName: chrome, browserVersion: 119.0.6045.200, chrome: {chromedriverVersion: 119.0.6045.105 (38c72552c5e..., userDataDir: C:\\Users\\Yamuna\\AppData\\Loc...}, fedcm:accounts: true, goog:chromeOptions: {debuggerAddress: localhost:57059}, networkConnectionEnabled: false, pageLoadStrategy: normal, platformName: windows, proxy: Proxy(), se:cdp: ws://localhost:57059/devtoo..., se:cdpVersion: 119.0.6045.200, setWindowRect: true, strictFileInteractability: false, timeouts: {implicit: 0, pageLoad: 300000, script: 30000}, unhandledPromptBehavior: dismiss and notify, webauthn:extension:credBlob: true, webauthn:extension:largeBlob: true, webauthn:extension:minPinLength: true, webauthn:extension:prf: true, webauthn:virtualAuthenticators: true}\nSession ID: 4e8801f5d6acb9d07b8c792fade305c4","trace":"org.openqa.selenium.TimeoutException: Expected condition failed: waiting for element to be clickable: By.xpath: //label[text()='Bill Type?']//following::button[contains(text(),'null')] (tried for 45 second(s) with 500 milliseconds interval)\nBuild info: version: '4.15.0', revision: '1d14b5521b'\nSystem info: os.name: 'Windows 11', os.arch: 'amd64', os.version: '10.0', java.version: '21.0.1'\nDriver info: org.openqa.selenium.chrome.ChromeDriver\nCapabilities {acceptInsecureCerts: false, browserName: chrome, browserVersion: 119.0.6045.200, chrome: {chromedriverVersion: 119.0.6045.105 (38c72552c5e..., userDataDir: C:\\Users\\Yamuna\\AppData\\Loc...}, fedcm:accounts: true, goog:chromeOptions: {debuggerAddress: localhost:57059}, networkConnectionEnabled: false, pageLoadStrategy: normal, platformName: windows, proxy: Proxy(), se:cdp: ws://localhost:57059/devtoo..., se:cdpVersion: 119.0.6045.200, setWindowRect: true, strictFileInteractability: false, timeouts: {implicit: 0, pageLoad: 300000, script: 30000}, unhandledPromptBehavior: dismiss and notify, webauthn:extension:credBlob: true, webauthn:extension:largeBlob: true, webauthn:extension:minPinLength: true, webauthn:extension:prf: true, webauthn:virtualAuthenticators: true}\nSession ID: 4e8801f5d6acb9d07b8c792fade305c4\r\n\tat org.openqa.selenium.support.ui.WebDriverWait.timeoutException(WebDriverWait.java:84)\r\n\tat org.openqa.selenium.support.ui.FluentWait.until(FluentWait.java:229)\r\n\tat org.ciq.utils.WebDriverMethods.waitForElementTobeClickable(WebDriverMethods.java:186)\r\n\tat org.ciq.pages.SpecialistPendingDashBoardPage.selectBillType(SpecialistPendingDashBoardPage.java:668)\r\n\tat org.ciq.tests.specialist.SpecialistTests.validatWithTempusVendorE2E(SpecialistTests.java:447)\r\n\tat java.base/jdk.internal.reflect.DirectMethodHandleAccessor.invoke(DirectMethodHandleAccessor.java:103)\r\n\tat java.base/java.lang.reflect.Method.invoke(Method.java:580)\r\n\tat org.testng.internal.invokers.MethodInvocationHelper.invokeMethod(MethodInvocationHelper.java:139)\r\n\tat org.testng.internal.invokers.TestInvoker.invokeMethod(TestInvoker.java:664)\r\n\tat org.testng.internal.invokers.TestInvoker.invokeTestMethod(TestInvoker.java:227)\r\n\tat org.testng.internal.invokers.MethodRunner.runInSequence(MethodRunner.java:50)\r\n\tat org.testng.internal.invokers.TestInvoker$MethodInvocationAgent.invoke(TestInvoker.java:957)\r\n\tat org.testng.internal.invokers.TestInvoker.invokeTestMethods(TestInvoker.java:200)\r\n\tat org.testng.internal.invokers.TestMethodWorker.invokeTestMethods(TestMethodWorker.java:148)\r\n\tat org.testng.internal.invokers.TestMethodWorker.run(TestMethodWorker.java:128)\r\n\tat java.base/java.util.ArrayList.forEach(ArrayList.java:1596)\r\n\tat org.testng.TestRunner.privateRun(TestRunner.java:848)\r\n\tat org.testng.TestRunner.run(TestRunner.java:621)\r\n\tat org.testng.SuiteRunner.runTest(SuiteRunner.java:443)\r\n\tat org.testng.SuiteRunner.runSequentially(SuiteRunner.java:437)\r\n\tat org.testng.SuiteRunner.privateRun(SuiteRunner.java:397)\r\n\tat org.testng.SuiteRunner.run(SuiteRunner.java:336)\r\n\tat org.testng.SuiteRunnerWorker.runSuite(SuiteRunnerWorker.java:52)\r\n\tat org.testng.SuiteRunnerWorker.run(SuiteRunnerWorker.java:95)\r\n\tat org.testng.TestNG.runSuitesSequentially(TestNG.java:1280)\r\n\tat org.testng.TestNG.runSuitesLocally(TestNG.java:1200)\r\n\tat org.testng.TestNG.runSuites(TestNG.java:1114)\r\n\tat org.testng.TestNG.run(TestNG.java:1082)\r\n\tat com.intellij.rt.testng.IDEARemoteTestNG.run(IDEARemoteTestNG.java:66)\r\n\tat com.intellij.rt.testng.RemoteTestNGStarter.main(RemoteTestNGStarter.java:109)\r\n"},"stage":"finished","steps":[],"attachments":[],"parameters":[{"name":"field","value":"null"}],"start":1701880820261,"stop":1701880866402}],"attachments":[],"parameters":[],"start":1701880692671,"stop":1701880866406}