{"uuid":"a519e750-5c11-488e-a585-233d46891ba2","historyId":"6bb9047a48cdbdcd388db677c573242a","fullName":"org.ciq.tests.specialist.SpecialistTests.email","labels":[{"name":"package","value":"org.ciq.tests.specialist.SpecialistTests"},{"name":"testClass","value":"org.ciq.tests.specialist.SpecialistTests"},{"name":"testMethod","value":"email"},{"name":"parentSuite","value":"Default Suite"},{"name":"suite","value":"CIQAutomation"},{"name":"subSuite","value":"org.ciq.tests.specialist.SpecialistTests"},{"name":"host","value":"LAPTOP-M5SGUT72"},{"name":"thread","value":"31388@LAPTOP-M5SGUT72.main(1)"},{"name":"framework","value":"testng"},{"name":"language","value":"java"}],"links":[],"name":"email","status":"broken","statusDetails":{"known":false,"muted":false,"flaky":false,"message":"element click intercepted: Element <button class=\"MuiButtonBase-root-714 MuiButton-root-687 MuiButton-contained-695 default__StyledButtonDefault-p8u2g6-0 cwQoPA MuiButton-disableElevation-698\" tabindex=\"0\" type=\"button\" data-testid=\"Button\">...</button> is not clickable at point (1020, 677). Other element would receive the click: <div class=\"MuiDialog-container MuiDialog-scrollPaper\" role=\"none presentation\" tabindex=\"-1\" style=\"opacity: 1; transition: opacity 225ms cubic-bezier(0.4, 0, 0.2, 1) 0ms;\">...</div>\n  (Session info: chrome=119.0.6045.200)\nBuild info: version: '4.15.0', revision: '1d14b5521b'\nSystem info: os.name: 'Windows 11', os.arch: 'amd64', os.version: '10.0', java.version: '21.0.1'\nDriver info: org.openqa.selenium.chrome.ChromeDriver\nCommand: [074ea40aaada9d4874c68f1db0dd63e2, clickElement {id=4D1BB355ECB07525CCBCFC1EFE5A78BF_element_7296}]\nCapabilities {acceptInsecureCerts: false, browserName: chrome, browserVersion: 119.0.6045.200, chrome: {chromedriverVersion: 119.0.6045.105 (38c72552c5e..., userDataDir: C:\\Users\\Yamuna\\AppData\\Loc...}, fedcm:accounts: true, goog:chromeOptions: {debuggerAddress: localhost:63483}, networkConnectionEnabled: false, pageLoadStrategy: normal, platformName: windows, proxy: Proxy(), se:cdp: ws://localhost:63483/devtoo..., se:cdpVersion: 119.0.6045.200, setWindowRect: true, strictFileInteractability: false, timeouts: {implicit: 0, pageLoad: 300000, script: 30000}, unhandledPromptBehavior: dismiss and notify, webauthn:extension:credBlob: true, webauthn:extension:largeBlob: true, webauthn:extension:minPinLength: true, webauthn:extension:prf: true, webauthn:virtualAuthenticators: true}\nElement: [[ChromeDriver: chrome on windows (074ea40aaada9d4874c68f1db0dd63e2)] -> xpath: //span[text()='Initiate']//ancestor::button]\nSession ID: 074ea40aaada9d4874c68f1db0dd63e2","trace":"org.openqa.selenium.ElementClickInterceptedException: element click intercepted: Element <button class=\"MuiButtonBase-root-714 MuiButton-root-687 MuiButton-contained-695 default__StyledButtonDefault-p8u2g6-0 cwQoPA MuiButton-disableElevation-698\" tabindex=\"0\" type=\"button\" data-testid=\"Button\">...</button> is not clickable at point (1020, 677). Other element would receive the click: <div class=\"MuiDialog-container MuiDialog-scrollPaper\" role=\"none presentation\" tabindex=\"-1\" style=\"opacity: 1; transition: opacity 225ms cubic-bezier(0.4, 0, 0.2, 1) 0ms;\">...</div>\n  (Session info: chrome=119.0.6045.200)\nBuild info: version: '4.15.0', revision: '1d14b5521b'\nSystem info: os.name: 'Windows 11', os.arch: 'amd64', os.version: '10.0', java.version: '21.0.1'\nDriver info: org.openqa.selenium.chrome.ChromeDriver\nCommand: [074ea40aaada9d4874c68f1db0dd63e2, clickElement {id=4D1BB355ECB07525CCBCFC1EFE5A78BF_element_7296}]\nCapabilities {acceptInsecureCerts: false, browserName: chrome, browserVersion: 119.0.6045.200, chrome: {chromedriverVersion: 119.0.6045.105 (38c72552c5e..., userDataDir: C:\\Users\\Yamuna\\AppData\\Loc...}, fedcm:accounts: true, goog:chromeOptions: {debuggerAddress: localhost:63483}, networkConnectionEnabled: false, pageLoadStrategy: normal, platformName: windows, proxy: Proxy(), se:cdp: ws://localhost:63483/devtoo..., se:cdpVersion: 119.0.6045.200, setWindowRect: true, strictFileInteractability: false, timeouts: {implicit: 0, pageLoad: 300000, script: 30000}, unhandledPromptBehavior: dismiss and notify, webauthn:extension:credBlob: true, webauthn:extension:largeBlob: true, webauthn:extension:minPinLength: true, webauthn:extension:prf: true, webauthn:virtualAuthenticators: true}\nElement: [[ChromeDriver: chrome on windows (074ea40aaada9d4874c68f1db0dd63e2)] -> xpath: //span[text()='Initiate']//ancestor::button]\nSession ID: 074ea40aaada9d4874c68f1db0dd63e2\r\n\tat java.base/jdk.internal.reflect.DirectConstructorHandleAccessor.newInstance(DirectConstructorHandleAccessor.java:62)\r\n\tat java.base/java.lang.reflect.Constructor.newInstanceWithCaller(Constructor.java:502)\r\n\tat java.base/java.lang.reflect.Constructor.newInstance(Constructor.java:486)\r\n\tat org.openqa.selenium.remote.codec.w3c.W3CHttpResponseCodec.createException(W3CHttpResponseCodec.java:200)\r\n\tat org.openqa.selenium.remote.codec.w3c.W3CHttpResponseCodec.decode(W3CHttpResponseCodec.java:133)\r\n\tat org.openqa.selenium.remote.codec.w3c.W3CHttpResponseCodec.decode(W3CHttpResponseCodec.java:52)\r\n\tat org.openqa.selenium.remote.HttpCommandExecutor.execute(HttpCommandExecutor.java:191)\r\n\tat org.openqa.selenium.remote.service.DriverCommandExecutor.invokeExecute(DriverCommandExecutor.java:200)\r\n\tat org.openqa.selenium.remote.service.DriverCommandExecutor.execute(DriverCommandExecutor.java:175)\r\n\tat org.openqa.selenium.remote.RemoteWebDriver.execute(RemoteWebDriver.java:607)\r\n\tat org.openqa.selenium.remote.RemoteWebElement.execute(RemoteWebElement.java:224)\r\n\tat org.openqa.selenium.remote.RemoteWebElement.click(RemoteWebElement.java:77)\r\n\tat org.ciq.pages.RegistryPage.clickButton(RegistryPage.java:162)\r\n\tat org.ciq.tests.specialist.SpecialistTests.email(SpecialistTests.java:411)\r\n\tat java.base/jdk.internal.reflect.DirectMethodHandleAccessor.invoke(DirectMethodHandleAccessor.java:103)\r\n\tat java.base/java.lang.reflect.Method.invoke(Method.java:580)\r\n\tat org.testng.internal.invokers.MethodInvocationHelper.invokeMethod(MethodInvocationHelper.java:139)\r\n\tat org.testng.internal.invokers.TestInvoker.invokeMethod(TestInvoker.java:664)\r\n\tat org.testng.internal.invokers.TestInvoker.invokeTestMethod(TestInvoker.java:227)\r\n\tat org.testng.internal.invokers.MethodRunner.runInSequence(MethodRunner.java:50)\r\n\tat org.testng.internal.invokers.TestInvoker$MethodInvocationAgent.invoke(TestInvoker.java:957)\r\n\tat org.testng.internal.invokers.TestInvoker.invokeTestMethods(TestInvoker.java:200)\r\n\tat org.testng.internal.invokers.TestMethodWorker.invokeTestMethods(TestMethodWorker.java:148)\r\n\tat org.testng.internal.invokers.TestMethodWorker.run(TestMethodWorker.java:128)\r\n\tat java.base/java.util.ArrayList.forEach(ArrayList.java:1596)\r\n\tat org.testng.TestRunner.privateRun(TestRunner.java:848)\r\n\tat org.testng.TestRunner.run(TestRunner.java:621)\r\n\tat org.testng.SuiteRunner.runTest(SuiteRunner.java:443)\r\n\tat org.testng.SuiteRunner.runSequentially(SuiteRunner.java:437)\r\n\tat org.testng.SuiteRunner.privateRun(SuiteRunner.java:397)\r\n\tat org.testng.SuiteRunner.run(SuiteRunner.java:336)\r\n\tat org.testng.SuiteRunnerWorker.runSuite(SuiteRunnerWorker.java:52)\r\n\tat org.testng.SuiteRunnerWorker.run(SuiteRunnerWorker.java:95)\r\n\tat org.testng.TestNG.runSuitesSequentially(TestNG.java:1280)\r\n\tat org.testng.TestNG.runSuitesLocally(TestNG.java:1200)\r\n\tat org.testng.TestNG.runSuites(TestNG.java:1114)\r\n\tat org.testng.TestNG.run(TestNG.java:1082)\r\n\tat com.intellij.rt.testng.IDEARemoteTestNG.run(IDEARemoteTestNG.java:66)\r\n\tat com.intellij.rt.testng.RemoteTestNGStarter.main(RemoteTestNGStarter.java:109)\r\n"},"stage":"finished","steps":[{"name":"launching the browser","status":"passed","stage":"finished","steps":[],"attachments":[],"parameters":[],"start":1701626911676,"stop":1701626914495},{"name":"entering user email","status":"passed","stage":"finished","steps":[],"attachments":[],"parameters":[{"name":"emailText","value":"ciqappemail@gmail.com"}],"start":1701626917694,"stop":1701626918865},{"name":"entering password","status":"passed","stage":"finished","steps":[],"attachments":[],"parameters":[{"name":"passwordText","value":"Welcome@123"}],"start":1701626918866,"stop":1701626918973},{"name":"clicking,submit button","status":"passed","stage":"finished","steps":[],"attachments":[],"parameters":[],"start":1701626918973,"stop":1701626919064},{"name":"clicking create patient button","status":"passed","stage":"finished","steps":[],"attachments":[],"parameters":[],"start":1701626919103,"stop":1701626925196},{"name":"enter patient's first name in survey","status":"passed","stage":"finished","steps":[],"attachments":[],"parameters":[{"name":"fName","value":"Yuki"}],"start":1701626925197,"stop":1701626925957},{"name":"enter patient's last name in survey","status":"passed","stage":"finished","steps":[],"attachments":[],"parameters":[{"name":"lName","value":"Monroe"}],"start":1701626925957,"stop":1701626926213},{"name":"choose patient's sex in survey","status":"passed","stage":"finished","steps":[],"attachments":[],"parameters":[{"name":"gender","value":"Male"}],"start":1701626926213,"stop":1701626926448},{"name":"enter date of birth","status":"passed","stage":"finished","steps":[],"attachments":[],"parameters":[{"name":"dob","value":"06/08/1978"}],"start":1701626926450,"stop":1701626926648},{"name":"choose patient's location in survey","status":"passed","stage":"finished","steps":[],"attachments":[],"parameters":[{"name":"location","value":"Chicago - New User Location"}],"start":1701626926649,"stop":1701626932822},{"name":"enter patient's email in survey","status":"passed","stage":"finished","steps":[],"attachments":[],"parameters":[{"name":"email","value":"YukiMonroe@email.com"}],"start":1701626932823,"stop":1701626933054},{"name":"enter patient's confirm email in survey","status":"passed","stage":"finished","steps":[],"attachments":[],"parameters":[{"name":"email","value":"YukiMonroe@email.com"}],"start":1701626933055,"stop":1701626933228},{"name":"choose patient's STAT in survey","status":"passed","stage":"finished","steps":[],"attachments":[],"parameters":[{"name":"stat","value":"Yes"}],"start":1701626933230,"stop":1701626933417},{"name":"clicking next button","status":"passed","stage":"finished","steps":[],"attachments":[],"parameters":[],"start":1701626933418,"stop":1701626933631},{"name":"clicking skip & Add patient button","status":"passed","stage":"finished","steps":[],"attachments":[],"parameters":[],"start":1701626933632,"stop":1701626933755},{"name":"navigate to ethica portal for patient verification","status":"passed","stage":"finished","steps":[],"attachments":[],"parameters":[{"name":"url","value":"https://app.staging.canceriq.net/registry"}],"start":1701626933756,"stop":1701626951808},{"name":"click on patient record","status":"passed","stage":"finished","steps":[],"attachments":[],"parameters":[{"name":"firstName","value":"Yuki"},{"name":"lastName","value":"Monroe"}],"start":1701626951808,"stop":1701626951946},{"name":"click start screening","status":"passed","stage":"finished","steps":[],"attachments":[],"parameters":[{"name":"field","value":"Start Screening"}],"start":1701626951946,"stop":1701626954645},{"name":"click online screening","status":"passed","stage":"finished","steps":[],"attachments":[],"parameters":[{"name":"field","value":"Online Screening"}],"start":1701626954661,"stop":1701626956182},{"name":"click button in ithaca","status":"passed","stage":"finished","steps":[],"attachments":[],"parameters":[{"name":"buttonName","value":"Change"}],"start":1701626956182,"stop":1701626956355},{"name":"enter patient's email in ithaca","status":"passed","stage":"finished","steps":[],"attachments":[],"parameters":[{"name":"email","value":"yjayaraman@canceriq.com"}],"start":1701626956357,"stop":1701626956558},{"name":"enter patient's confirm email in ithaca","status":"passed","stage":"finished","steps":[],"attachments":[],"parameters":[{"name":"email","value":"yjayaraman@canceriq.com"}],"start":1701626956558,"stop":1701626956750},{"name":"click button in ithaca","status":"passed","stage":"finished","steps":[],"attachments":[],"parameters":[{"name":"buttonName","value":"Save"}],"start":1701626956750,"stop":1701626956854},{"name":"click button in ithaca","status":"broken","statusDetails":{"known":false,"muted":false,"flaky":false,"message":"element click intercepted: Element <button class=\"MuiButtonBase-root-714 MuiButton-root-687 MuiButton-contained-695 default__StyledButtonDefault-p8u2g6-0 cwQoPA MuiButton-disableElevation-698\" tabindex=\"0\" type=\"button\" data-testid=\"Button\">...</button> is not clickable at point (1020, 677). Other element would receive the click: <div class=\"MuiDialog-container MuiDialog-scrollPaper\" role=\"none presentation\" tabindex=\"-1\" style=\"opacity: 1; transition: opacity 225ms cubic-bezier(0.4, 0, 0.2, 1) 0ms;\">...</div>\n  (Session info: chrome=119.0.6045.200)\nBuild info: version: '4.15.0', revision: '1d14b5521b'\nSystem info: os.name: 'Windows 11', os.arch: 'amd64', os.version: '10.0', java.version: '21.0.1'\nDriver info: org.openqa.selenium.chrome.ChromeDriver\nCommand: [074ea40aaada9d4874c68f1db0dd63e2, clickElement {id=4D1BB355ECB07525CCBCFC1EFE5A78BF_element_7296}]\nCapabilities {acceptInsecureCerts: false, browserName: chrome, browserVersion: 119.0.6045.200, chrome: {chromedriverVersion: 119.0.6045.105 (38c72552c5e..., userDataDir: C:\\Users\\Yamuna\\AppData\\Loc...}, fedcm:accounts: true, goog:chromeOptions: {debuggerAddress: localhost:63483}, networkConnectionEnabled: false, pageLoadStrategy: normal, platformName: windows, proxy: Proxy(), se:cdp: ws://localhost:63483/devtoo..., se:cdpVersion: 119.0.6045.200, setWindowRect: true, strictFileInteractability: false, timeouts: {implicit: 0, pageLoad: 300000, script: 30000}, unhandledPromptBehavior: dismiss and notify, webauthn:extension:credBlob: true, webauthn:extension:largeBlob: true, webauthn:extension:minPinLength: true, webauthn:extension:prf: true, webauthn:virtualAuthenticators: true}\nElement: [[ChromeDriver: chrome on windows (074ea40aaada9d4874c68f1db0dd63e2)] -> xpath: //span[text()='Initiate']//ancestor::button]\nSession ID: 074ea40aaada9d4874c68f1db0dd63e2","trace":"org.openqa.selenium.ElementClickInterceptedException: element click intercepted: Element <button class=\"MuiButtonBase-root-714 MuiButton-root-687 MuiButton-contained-695 default__StyledButtonDefault-p8u2g6-0 cwQoPA MuiButton-disableElevation-698\" tabindex=\"0\" type=\"button\" data-testid=\"Button\">...</button> is not clickable at point (1020, 677). Other element would receive the click: <div class=\"MuiDialog-container MuiDialog-scrollPaper\" role=\"none presentation\" tabindex=\"-1\" style=\"opacity: 1; transition: opacity 225ms cubic-bezier(0.4, 0, 0.2, 1) 0ms;\">...</div>\n  (Session info: chrome=119.0.6045.200)\nBuild info: version: '4.15.0', revision: '1d14b5521b'\nSystem info: os.name: 'Windows 11', os.arch: 'amd64', os.version: '10.0', java.version: '21.0.1'\nDriver info: org.openqa.selenium.chrome.ChromeDriver\nCommand: [074ea40aaada9d4874c68f1db0dd63e2, clickElement {id=4D1BB355ECB07525CCBCFC1EFE5A78BF_element_7296}]\nCapabilities {acceptInsecureCerts: false, browserName: chrome, browserVersion: 119.0.6045.200, chrome: {chromedriverVersion: 119.0.6045.105 (38c72552c5e..., userDataDir: C:\\Users\\Yamuna\\AppData\\Loc...}, fedcm:accounts: true, goog:chromeOptions: {debuggerAddress: localhost:63483}, networkConnectionEnabled: false, pageLoadStrategy: normal, platformName: windows, proxy: Proxy(), se:cdp: ws://localhost:63483/devtoo..., se:cdpVersion: 119.0.6045.200, setWindowRect: true, strictFileInteractability: false, timeouts: {implicit: 0, pageLoad: 300000, script: 30000}, unhandledPromptBehavior: dismiss and notify, webauthn:extension:credBlob: true, webauthn:extension:largeBlob: true, webauthn:extension:minPinLength: true, webauthn:extension:prf: true, webauthn:virtualAuthenticators: true}\nElement: [[ChromeDriver: chrome on windows (074ea40aaada9d4874c68f1db0dd63e2)] -> xpath: //span[text()='Initiate']//ancestor::button]\nSession ID: 074ea40aaada9d4874c68f1db0dd63e2\r\n\tat java.base/jdk.internal.reflect.DirectConstructorHandleAccessor.newInstance(DirectConstructorHandleAccessor.java:62)\r\n\tat java.base/java.lang.reflect.Constructor.newInstanceWithCaller(Constructor.java:502)\r\n\tat java.base/java.lang.reflect.Constructor.newInstance(Constructor.java:486)\r\n\tat org.openqa.selenium.remote.codec.w3c.W3CHttpResponseCodec.createException(W3CHttpResponseCodec.java:200)\r\n\tat org.openqa.selenium.remote.codec.w3c.W3CHttpResponseCodec.decode(W3CHttpResponseCodec.java:133)\r\n\tat org.openqa.selenium.remote.codec.w3c.W3CHttpResponseCodec.decode(W3CHttpResponseCodec.java:52)\r\n\tat org.openqa.selenium.remote.HttpCommandExecutor.execute(HttpCommandExecutor.java:191)\r\n\tat org.openqa.selenium.remote.service.DriverCommandExecutor.invokeExecute(DriverCommandExecutor.java:200)\r\n\tat org.openqa.selenium.remote.service.DriverCommandExecutor.execute(DriverCommandExecutor.java:175)\r\n\tat org.openqa.selenium.remote.RemoteWebDriver.execute(RemoteWebDriver.java:607)\r\n\tat org.openqa.selenium.remote.RemoteWebElement.execute(RemoteWebElement.java:224)\r\n\tat org.openqa.selenium.remote.RemoteWebElement.click(RemoteWebElement.java:77)\r\n\tat org.ciq.pages.RegistryPage.clickButton(RegistryPage.java:162)\r\n\tat org.ciq.tests.specialist.SpecialistTests.email(SpecialistTests.java:411)\r\n\tat java.base/jdk.internal.reflect.DirectMethodHandleAccessor.invoke(DirectMethodHandleAccessor.java:103)\r\n\tat java.base/java.lang.reflect.Method.invoke(Method.java:580)\r\n\tat org.testng.internal.invokers.MethodInvocationHelper.invokeMethod(MethodInvocationHelper.java:139)\r\n\tat org.testng.internal.invokers.TestInvoker.invokeMethod(TestInvoker.java:664)\r\n\tat org.testng.internal.invokers.TestInvoker.invokeTestMethod(TestInvoker.java:227)\r\n\tat org.testng.internal.invokers.MethodRunner.runInSequence(MethodRunner.java:50)\r\n\tat org.testng.internal.invokers.TestInvoker$MethodInvocationAgent.invoke(TestInvoker.java:957)\r\n\tat org.testng.internal.invokers.TestInvoker.invokeTestMethods(TestInvoker.java:200)\r\n\tat org.testng.internal.invokers.TestMethodWorker.invokeTestMethods(TestMethodWorker.java:148)\r\n\tat org.testng.internal.invokers.TestMethodWorker.run(TestMethodWorker.java:128)\r\n\tat java.base/java.util.ArrayList.forEach(ArrayList.java:1596)\r\n\tat org.testng.TestRunner.privateRun(TestRunner.java:848)\r\n\tat org.testng.TestRunner.run(TestRunner.java:621)\r\n\tat org.testng.SuiteRunner.runTest(SuiteRunner.java:443)\r\n\tat org.testng.SuiteRunner.runSequentially(SuiteRunner.java:437)\r\n\tat org.testng.SuiteRunner.privateRun(SuiteRunner.java:397)\r\n\tat org.testng.SuiteRunner.run(SuiteRunner.java:336)\r\n\tat org.testng.SuiteRunnerWorker.runSuite(SuiteRunnerWorker.java:52)\r\n\tat org.testng.SuiteRunnerWorker.run(SuiteRunnerWorker.java:95)\r\n\tat org.testng.TestNG.runSuitesSequentially(TestNG.java:1280)\r\n\tat org.testng.TestNG.runSuitesLocally(TestNG.java:1200)\r\n\tat org.testng.TestNG.runSuites(TestNG.java:1114)\r\n\tat org.testng.TestNG.run(TestNG.java:1082)\r\n\tat com.intellij.rt.testng.IDEARemoteTestNG.run(IDEARemoteTestNG.java:66)\r\n\tat com.intellij.rt.testng.RemoteTestNGStarter.main(RemoteTestNGStarter.java:109)\r\n"},"stage":"finished","steps":[],"attachments":[],"parameters":[{"name":"buttonName","value":"Initiate"}],"start":1701626956854,"stop":1701626958051}],"attachments":[],"parameters":[],"start":1701626910510,"stop":1701626958057}