{"uuid":"c0641c7f-2f6d-4933-a134-267ca41b8d36","historyId":"2e4c8c0e1d1c8dc395493b6b69d3796b","fullName":"org.ciq.tests.specialist.SpecialistTests.validatWithTempusVendor","labels":[{"name":"package","value":"org.ciq.tests.specialist.SpecialistTests"},{"name":"testClass","value":"org.ciq.tests.specialist.SpecialistTests"},{"name":"testMethod","value":"validatWithTempusVendor"},{"name":"parentSuite","value":"Default Suite"},{"name":"suite","value":"CIQAutomation"},{"name":"subSuite","value":"org.ciq.tests.specialist.SpecialistTests"},{"name":"host","value":"LAPTOP-M5SGUT72"},{"name":"thread","value":"2368@LAPTOP-M5SGUT72.main(1)"},{"name":"framework","value":"testng"},{"name":"language","value":"java"}],"links":[],"name":"validatWithTempusVendor","status":"failed","statusDetails":{"known":false,"muted":false,"flaky":false,"message":"expected [null] but found [Tempus xG+ (extended hereditary cancers) - 88 genes]","trace":"java.lang.AssertionError: expected [null] but found [Tempus xG+ (extended hereditary cancers) - 88 genes]\r\n\tat org.testng.Assert.fail(Assert.java:111)\r\n\tat org.testng.Assert.failNotEquals(Assert.java:1578)\r\n\tat org.testng.Assert.assertEqualsImpl(Assert.java:150)\r\n\tat org.testng.Assert.assertEquals(Assert.java:132)\r\n\tat org.testng.Assert.assertEquals(Assert.java:656)\r\n\tat org.testng.Assert.assertEquals(Assert.java:666)\r\n\tat org.ciq.pages.SpecialistPendingDashBoardPage.checkTestResultPanel(SpecialistPendingDashBoardPage.java:297)\r\n\tat org.ciq.tests.specialist.SpecialistTests.validatWithTempusVendor(SpecialistTests.java:373)\r\n\tat java.base/jdk.internal.reflect.DirectMethodHandleAccessor.invoke(DirectMethodHandleAccessor.java:103)\r\n\tat java.base/java.lang.reflect.Method.invoke(Method.java:580)\r\n\tat org.testng.internal.invokers.MethodInvocationHelper.invokeMethod(MethodInvocationHelper.java:139)\r\n\tat org.testng.internal.invokers.TestInvoker.invokeMethod(TestInvoker.java:664)\r\n\tat org.testng.internal.invokers.TestInvoker.invokeTestMethod(TestInvoker.java:227)\r\n\tat org.testng.internal.invokers.MethodRunner.runInSequence(MethodRunner.java:50)\r\n\tat org.testng.internal.invokers.TestInvoker$MethodInvocationAgent.invoke(TestInvoker.java:957)\r\n\tat org.testng.internal.invokers.TestInvoker.invokeTestMethods(TestInvoker.java:200)\r\n\tat org.testng.internal.invokers.TestMethodWorker.invokeTestMethods(TestMethodWorker.java:148)\r\n\tat org.testng.internal.invokers.TestMethodWorker.run(TestMethodWorker.java:128)\r\n\tat java.base/java.util.ArrayList.forEach(ArrayList.java:1596)\r\n\tat org.testng.TestRunner.privateRun(TestRunner.java:848)\r\n\tat org.testng.TestRunner.run(TestRunner.java:621)\r\n\tat org.testng.SuiteRunner.runTest(SuiteRunner.java:443)\r\n\tat org.testng.SuiteRunner.runSequentially(SuiteRunner.java:437)\r\n\tat org.testng.SuiteRunner.privateRun(SuiteRunner.java:397)\r\n\tat org.testng.SuiteRunner.run(SuiteRunner.java:336)\r\n\tat org.testng.SuiteRunnerWorker.runSuite(SuiteRunnerWorker.java:52)\r\n\tat org.testng.SuiteRunnerWorker.run(SuiteRunnerWorker.java:95)\r\n\tat org.testng.TestNG.runSuitesSequentially(TestNG.java:1280)\r\n\tat org.testng.TestNG.runSuitesLocally(TestNG.java:1200)\r\n\tat org.testng.TestNG.runSuites(TestNG.java:1114)\r\n\tat org.testng.TestNG.run(TestNG.java:1082)\r\n\tat com.intellij.rt.testng.IDEARemoteTestNG.run(IDEARemoteTestNG.java:66)\r\n\tat com.intellij.rt.testng.RemoteTestNGStarter.main(RemoteTestNGStarter.java:109)\r\n"},"stage":"finished","steps":[{"name":"launching the browser","status":"passed","stage":"finished","steps":[],"attachments":[],"parameters":[],"start":1701876288141,"stop":1701876291866},{"name":"entering user email","status":"passed","stage":"finished","steps":[],"attachments":[],"parameters":[{"name":"emailText","value":"ciqappemail@gmail.com"}],"start":1701876295994,"stop":1701876297043},{"name":"entering password","status":"passed","stage":"finished","steps":[],"attachments":[],"parameters":[{"name":"passwordText","value":"Welcome@123"}],"start":1701876297043,"stop":1701876297114},{"name":"clicking,submit button","status":"passed","stage":"finished","steps":[],"attachments":[],"parameters":[],"start":1701876297126,"stop":1701876297173},{"name":"clicking create patient button","status":"passed","stage":"finished","steps":[],"attachments":[],"parameters":[],"start":1701876297264,"stop":1701876301896},{"name":"enter patient's first name in survey","status":"passed","stage":"finished","steps":[],"attachments":[],"parameters":[{"name":"fName","value":"Elwood"}],"start":1701876301896,"stop":1701876303181},{"name":"enter patient's last name in survey","status":"passed","stage":"finished","steps":[],"attachments":[],"parameters":[{"name":"lName","value":"Stephanie"}],"start":1701876303181,"stop":1701876303302},{"name":"choose patient's sex in survey","status":"passed","stage":"finished","steps":[],"attachments":[],"parameters":[{"name":"gender","value":"Female"}],"start":1701876303302,"stop":1701876303498},{"name":"enter date of birth","status":"passed","stage":"finished","steps":[],"attachments":[],"parameters":[{"name":"dob","value":"06/08/1983"}],"start":1701876303498,"stop":1701876303646},{"name":"choose patient's location in survey","status":"passed","stage":"finished","steps":[],"attachments":[],"parameters":[{"name":"location","value":"Chicago - New User Location"}],"start":1701876303646,"stop":1701876309868},{"name":"enter patient's email in survey","status":"passed","stage":"finished","steps":[],"attachments":[],"parameters":[{"name":"email","value":"ElwoodStephanie@email.com"}],"start":1701876309868,"stop":1701876310028},{"name":"enter patient's confirm email in survey","status":"passed","stage":"finished","steps":[],"attachments":[],"parameters":[{"name":"email","value":"ElwoodStephanie@email.com"}],"start":1701876310028,"stop":1701876310184},{"name":"choose patient's STAT in survey","status":"passed","stage":"finished","steps":[],"attachments":[],"parameters":[{"name":"stat","value":"No"}],"start":1701876310184,"stop":1701876310285},{"name":"enter MRN number in create patient specialist","status":"passed","stage":"finished","steps":[],"attachments":[],"parameters":[{"name":"mrnNumber","value":""}],"start":1701876310286,"stop":1701876310364},{"name":"clicking next button","status":"passed","stage":"finished","steps":[],"attachments":[],"parameters":[],"start":1701876310364,"stop":1701876310483},{"name":"clicking skip & Add patient button","status":"passed","stage":"finished","steps":[],"attachments":[],"parameters":[],"start":1701876310483,"stop":1701876310556},{"name":"click on patient record in pending dashboard","status":"passed","stage":"finished","steps":[],"attachments":[],"parameters":[{"name":"patientName","value":"Elwood"}],"start":1701876310556,"stop":1701876321239},{"name":"click on review patient case","status":"passed","stage":"finished","steps":[],"attachments":[],"parameters":[],"start":1701876321239,"stop":1701876321863},{"name":"navigate to ethica portal for patient verification","status":"passed","stage":"finished","steps":[],"attachments":[],"parameters":[{"name":"url","value":"https://app.staging.canceriq.net/registry"}],"start":1701876321863,"stop":1701876339908},{"name":"click on patient record","status":"passed","stage":"finished","steps":[],"attachments":[],"parameters":[{"name":"firstName","value":"Elwood"},{"name":"lastName","value":"Stephanie"}],"start":1701876339908,"stop":1701876340059},{"name":"add family member in screening results of ithaca","status":"passed","stage":"finished","steps":[],"attachments":[],"parameters":[{"name":"field","value":"Family Cancer History"},{"name":"type","value":"Maternal"}],"start":1701876340059,"stop":1701876350429},{"name":"select relationshipdetails in ithaca","status":"passed","stage":"finished","steps":[],"attachments":[],"parameters":[{"name":"relationshipName","value":"Aunt"},{"name":"cancerType","value":"Ovarian"},{"name":"age","value":"45"}],"start":1701876350430,"stop":1701876350942},{"name":"click button in ithaca","status":"passed","stage":"finished","steps":[],"attachments":[],"parameters":[{"name":"buttonName","value":"Submit"}],"start":1701876350942,"stop":1701876361108},{"name":"add family member in screening results of ithaca","status":"passed","stage":"finished","steps":[],"attachments":[],"parameters":[{"name":"field","value":"Family Cancer History"},{"name":"type","value":"Immediate"}],"start":1701876361108,"stop":1701876371381},{"name":"select relationshipdetails in ithaca","status":"passed","stage":"finished","steps":[],"attachments":[],"parameters":[{"name":"relationshipName","value":"Brother"},{"name":"cancerType","value":"Colorectal"},{"name":"age","value":"45"}],"start":1701876371381,"stop":1701876371873},{"name":"click button in ithaca","status":"passed","stage":"finished","steps":[],"attachments":[],"parameters":[{"name":"buttonName","value":"Submit"}],"start":1701876371873,"stop":1701876381998},{"name":"navigate to specialist url portal for testing tab verification","status":"passed","stage":"finished","steps":[],"attachments":[],"parameters":[{"name":"url","value":"https://specialist.staging.canceriq.net/"}],"start":1701876381999,"stop":1701876397551},{"name":"click on patient record in pending dashboard","status":"passed","stage":"finished","steps":[],"attachments":[],"parameters":[{"name":"patientName","value":"Elwood"}],"start":1701876397551,"stop":1701876408137},{"name":"click on review patient case","status":"passed","stage":"finished","steps":[],"attachments":[],"parameters":[],"start":1701876408138,"stop":1701876408824},{"name":"click on Testing tab","status":"passed","stage":"finished","steps":[],"attachments":[],"parameters":[{"name":"tab","value":"Testing"}],"start":1701876408824,"stop":1701876409400},{"name":"validate HBOC and HCC test in testing tab","status":"passed","stage":"finished","steps":[],"attachments":[],"parameters":[{"name":"attributeName","value":"class"},{"name":"attributeValue1","value":"switch ng-valid checked"},{"name":"attributeValue2","value":"fa check-icon fa-check-circle bg-green"}],"start":1701876409401,"stop":1701876415578},{"name":"check eligibilities in primary test selection panel","status":"passed","stage":"finished","steps":[],"attachments":[],"parameters":[{"name":"field","value":"Primary"},{"name":"diagnosis","value":"HBOC"}],"start":1701876415578,"stop":1701876415672},{"name":"check eligibilities in primary test selection panel","status":"passed","stage":"finished","steps":[],"attachments":[],"parameters":[{"name":"field","value":"Secondary"},{"name":"diagnosis","value":"Lynch Syndrome"}],"start":1701876415672,"stop":1701876415767},{"name":"select vendors in testing tab","status":"passed","stage":"finished","steps":[],"attachments":[],"parameters":[{"name":"field","value":"Tempus"}],"start":1701876415782,"stop":1701876415876},{"name":"select test in testing tab","status":"passed","stage":"finished","steps":[],"attachments":[],"parameters":[{"name":"field","value":"xG+ (extended hereditary cancers) - 88 genes"}],"start":1701876415876,"stop":1701876415959},{"name":"click button in ordering information popup in testing tab","status":"passed","stage":"finished","steps":[],"attachments":[],"parameters":[{"name":"field","value":"Next"}],"start":1701876415959,"stop":1701876416791},{"name":"click button in ordering information popup in testing tab","status":"passed","stage":"finished","steps":[],"attachments":[],"parameters":[{"name":"field","value":"Next"}],"start":1701876416791,"stop":1701876416874},{"name":"click button in ordering information popup in testing tab","status":"passed","stage":"finished","steps":[],"attachments":[],"parameters":[{"name":"field","value":"Next"}],"start":1701876416874,"stop":1701876416991},{"name":"select sample type in specimen retrieval","status":"passed","stage":"finished","steps":[],"attachments":[],"parameters":[{"name":"field","value":"Blood"}],"start":1701876416991,"stop":1701876417105},{"name":"click button in ordering information popup in testing tab","status":"passed","stage":"finished","steps":[],"attachments":[],"parameters":[{"name":"field","value":"Next"}],"start":1701876417106,"stop":1701876417181},{"name":"select ICD-10 Primary Diagnosis Codes in clinical history","status":"passed","stage":"finished","steps":[],"attachments":[],"parameters":[{"name":"option","value":"Z80.3 Family history of malignant neoplasm of breast"}],"start":1701876417182,"stop":1701876417383},{"name":"click button in ordering information popup in testing tab","status":"passed","stage":"finished","steps":[],"attachments":[],"parameters":[{"name":"field","value":"Next"}],"start":1701876417383,"stop":1701876417474},{"name":"click button in ordering information popup in testing tab","status":"passed","stage":"finished","steps":[],"attachments":[],"parameters":[{"name":"field","value":"Next"}],"start":1701876417474,"stop":1701876417568},{"name":"click button in ordering information popup in testing tab","status":"passed","stage":"finished","steps":[],"attachments":[],"parameters":[{"name":"field","value":"Next"}],"start":1701876417568,"stop":1701876417671},{"name":"click button in ordering information popup in testing tab","status":"passed","stage":"finished","steps":[],"attachments":[],"parameters":[{"name":"field","value":"Print"}],"start":1701876417671,"stop":1701876417725},{"name":"check test result panel","status":"failed","statusDetails":{"known":false,"muted":false,"flaky":false,"message":"expected [null] but found [Tempus xG+ (extended hereditary cancers) - 88 genes]","trace":"java.lang.AssertionError: expected [null] but found [Tempus xG+ (extended hereditary cancers) - 88 genes]\r\n\tat org.testng.Assert.fail(Assert.java:111)\r\n\tat org.testng.Assert.failNotEquals(Assert.java:1578)\r\n\tat org.testng.Assert.assertEqualsImpl(Assert.java:150)\r\n\tat org.testng.Assert.assertEquals(Assert.java:132)\r\n\tat org.testng.Assert.assertEquals(Assert.java:656)\r\n\tat org.testng.Assert.assertEquals(Assert.java:666)\r\n\tat org.ciq.pages.SpecialistPendingDashBoardPage.checkTestResultPanel(SpecialistPendingDashBoardPage.java:297)\r\n\tat org.ciq.tests.specialist.SpecialistTests.validatWithTempusVendor(SpecialistTests.java:373)\r\n\tat java.base/jdk.internal.reflect.DirectMethodHandleAccessor.invoke(DirectMethodHandleAccessor.java:103)\r\n\tat java.base/java.lang.reflect.Method.invoke(Method.java:580)\r\n\tat org.testng.internal.invokers.MethodInvocationHelper.invokeMethod(MethodInvocationHelper.java:139)\r\n\tat org.testng.internal.invokers.TestInvoker.invokeMethod(TestInvoker.java:664)\r\n\tat org.testng.internal.invokers.TestInvoker.invokeTestMethod(TestInvoker.java:227)\r\n\tat org.testng.internal.invokers.MethodRunner.runInSequence(MethodRunner.java:50)\r\n\tat org.testng.internal.invokers.TestInvoker$MethodInvocationAgent.invoke(TestInvoker.java:957)\r\n\tat org.testng.internal.invokers.TestInvoker.invokeTestMethods(TestInvoker.java:200)\r\n\tat org.testng.internal.invokers.TestMethodWorker.invokeTestMethods(TestMethodWorker.java:148)\r\n\tat org.testng.internal.invokers.TestMethodWorker.run(TestMethodWorker.java:128)\r\n\tat java.base/java.util.ArrayList.forEach(ArrayList.java:1596)\r\n\tat org.testng.TestRunner.privateRun(TestRunner.java:848)\r\n\tat org.testng.TestRunner.run(TestRunner.java:621)\r\n\tat org.testng.SuiteRunner.runTest(SuiteRunner.java:443)\r\n\tat org.testng.SuiteRunner.runSequentially(SuiteRunner.java:437)\r\n\tat org.testng.SuiteRunner.privateRun(SuiteRunner.java:397)\r\n\tat org.testng.SuiteRunner.run(SuiteRunner.java:336)\r\n\tat org.testng.SuiteRunnerWorker.runSuite(SuiteRunnerWorker.java:52)\r\n\tat org.testng.SuiteRunnerWorker.run(SuiteRunnerWorker.java:95)\r\n\tat org.testng.TestNG.runSuitesSequentially(TestNG.java:1280)\r\n\tat org.testng.TestNG.runSuitesLocally(TestNG.java:1200)\r\n\tat org.testng.TestNG.runSuites(TestNG.java:1114)\r\n\tat org.testng.TestNG.run(TestNG.java:1082)\r\n\tat com.intellij.rt.testng.IDEARemoteTestNG.run(IDEARemoteTestNG.java:66)\r\n\tat com.intellij.rt.testng.RemoteTestNGStarter.main(RemoteTestNGStarter.java:109)\r\n"},"stage":"finished","steps":[],"attachments":[],"parameters":[{"name":"testName","value":"null"}],"start":1701876417725,"stop":1701876424306}],"attachments":[],"parameters":[],"start":1701876287209,"stop":1701876424320}