{"uuid":"e9c04bb6-3048-488b-ae95-837a3a6c0297","historyId":"d5812a90b0f4ff26b9db9d9690a3de64","fullName":"org.ciq.tests.specialist.SpecialistTests.specialistCarePlanCheck","labels":[{"name":"package","value":"org.ciq.tests.specialist.SpecialistTests"},{"name":"testClass","value":"org.ciq.tests.specialist.SpecialistTests"},{"name":"testMethod","value":"specialistCarePlanCheck"},{"name":"parentSuite","value":"All Test Suite"},{"name":"suite","value":"All Test"},{"name":"subSuite","value":"org.ciq.tests.specialist.SpecialistTests"},{"name":"host","value":"LAPTOP-M5SGUT72"},{"name":"thread","value":"29336@LAPTOP-M5SGUT72.TestNG-test=All Test-1(50)"},{"name":"framework","value":"testng"},{"name":"language","value":"java"}],"links":[],"name":"specialistCarePlanCheck","status":"broken","statusDetails":{"known":false,"muted":false,"flaky":false,"message":"Cannot locate option with text: Chicago - New User Location\nFor documentation on this error, please visit: https://www.selenium.dev/documentation/webdriver/troubleshooting/errors#no-such-element-exception\nBuild info: version: '4.15.0', revision: '1d14b5521b'\nSystem info: os.name: 'Windows 11', os.arch: 'amd64', os.version: '10.0', java.version: '21.0.1'\nDriver info: driver.version: unknown","trace":"org.openqa.selenium.NoSuchElementException: Cannot locate option with text: Chicago - New User Location\nFor documentation on this error, please visit: https://www.selenium.dev/documentation/webdriver/troubleshooting/errors#no-such-element-exception\nBuild info: version: '4.15.0', revision: '1d14b5521b'\nSystem info: os.name: 'Windows 11', os.arch: 'amd64', os.version: '10.0', java.version: '21.0.1'\nDriver info: driver.version: unknown\r\n\tat org.openqa.selenium.support.ui.Select.selectByVisibleText(Select.java:153)\r\n\tat org.ciq.utils.WebDriverMethods.selectDropDownByText(WebDriverMethods.java:177)\r\n\tat org.ciq.pages.SpecialistPendingDashBoardPage.chooseLocation(SpecialistPendingDashBoardPage.java:296)\r\n\tat org.ciq.tests.specialist.SpecialistTests.specialistCarePlanCheck(SpecialistTests.java:103)\r\n\tat java.base/jdk.internal.reflect.DirectMethodHandleAccessor.invoke(DirectMethodHandleAccessor.java:103)\r\n\tat java.base/java.lang.reflect.Method.invoke(Method.java:580)\r\n\tat org.testng.internal.invokers.MethodInvocationHelper.invokeMethod(MethodInvocationHelper.java:139)\r\n\tat org.testng.internal.invokers.TestInvoker.invokeMethod(TestInvoker.java:664)\r\n\tat org.testng.internal.invokers.TestInvoker.invokeTestMethod(TestInvoker.java:227)\r\n\tat org.testng.internal.invokers.MethodRunner.runInSequence(MethodRunner.java:50)\r\n\tat org.testng.internal.invokers.TestInvoker$MethodInvocationAgent.invoke(TestInvoker.java:957)\r\n\tat org.testng.internal.invokers.TestInvoker.invokeTestMethods(TestInvoker.java:200)\r\n\tat org.testng.internal.invokers.TestMethodWorker.invokeTestMethods(TestMethodWorker.java:148)\r\n\tat org.testng.internal.invokers.TestMethodWorker.run(TestMethodWorker.java:128)\r\n\tat java.base/java.util.concurrent.ThreadPoolExecutor.runWorker(ThreadPoolExecutor.java:1144)\r\n\tat java.base/java.util.concurrent.ThreadPoolExecutor$Worker.run(ThreadPoolExecutor.java:642)\r\n\tat java.base/java.lang.Thread.run(Thread.java:1583)\r\n"},"stage":"finished","steps":[{"name":"launching the browser","status":"passed","stage":"finished","steps":[],"attachments":[],"parameters":[],"start":1701009776624,"stop":1701009777739},{"name":"entering user email","status":"passed","stage":"finished","steps":[],"attachments":[],"parameters":[{"name":"emailText","value":"ciqappemail@gmail.com"}],"start":1701009781874,"stop":1701009783055},{"name":"entering password","status":"passed","stage":"finished","steps":[],"attachments":[],"parameters":[{"name":"passwordText","value":"Welcome@123"}],"start":1701009783055,"stop":1701009783111},{"name":"clicking,submit button","status":"passed","stage":"finished","steps":[],"attachments":[],"parameters":[],"start":1701009783111,"stop":1701009783152},{"name":"clicking create patient button","status":"passed","stage":"finished","steps":[],"attachments":[],"parameters":[],"start":1701009783174,"stop":1701009790418},{"name":"enter patient's first name in survey","status":"passed","stage":"finished","steps":[],"attachments":[],"parameters":[{"name":"fName","value":"Mardell"}],"start":1701009790418,"stop":1701009791160},{"name":"enter patient's last name in survey","status":"passed","stage":"finished","steps":[],"attachments":[],"parameters":[{"name":"lName","value":"Johnny"}],"start":1701009791160,"stop":1701009791302},{"name":"choose patient's sex in survey","status":"passed","stage":"finished","steps":[],"attachments":[],"parameters":[{"name":"gender","value":"Female"}],"start":1701009791302,"stop":1701009791467},{"name":"enter date of birth","status":"passed","stage":"finished","steps":[],"attachments":[],"parameters":[{"name":"dob","value":"06/08/1978"}],"start":1701009791467,"stop":1701009791637},{"name":"choose patient's location in survey","status":"broken","statusDetails":{"known":false,"muted":false,"flaky":false,"message":"Cannot locate option with text: Chicago - New User Location\nFor documentation on this error, please visit: https://www.selenium.dev/documentation/webdriver/troubleshooting/errors#no-such-element-exception\nBuild info: version: '4.15.0', revision: '1d14b5521b'\nSystem info: os.name: 'Windows 11', os.arch: 'amd64', os.version: '10.0', java.version: '21.0.1'\nDriver info: driver.version: unknown","trace":"org.openqa.selenium.NoSuchElementException: Cannot locate option with text: Chicago - New User Location\nFor documentation on this error, please visit: https://www.selenium.dev/documentation/webdriver/troubleshooting/errors#no-such-element-exception\nBuild info: version: '4.15.0', revision: '1d14b5521b'\nSystem info: os.name: 'Windows 11', os.arch: 'amd64', os.version: '10.0', java.version: '21.0.1'\nDriver info: driver.version: unknown\r\n\tat org.openqa.selenium.support.ui.Select.selectByVisibleText(Select.java:153)\r\n\tat org.ciq.utils.WebDriverMethods.selectDropDownByText(WebDriverMethods.java:177)\r\n\tat org.ciq.pages.SpecialistPendingDashBoardPage.chooseLocation(SpecialistPendingDashBoardPage.java:296)\r\n\tat org.ciq.tests.specialist.SpecialistTests.specialistCarePlanCheck(SpecialistTests.java:103)\r\n\tat java.base/jdk.internal.reflect.DirectMethodHandleAccessor.invoke(DirectMethodHandleAccessor.java:103)\r\n\tat java.base/java.lang.reflect.Method.invoke(Method.java:580)\r\n\tat org.testng.internal.invokers.MethodInvocationHelper.invokeMethod(MethodInvocationHelper.java:139)\r\n\tat org.testng.internal.invokers.TestInvoker.invokeMethod(TestInvoker.java:664)\r\n\tat org.testng.internal.invokers.TestInvoker.invokeTestMethod(TestInvoker.java:227)\r\n\tat org.testng.internal.invokers.MethodRunner.runInSequence(MethodRunner.java:50)\r\n\tat org.testng.internal.invokers.TestInvoker$MethodInvocationAgent.invoke(TestInvoker.java:957)\r\n\tat org.testng.internal.invokers.TestInvoker.invokeTestMethods(TestInvoker.java:200)\r\n\tat org.testng.internal.invokers.TestMethodWorker.invokeTestMethods(TestMethodWorker.java:148)\r\n\tat org.testng.internal.invokers.TestMethodWorker.run(TestMethodWorker.java:128)\r\n\tat java.base/java.util.concurrent.ThreadPoolExecutor.runWorker(ThreadPoolExecutor.java:1144)\r\n\tat java.base/java.util.concurrent.ThreadPoolExecutor$Worker.run(ThreadPoolExecutor.java:642)\r\n\tat java.base/java.lang.Thread.run(Thread.java:1583)\r\n"},"stage":"finished","steps":[],"attachments":[],"parameters":[{"name":"location","value":"Chicago - New User Location"}],"start":1701009791638,"stop":1701009821738}],"attachments":[{"name":"Page screenshot","source":"17a3f939-44d1-4fd9-9a5d-82dd35ccc61c-attachment","type":"image/png"}],"parameters":[],"start":1701009776499,"stop":1701009821976}