{"uuid":"f2cfd40f-d485-408f-b3d1-fa5db22bbc5c","historyId":"8569707fa6c1c35f12a8534c19fe3189","fullName":"org.ciq.tests.specialist.SpecialistTests.specialistE2e","labels":[{"name":"package","value":"org.ciq.tests.specialist.SpecialistTests"},{"name":"testClass","value":"org.ciq.tests.specialist.SpecialistTests"},{"name":"testMethod","value":"specialistE2e"},{"name":"parentSuite","value":"All Test Suite"},{"name":"suite","value":"All Test"},{"name":"subSuite","value":"org.ciq.tests.specialist.SpecialistTests"},{"name":"host","value":"LAPTOP-M5SGUT72"},{"name":"thread","value":"29604@LAPTOP-M5SGUT72.TestNG-test=All Test-2(47)"},{"name":"framework","value":"testng"},{"name":"language","value":"java"}],"links":[],"name":"specialistE2e","status":"broken","statusDetails":{"known":false,"muted":false,"flaky":false,"message":"Cannot locate option with text: Chicago - New User Location\nFor documentation on this error, please visit: https://www.selenium.dev/documentation/webdriver/troubleshooting/errors#no-such-element-exception\nBuild info: version: '4.15.0', revision: '1d14b5521b'\nSystem info: os.name: 'Windows 11', os.arch: 'amd64', os.version: '10.0', java.version: '21.0.1'\nDriver info: driver.version: unknown","trace":"org.openqa.selenium.NoSuchElementException: Cannot locate option with text: Chicago - New User Location\nFor documentation on this error, please visit: https://www.selenium.dev/documentation/webdriver/troubleshooting/errors#no-such-element-exception\nBuild info: version: '4.15.0', revision: '1d14b5521b'\nSystem info: os.name: 'Windows 11', os.arch: 'amd64', os.version: '10.0', java.version: '21.0.1'\nDriver info: driver.version: unknown\r\n\tat org.openqa.selenium.support.ui.Select.selectByVisibleText(Select.java:153)\r\n\tat org.ciq.utils.WebDriverMethods.selectDropDownByText(WebDriverMethods.java:177)\r\n\tat org.ciq.pages.SpecialistPendingDashBoardPage.chooseLocation(SpecialistPendingDashBoardPage.java:296)\r\n\tat org.ciq.tests.specialist.SpecialistTests.specialistE2e(SpecialistTests.java:61)\r\n\tat java.base/jdk.internal.reflect.DirectMethodHandleAccessor.invoke(DirectMethodHandleAccessor.java:103)\r\n\tat java.base/java.lang.reflect.Method.invoke(Method.java:580)\r\n\tat org.testng.internal.invokers.MethodInvocationHelper.invokeMethod(MethodInvocationHelper.java:139)\r\n\tat org.testng.internal.invokers.TestInvoker.invokeMethod(TestInvoker.java:664)\r\n\tat org.testng.internal.invokers.TestInvoker.invokeTestMethod(TestInvoker.java:227)\r\n\tat org.testng.internal.invokers.MethodRunner.runInSequence(MethodRunner.java:50)\r\n\tat org.testng.internal.invokers.TestInvoker$MethodInvocationAgent.invoke(TestInvoker.java:957)\r\n\tat org.testng.internal.invokers.TestInvoker.invokeTestMethods(TestInvoker.java:200)\r\n\tat org.testng.internal.invokers.TestMethodWorker.invokeTestMethods(TestMethodWorker.java:148)\r\n\tat org.testng.internal.invokers.TestMethodWorker.run(TestMethodWorker.java:128)\r\n\tat java.base/java.util.concurrent.ThreadPoolExecutor.runWorker(ThreadPoolExecutor.java:1144)\r\n\tat java.base/java.util.concurrent.ThreadPoolExecutor$Worker.run(ThreadPoolExecutor.java:642)\r\n\tat java.base/java.lang.Thread.run(Thread.java:1583)\r\n"},"stage":"finished","steps":[{"name":"launching the browser","status":"passed","stage":"finished","steps":[],"attachments":[],"parameters":[],"start":1701011917487,"stop":1701011918631},{"name":"entering user email","status":"passed","stage":"finished","steps":[],"attachments":[],"parameters":[{"name":"emailText","value":"ciqappemail@gmail.com"}],"start":1701011920848,"stop":1701011921418},{"name":"entering password","status":"passed","stage":"finished","steps":[],"attachments":[],"parameters":[{"name":"passwordText","value":"Welcome@123"}],"start":1701011921419,"stop":1701011921472},{"name":"clicking,submit button","status":"passed","stage":"finished","steps":[],"attachments":[],"parameters":[],"start":1701011921472,"stop":1701011921511},{"name":"clicking create patient button","status":"passed","stage":"finished","steps":[],"attachments":[],"parameters":[],"start":1701011921520,"stop":1701011932900},{"name":"enter patient's first name in survey","status":"passed","stage":"finished","steps":[],"attachments":[],"parameters":[{"name":"fName","value":"Yuk"}],"start":1701011932900,"stop":1701011933559},{"name":"enter patient's last name in survey","status":"passed","stage":"finished","steps":[],"attachments":[],"parameters":[{"name":"lName","value":"Armand"}],"start":1701011933559,"stop":1701011933669},{"name":"choose patient's sex in survey","status":"passed","stage":"finished","steps":[],"attachments":[],"parameters":[{"name":"gender","value":"Male"}],"start":1701011933669,"stop":1701011933812},{"name":"enter date of birth","status":"passed","stage":"finished","steps":[],"attachments":[],"parameters":[{"name":"dob","value":"06/08/1978"}],"start":1701011933813,"stop":1701011933971},{"name":"choose patient's location in survey","status":"broken","statusDetails":{"known":false,"muted":false,"flaky":false,"message":"Cannot locate option with text: Chicago - New User Location\nFor documentation on this error, please visit: https://www.selenium.dev/documentation/webdriver/troubleshooting/errors#no-such-element-exception\nBuild info: version: '4.15.0', revision: '1d14b5521b'\nSystem info: os.name: 'Windows 11', os.arch: 'amd64', os.version: '10.0', java.version: '21.0.1'\nDriver info: driver.version: unknown","trace":"org.openqa.selenium.NoSuchElementException: Cannot locate option with text: Chicago - New User Location\nFor documentation on this error, please visit: https://www.selenium.dev/documentation/webdriver/troubleshooting/errors#no-such-element-exception\nBuild info: version: '4.15.0', revision: '1d14b5521b'\nSystem info: os.name: 'Windows 11', os.arch: 'amd64', os.version: '10.0', java.version: '21.0.1'\nDriver info: driver.version: unknown\r\n\tat org.openqa.selenium.support.ui.Select.selectByVisibleText(Select.java:153)\r\n\tat org.ciq.utils.WebDriverMethods.selectDropDownByText(WebDriverMethods.java:177)\r\n\tat org.ciq.pages.SpecialistPendingDashBoardPage.chooseLocation(SpecialistPendingDashBoardPage.java:296)\r\n\tat org.ciq.tests.specialist.SpecialistTests.specialistE2e(SpecialistTests.java:61)\r\n\tat java.base/jdk.internal.reflect.DirectMethodHandleAccessor.invoke(DirectMethodHandleAccessor.java:103)\r\n\tat java.base/java.lang.reflect.Method.invoke(Method.java:580)\r\n\tat org.testng.internal.invokers.MethodInvocationHelper.invokeMethod(MethodInvocationHelper.java:139)\r\n\tat org.testng.internal.invokers.TestInvoker.invokeMethod(TestInvoker.java:664)\r\n\tat org.testng.internal.invokers.TestInvoker.invokeTestMethod(TestInvoker.java:227)\r\n\tat org.testng.internal.invokers.MethodRunner.runInSequence(MethodRunner.java:50)\r\n\tat org.testng.internal.invokers.TestInvoker$MethodInvocationAgent.invoke(TestInvoker.java:957)\r\n\tat org.testng.internal.invokers.TestInvoker.invokeTestMethods(TestInvoker.java:200)\r\n\tat org.testng.internal.invokers.TestMethodWorker.invokeTestMethods(TestMethodWorker.java:148)\r\n\tat org.testng.internal.invokers.TestMethodWorker.run(TestMethodWorker.java:128)\r\n\tat java.base/java.util.concurrent.ThreadPoolExecutor.runWorker(ThreadPoolExecutor.java:1144)\r\n\tat java.base/java.util.concurrent.ThreadPoolExecutor$Worker.run(ThreadPoolExecutor.java:642)\r\n\tat java.base/java.lang.Thread.run(Thread.java:1583)\r\n"},"stage":"finished","steps":[],"attachments":[],"parameters":[{"name":"location","value":"Chicago - New User Location"}],"start":1701011933971,"stop":1701011970130}],"attachments":[{"name":"Page screenshot","source":"78bc5e00-9171-4927-9e59-0b69f9997f8d-attachment","type":"image/png"}],"parameters":[],"start":1701011917411,"stop":1701011970405}