{"uid":"a766cfe31b133364","name":"email","fullName":"org.ciq.tests.specialist.SpecialistTests.email","historyId":"6bb9047a48cdbdcd388db677c573242a","time":{"start":1701623802280,"stop":1701623859362,"duration":57082},"status":"broken","statusMessage":"invalid selector: Unable to locate an element with the xpath expression //h5[text()='Online Screening'']//ancestor::button because of the following error:\nSyntaxError: Failed to execute 'evaluate' on 'Document': The string '//h5[text()='Online Screening'']//ancestor::button' is not a valid XPath expression.\n  (Session info: chrome=119.0.6045.200)\nFor documentation on this error, please visit: https://www.selenium.dev/documentation/webdriver/troubleshooting/errors#invalid-selector-exception\nBuild info: version: '4.15.0', revision: '1d14b5521b'\nSystem info: os.name: 'Windows 11', os.arch: 'amd64', os.version: '10.0', java.version: '21.0.1'\nDriver info: org.openqa.selenium.chrome.ChromeDriver\nCommand: [7e98395f0440d3f4b8dd9df11e56aeb6, findElement {using=xpath, value=//h5[text()='Online Screening'']//ancestor::button}]\nCapabilities {acceptInsecureCerts: false, browserName: chrome, browserVersion: 119.0.6045.200, chrome: {chromedriverVersion: 119.0.6045.105 (38c72552c5e..., userDataDir: C:\\Users\\Yamuna\\AppData\\Loc...}, fedcm:accounts: true, goog:chromeOptions: {debuggerAddress: localhost:62306}, networkConnectionEnabled: false, pageLoadStrategy: normal, platformName: windows, proxy: Proxy(), se:cdp: ws://localhost:62306/devtoo..., se:cdpVersion: 119.0.6045.200, setWindowRect: true, strictFileInteractability: false, timeouts: {implicit: 0, pageLoad: 300000, script: 30000}, unhandledPromptBehavior: dismiss and notify, webauthn:extension:credBlob: true, webauthn:extension:largeBlob: true, webauthn:extension:minPinLength: true, webauthn:extension:prf: true, webauthn:virtualAuthenticators: true}\nSession ID: 7e98395f0440d3f4b8dd9df11e56aeb6","statusTrace":"org.openqa.selenium.InvalidSelectorException: invalid selector: Unable to locate an element with the xpath expression //h5[text()='Online Screening'']//ancestor::button because of the following error:\nSyntaxError: Failed to execute 'evaluate' on 'Document': The string '//h5[text()='Online Screening'']//ancestor::button' is not a valid XPath expression.\n  (Session info: chrome=119.0.6045.200)\nFor documentation on this error, please visit: https://www.selenium.dev/documentation/webdriver/troubleshooting/errors#invalid-selector-exception\nBuild info: version: '4.15.0', revision: '1d14b5521b'\nSystem info: os.name: 'Windows 11', os.arch: 'amd64', os.version: '10.0', java.version: '21.0.1'\nDriver info: org.openqa.selenium.chrome.ChromeDriver\nCommand: [7e98395f0440d3f4b8dd9df11e56aeb6, findElement {using=xpath, value=//h5[text()='Online Screening'']//ancestor::button}]\nCapabilities {acceptInsecureCerts: false, browserName: chrome, browserVersion: 119.0.6045.200, chrome: {chromedriverVersion: 119.0.6045.105 (38c72552c5e..., userDataDir: C:\\Users\\Yamuna\\AppData\\Loc...}, fedcm:accounts: true, goog:chromeOptions: {debuggerAddress: localhost:62306}, networkConnectionEnabled: false, pageLoadStrategy: normal, platformName: windows, proxy: Proxy(), se:cdp: ws://localhost:62306/devtoo..., se:cdpVersion: 119.0.6045.200, setWindowRect: true, strictFileInteractability: false, timeouts: {implicit: 0, pageLoad: 300000, script: 30000}, unhandledPromptBehavior: dismiss and notify, webauthn:extension:credBlob: true, webauthn:extension:largeBlob: true, webauthn:extension:minPinLength: true, webauthn:extension:prf: true, webauthn:virtualAuthenticators: true}\nSession ID: 7e98395f0440d3f4b8dd9df11e56aeb6\r\n\tat java.base/jdk.internal.reflect.DirectConstructorHandleAccessor.newInstance(DirectConstructorHandleAccessor.java:62)\r\n\tat java.base/java.lang.reflect.Constructor.newInstanceWithCaller(Constructor.java:502)\r\n\tat java.base/java.lang.reflect.Constructor.newInstance(Constructor.java:486)\r\n\tat org.openqa.selenium.remote.codec.w3c.W3CHttpResponseCodec.createException(W3CHttpResponseCodec.java:200)\r\n\tat org.openqa.selenium.remote.codec.w3c.W3CHttpResponseCodec.decode(W3CHttpResponseCodec.java:133)\r\n\tat org.openqa.selenium.remote.codec.w3c.W3CHttpResponseCodec.decode(W3CHttpResponseCodec.java:52)\r\n\tat org.openqa.selenium.remote.HttpCommandExecutor.execute(HttpCommandExecutor.java:191)\r\n\tat org.openqa.selenium.remote.service.DriverCommandExecutor.invokeExecute(DriverCommandExecutor.java:200)\r\n\tat org.openqa.selenium.remote.service.DriverCommandExecutor.execute(DriverCommandExecutor.java:175)\r\n\tat org.openqa.selenium.remote.RemoteWebDriver.execute(RemoteWebDriver.java:607)\r\n\tat org.openqa.selenium.remote.ElementLocation$ElementFinder$2.findElement(ElementLocation.java:165)\r\n\tat org.openqa.selenium.remote.ElementLocation.findElement(ElementLocation.java:59)\r\n\tat org.openqa.selenium.remote.RemoteWebDriver.findElement(RemoteWebDriver.java:364)\r\n\tat org.openqa.selenium.remote.RemoteWebDriver.findElement(RemoteWebDriver.java:358)\r\n\tat org.openqa.selenium.support.ui.ExpectedConditions$7.apply(ExpectedConditions.java:194)\r\n\tat org.openqa.selenium.support.ui.ExpectedConditions$7.apply(ExpectedConditions.java:190)\r\n\tat org.openqa.selenium.support.ui.ExpectedConditions$22.apply(ExpectedConditions.java:627)\r\n\tat org.openqa.selenium.support.ui.ExpectedConditions$22.apply(ExpectedConditions.java:624)\r\n\tat org.openqa.selenium.support.ui.FluentWait.until(FluentWait.java:204)\r\n\tat org.ciq.utils.WebDriverMethods.waitForElementTobeClickable(WebDriverMethods.java:186)\r\n\tat org.ciq.pages.RegistryPage.clickOnlineScreening(RegistryPage.java:232)\r\n\tat org.ciq.tests.specialist.SpecialistTests.email(SpecialistTests.java:406)\r\n\tat java.base/jdk.internal.reflect.DirectMethodHandleAccessor.invoke(DirectMethodHandleAccessor.java:103)\r\n\tat java.base/java.lang.reflect.Method.invoke(Method.java:580)\r\n\tat org.testng.internal.invokers.MethodInvocationHelper.invokeMethod(MethodInvocationHelper.java:139)\r\n\tat org.testng.internal.invokers.TestInvoker.invokeMethod(TestInvoker.java:664)\r\n\tat org.testng.internal.invokers.TestInvoker.invokeTestMethod(TestInvoker.java:227)\r\n\tat org.testng.internal.invokers.MethodRunner.runInSequence(MethodRunner.java:50)\r\n\tat org.testng.internal.invokers.TestInvoker$MethodInvocationAgent.invoke(TestInvoker.java:957)\r\n\tat org.testng.internal.invokers.TestInvoker.invokeTestMethods(TestInvoker.java:200)\r\n\tat org.testng.internal.invokers.TestMethodWorker.invokeTestMethods(TestMethodWorker.java:148)\r\n\tat org.testng.internal.invokers.TestMethodWorker.run(TestMethodWorker.java:128)\r\n\tat java.base/java.util.ArrayList.forEach(ArrayList.java:1596)\r\n\tat org.testng.TestRunner.privateRun(TestRunner.java:848)\r\n\tat org.testng.TestRunner.run(TestRunner.java:621)\r\n\tat org.testng.SuiteRunner.runTest(SuiteRunner.java:443)\r\n\tat org.testng.SuiteRunner.runSequentially(SuiteRunner.java:437)\r\n\tat org.testng.SuiteRunner.privateRun(SuiteRunner.java:397)\r\n\tat org.testng.SuiteRunner.run(SuiteRunner.java:336)\r\n\tat org.testng.SuiteRunnerWorker.runSuite(SuiteRunnerWorker.java:52)\r\n\tat org.testng.SuiteRunnerWorker.run(SuiteRunnerWorker.java:95)\r\n\tat org.testng.TestNG.runSuitesSequentially(TestNG.java:1280)\r\n\tat org.testng.TestNG.runSuitesLocally(TestNG.java:1200)\r\n\tat org.testng.TestNG.runSuites(TestNG.java:1114)\r\n\tat org.testng.TestNG.run(TestNG.java:1082)\r\n\tat com.intellij.rt.testng.IDEARemoteTestNG.run(IDEARemoteTestNG.java:66)\r\n\tat com.intellij.rt.testng.RemoteTestNGStarter.main(RemoteTestNGStarter.java:109)\r\n","flaky":false,"newFailed":false,"newBroken":false,"newPassed":false,"retriesCount":0,"retriesStatusChange":false,"beforeStages":[],"testStage":{"status":"broken","statusMessage":"invalid selector: Unable to locate an element with the xpath expression //h5[text()='Online Screening'']//ancestor::button because of the following error:\nSyntaxError: Failed to execute 'evaluate' on 'Document': The string '//h5[text()='Online Screening'']//ancestor::button' is not a valid XPath expression.\n  (Session info: chrome=119.0.6045.200)\nFor documentation on this error, please visit: https://www.selenium.dev/documentation/webdriver/troubleshooting/errors#invalid-selector-exception\nBuild info: version: '4.15.0', revision: '1d14b5521b'\nSystem info: os.name: 'Windows 11', os.arch: 'amd64', os.version: '10.0', java.version: '21.0.1'\nDriver info: org.openqa.selenium.chrome.ChromeDriver\nCommand: [7e98395f0440d3f4b8dd9df11e56aeb6, findElement {using=xpath, value=//h5[text()='Online Screening'']//ancestor::button}]\nCapabilities {acceptInsecureCerts: false, browserName: chrome, browserVersion: 119.0.6045.200, chrome: {chromedriverVersion: 119.0.6045.105 (38c72552c5e..., userDataDir: C:\\Users\\Yamuna\\AppData\\Loc...}, fedcm:accounts: true, goog:chromeOptions: {debuggerAddress: localhost:62306}, networkConnectionEnabled: false, pageLoadStrategy: normal, platformName: windows, proxy: Proxy(), se:cdp: ws://localhost:62306/devtoo..., se:cdpVersion: 119.0.6045.200, setWindowRect: true, strictFileInteractability: false, timeouts: {implicit: 0, pageLoad: 300000, script: 30000}, unhandledPromptBehavior: dismiss and notify, webauthn:extension:credBlob: true, webauthn:extension:largeBlob: true, webauthn:extension:minPinLength: true, webauthn:extension:prf: true, webauthn:virtualAuthenticators: true}\nSession ID: 7e98395f0440d3f4b8dd9df11e56aeb6","statusTrace":"org.openqa.selenium.InvalidSelectorException: invalid selector: Unable to locate an element with the xpath expression //h5[text()='Online Screening'']//ancestor::button because of the following error:\nSyntaxError: Failed to execute 'evaluate' on 'Document': The string '//h5[text()='Online Screening'']//ancestor::button' is not a valid XPath expression.\n  (Session info: chrome=119.0.6045.200)\nFor documentation on this error, please visit: https://www.selenium.dev/documentation/webdriver/troubleshooting/errors#invalid-selector-exception\nBuild info: version: '4.15.0', revision: '1d14b5521b'\nSystem info: os.name: 'Windows 11', os.arch: 'amd64', os.version: '10.0', java.version: '21.0.1'\nDriver info: org.openqa.selenium.chrome.ChromeDriver\nCommand: [7e98395f0440d3f4b8dd9df11e56aeb6, findElement {using=xpath, value=//h5[text()='Online Screening'']//ancestor::button}]\nCapabilities {acceptInsecureCerts: false, browserName: chrome, browserVersion: 119.0.6045.200, chrome: {chromedriverVersion: 119.0.6045.105 (38c72552c5e..., userDataDir: C:\\Users\\Yamuna\\AppData\\Loc...}, fedcm:accounts: true, goog:chromeOptions: {debuggerAddress: localhost:62306}, networkConnectionEnabled: false, pageLoadStrategy: normal, platformName: windows, proxy: Proxy(), se:cdp: ws://localhost:62306/devtoo..., se:cdpVersion: 119.0.6045.200, setWindowRect: true, strictFileInteractability: false, timeouts: {implicit: 0, pageLoad: 300000, script: 30000}, unhandledPromptBehavior: dismiss and notify, webauthn:extension:credBlob: true, webauthn:extension:largeBlob: true, webauthn:extension:minPinLength: true, webauthn:extension:prf: true, webauthn:virtualAuthenticators: true}\nSession ID: 7e98395f0440d3f4b8dd9df11e56aeb6\r\n\tat java.base/jdk.internal.reflect.DirectConstructorHandleAccessor.newInstance(DirectConstructorHandleAccessor.java:62)\r\n\tat java.base/java.lang.reflect.Constructor.newInstanceWithCaller(Constructor.java:502)\r\n\tat java.base/java.lang.reflect.Constructor.newInstance(Constructor.java:486)\r\n\tat org.openqa.selenium.remote.codec.w3c.W3CHttpResponseCodec.createException(W3CHttpResponseCodec.java:200)\r\n\tat org.openqa.selenium.remote.codec.w3c.W3CHttpResponseCodec.decode(W3CHttpResponseCodec.java:133)\r\n\tat org.openqa.selenium.remote.codec.w3c.W3CHttpResponseCodec.decode(W3CHttpResponseCodec.java:52)\r\n\tat org.openqa.selenium.remote.HttpCommandExecutor.execute(HttpCommandExecutor.java:191)\r\n\tat org.openqa.selenium.remote.service.DriverCommandExecutor.invokeExecute(DriverCommandExecutor.java:200)\r\n\tat org.openqa.selenium.remote.service.DriverCommandExecutor.execute(DriverCommandExecutor.java:175)\r\n\tat org.openqa.selenium.remote.RemoteWebDriver.execute(RemoteWebDriver.java:607)\r\n\tat org.openqa.selenium.remote.ElementLocation$ElementFinder$2.findElement(ElementLocation.java:165)\r\n\tat org.openqa.selenium.remote.ElementLocation.findElement(ElementLocation.java:59)\r\n\tat org.openqa.selenium.remote.RemoteWebDriver.findElement(RemoteWebDriver.java:364)\r\n\tat org.openqa.selenium.remote.RemoteWebDriver.findElement(RemoteWebDriver.java:358)\r\n\tat org.openqa.selenium.support.ui.ExpectedConditions$7.apply(ExpectedConditions.java:194)\r\n\tat org.openqa.selenium.support.ui.ExpectedConditions$7.apply(ExpectedConditions.java:190)\r\n\tat org.openqa.selenium.support.ui.ExpectedConditions$22.apply(ExpectedConditions.java:627)\r\n\tat org.openqa.selenium.support.ui.ExpectedConditions$22.apply(ExpectedConditions.java:624)\r\n\tat org.openqa.selenium.support.ui.FluentWait.until(FluentWait.java:204)\r\n\tat org.ciq.utils.WebDriverMethods.waitForElementTobeClickable(WebDriverMethods.java:186)\r\n\tat org.ciq.pages.RegistryPage.clickOnlineScreening(RegistryPage.java:232)\r\n\tat org.ciq.tests.specialist.SpecialistTests.email(SpecialistTests.java:406)\r\n\tat java.base/jdk.internal.reflect.DirectMethodHandleAccessor.invoke(DirectMethodHandleAccessor.java:103)\r\n\tat java.base/java.lang.reflect.Method.invoke(Method.java:580)\r\n\tat org.testng.internal.invokers.MethodInvocationHelper.invokeMethod(MethodInvocationHelper.java:139)\r\n\tat org.testng.internal.invokers.TestInvoker.invokeMethod(TestInvoker.java:664)\r\n\tat org.testng.internal.invokers.TestInvoker.invokeTestMethod(TestInvoker.java:227)\r\n\tat org.testng.internal.invokers.MethodRunner.runInSequence(MethodRunner.java:50)\r\n\tat org.testng.internal.invokers.TestInvoker$MethodInvocationAgent.invoke(TestInvoker.java:957)\r\n\tat org.testng.internal.invokers.TestInvoker.invokeTestMethods(TestInvoker.java:200)\r\n\tat org.testng.internal.invokers.TestMethodWorker.invokeTestMethods(TestMethodWorker.java:148)\r\n\tat org.testng.internal.invokers.TestMethodWorker.run(TestMethodWorker.java:128)\r\n\tat java.base/java.util.ArrayList.forEach(ArrayList.java:1596)\r\n\tat org.testng.TestRunner.privateRun(TestRunner.java:848)\r\n\tat org.testng.TestRunner.run(TestRunner.java:621)\r\n\tat org.testng.SuiteRunner.runTest(SuiteRunner.java:443)\r\n\tat org.testng.SuiteRunner.runSequentially(SuiteRunner.java:437)\r\n\tat org.testng.SuiteRunner.privateRun(SuiteRunner.java:397)\r\n\tat org.testng.SuiteRunner.run(SuiteRunner.java:336)\r\n\tat org.testng.SuiteRunnerWorker.runSuite(SuiteRunnerWorker.java:52)\r\n\tat org.testng.SuiteRunnerWorker.run(SuiteRunnerWorker.java:95)\r\n\tat org.testng.TestNG.runSuitesSequentially(TestNG.java:1280)\r\n\tat org.testng.TestNG.runSuitesLocally(TestNG.java:1200)\r\n\tat org.testng.TestNG.runSuites(TestNG.java:1114)\r\n\tat org.testng.TestNG.run(TestNG.java:1082)\r\n\tat com.intellij.rt.testng.IDEARemoteTestNG.run(IDEARemoteTestNG.java:66)\r\n\tat com.intellij.rt.testng.RemoteTestNGStarter.main(RemoteTestNGStarter.java:109)\r\n","steps":[{"name":"launching the browser","time":{"start":1701623803374,"stop":1701623807829,"duration":4455},"status":"passed","steps":[],"attachments":[],"parameters":[],"hasContent":false,"stepsCount":0,"attachmentStep":false,"attachmentsCount":0,"shouldDisplayMessage":false},{"name":"entering user email","time":{"start":1701623811676,"stop":1701623812681,"duration":1005},"status":"passed","steps":[],"attachments":[],"parameters":[{"name":"emailText","value":"ciqappemail@gmail.com"}],"hasContent":true,"stepsCount":0,"attachmentStep":false,"attachmentsCount":0,"shouldDisplayMessage":false},{"name":"entering password","time":{"start":1701623812681,"stop":1701623812754,"duration":73},"status":"passed","steps":[],"attachments":[],"parameters":[{"name":"passwordText","value":"Welcome@123"}],"hasContent":true,"stepsCount":0,"attachmentStep":false,"attachmentsCount":0,"shouldDisplayMessage":false},{"name":"clicking,submit button","time":{"start":1701623812754,"stop":1701623812810,"duration":56},"status":"passed","steps":[],"attachments":[],"parameters":[],"hasContent":false,"stepsCount":0,"attachmentStep":false,"attachmentsCount":0,"shouldDisplayMessage":false},{"name":"clicking create patient button","time":{"start":1701623812847,"stop":1701623822323,"duration":9476},"status":"passed","steps":[],"attachments":[],"parameters":[],"hasContent":false,"stepsCount":0,"attachmentStep":false,"attachmentsCount":0,"shouldDisplayMessage":false},{"name":"enter patient's first name in survey","time":{"start":1701623822323,"stop":1701623823517,"duration":1194},"status":"passed","steps":[],"attachments":[],"parameters":[{"name":"fName","value":"Darren"}],"hasContent":true,"stepsCount":0,"attachmentStep":false,"attachmentsCount":0,"shouldDisplayMessage":false},{"name":"enter patient's last name in survey","time":{"start":1701623823517,"stop":1701623823617,"duration":100},"status":"passed","steps":[],"attachments":[],"parameters":[{"name":"lName","value":"Arletha"}],"hasContent":true,"stepsCount":0,"attachmentStep":false,"attachmentsCount":0,"shouldDisplayMessage":false},{"name":"choose patient's sex in survey","time":{"start":1701623823617,"stop":1701623823780,"duration":163},"status":"passed","steps":[],"attachments":[],"parameters":[{"name":"gender","value":"Male"}],"hasContent":true,"stepsCount":0,"attachmentStep":false,"attachmentsCount":0,"shouldDisplayMessage":false},{"name":"enter date of birth","time":{"start":1701623823780,"stop":1701623823913,"duration":133},"status":"passed","steps":[],"attachments":[],"parameters":[{"name":"dob","value":"06/08/1978"}],"hasContent":true,"stepsCount":0,"attachmentStep":false,"attachmentsCount":0,"shouldDisplayMessage":false},{"name":"choose patient's location in survey","time":{"start":1701623823913,"stop":1701623830045,"duration":6132},"status":"passed","steps":[],"attachments":[],"parameters":[{"name":"location","value":"Chicago - New User Location"}],"hasContent":true,"stepsCount":0,"attachmentStep":false,"attachmentsCount":0,"shouldDisplayMessage":false},{"name":"enter patient's email in survey","time":{"start":1701623830045,"stop":1701623830195,"duration":150},"status":"passed","steps":[],"attachments":[],"parameters":[{"name":"email","value":"DarrenArletha@email.com"}],"hasContent":true,"stepsCount":0,"attachmentStep":false,"attachmentsCount":0,"shouldDisplayMessage":false},{"name":"enter patient's confirm email in survey","time":{"start":1701623830195,"stop":1701623830329,"duration":134},"status":"passed","steps":[],"attachments":[],"parameters":[{"name":"email","value":"DarrenArletha@email.com"}],"hasContent":true,"stepsCount":0,"attachmentStep":false,"attachmentsCount":0,"shouldDisplayMessage":false},{"name":"choose patient's STAT in survey","time":{"start":1701623830329,"stop":1701623830452,"duration":123},"status":"passed","steps":[],"attachments":[],"parameters":[{"name":"stat","value":"Yes"}],"hasContent":true,"stepsCount":0,"attachmentStep":false,"attachmentsCount":0,"shouldDisplayMessage":false},{"name":"clicking next button","time":{"start":1701623830452,"stop":1701623830574,"duration":122},"status":"passed","steps":[],"attachments":[],"parameters":[],"hasContent":false,"stepsCount":0,"attachmentStep":false,"attachmentsCount":0,"shouldDisplayMessage":false},{"name":"clicking skip & Add patient button","time":{"start":1701623830574,"stop":1701623830643,"duration":69},"status":"passed","steps":[],"attachments":[],"parameters":[],"hasContent":false,"stepsCount":0,"attachmentStep":false,"attachmentsCount":0,"shouldDisplayMessage":false},{"name":"navigate to ethica portal for patient verification","time":{"start":1701623830659,"stop":1701623856585,"duration":25926},"status":"passed","steps":[],"attachments":[],"parameters":[{"name":"url","value":"https://app.staging.canceriq.net/registry"}],"hasContent":true,"stepsCount":0,"attachmentStep":false,"attachmentsCount":0,"shouldDisplayMessage":false},{"name":"click on patient record","time":{"start":1701623856585,"stop":1701623856693,"duration":108},"status":"passed","steps":[],"attachments":[],"parameters":[{"name":"firstName","value":"Darren"},{"name":"lastName","value":"Arletha"}],"hasContent":true,"stepsCount":0,"attachmentStep":false,"attachmentsCount":0,"shouldDisplayMessage":false},{"name":"click start screening","time":{"start":1701623856694,"stop":1701623859296,"duration":2602},"status":"passed","steps":[],"attachments":[],"parameters":[{"name":"field","value":"Start Screening"}],"hasContent":true,"stepsCount":0,"attachmentStep":false,"attachmentsCount":0,"shouldDisplayMessage":false},{"name":"click online screening","time":{"start":1701623859297,"stop":1701623859347,"duration":50},"status":"broken","statusMessage":"invalid selector: Unable to locate an element with the xpath expression //h5[text()='Online Screening'']//ancestor::button because of the following error:\nSyntaxError: Failed to execute 'evaluate' on 'Document': The string '//h5[text()='Online Screening'']//ancestor::button' is not a valid XPath expression.\n  (Session info: chrome=119.0.6045.200)\nFor documentation on this error, please visit: https://www.selenium.dev/documentation/webdriver/troubleshooting/errors#invalid-selector-exception\nBuild info: version: '4.15.0', revision: '1d14b5521b'\nSystem info: os.name: 'Windows 11', os.arch: 'amd64', os.version: '10.0', java.version: '21.0.1'\nDriver info: org.openqa.selenium.chrome.ChromeDriver\nCommand: [7e98395f0440d3f4b8dd9df11e56aeb6, findElement {using=xpath, value=//h5[text()='Online Screening'']//ancestor::button}]\nCapabilities {acceptInsecureCerts: false, browserName: chrome, browserVersion: 119.0.6045.200, chrome: {chromedriverVersion: 119.0.6045.105 (38c72552c5e..., userDataDir: C:\\Users\\Yamuna\\AppData\\Loc...}, fedcm:accounts: true, goog:chromeOptions: {debuggerAddress: localhost:62306}, networkConnectionEnabled: false, pageLoadStrategy: normal, platformName: windows, proxy: Proxy(), se:cdp: ws://localhost:62306/devtoo..., se:cdpVersion: 119.0.6045.200, setWindowRect: true, strictFileInteractability: false, timeouts: {implicit: 0, pageLoad: 300000, script: 30000}, unhandledPromptBehavior: dismiss and notify, webauthn:extension:credBlob: true, webauthn:extension:largeBlob: true, webauthn:extension:minPinLength: true, webauthn:extension:prf: true, webauthn:virtualAuthenticators: true}\nSession ID: 7e98395f0440d3f4b8dd9df11e56aeb6","statusTrace":"org.openqa.selenium.InvalidSelectorException: invalid selector: Unable to locate an element with the xpath expression //h5[text()='Online Screening'']//ancestor::button because of the following error:\nSyntaxError: Failed to execute 'evaluate' on 'Document': The string '//h5[text()='Online Screening'']//ancestor::button' is not a valid XPath expression.\n  (Session info: chrome=119.0.6045.200)\nFor documentation on this error, please visit: https://www.selenium.dev/documentation/webdriver/troubleshooting/errors#invalid-selector-exception\nBuild info: version: '4.15.0', revision: '1d14b5521b'\nSystem info: os.name: 'Windows 11', os.arch: 'amd64', os.version: '10.0', java.version: '21.0.1'\nDriver info: org.openqa.selenium.chrome.ChromeDriver\nCommand: [7e98395f0440d3f4b8dd9df11e56aeb6, findElement {using=xpath, value=//h5[text()='Online Screening'']//ancestor::button}]\nCapabilities {acceptInsecureCerts: false, browserName: chrome, browserVersion: 119.0.6045.200, chrome: {chromedriverVersion: 119.0.6045.105 (38c72552c5e..., userDataDir: C:\\Users\\Yamuna\\AppData\\Loc...}, fedcm:accounts: true, goog:chromeOptions: {debuggerAddress: localhost:62306}, networkConnectionEnabled: false, pageLoadStrategy: normal, platformName: windows, proxy: Proxy(), se:cdp: ws://localhost:62306/devtoo..., se:cdpVersion: 119.0.6045.200, setWindowRect: true, strictFileInteractability: false, timeouts: {implicit: 0, pageLoad: 300000, script: 30000}, unhandledPromptBehavior: dismiss and notify, webauthn:extension:credBlob: true, webauthn:extension:largeBlob: true, webauthn:extension:minPinLength: true, webauthn:extension:prf: true, webauthn:virtualAuthenticators: true}\nSession ID: 7e98395f0440d3f4b8dd9df11e56aeb6\r\n\tat java.base/jdk.internal.reflect.DirectConstructorHandleAccessor.newInstance(DirectConstructorHandleAccessor.java:62)\r\n\tat java.base/java.lang.reflect.Constructor.newInstanceWithCaller(Constructor.java:502)\r\n\tat java.base/java.lang.reflect.Constructor.newInstance(Constructor.java:486)\r\n\tat org.openqa.selenium.remote.codec.w3c.W3CHttpResponseCodec.createException(W3CHttpResponseCodec.java:200)\r\n\tat org.openqa.selenium.remote.codec.w3c.W3CHttpResponseCodec.decode(W3CHttpResponseCodec.java:133)\r\n\tat org.openqa.selenium.remote.codec.w3c.W3CHttpResponseCodec.decode(W3CHttpResponseCodec.java:52)\r\n\tat org.openqa.selenium.remote.HttpCommandExecutor.execute(HttpCommandExecutor.java:191)\r\n\tat org.openqa.selenium.remote.service.DriverCommandExecutor.invokeExecute(DriverCommandExecutor.java:200)\r\n\tat org.openqa.selenium.remote.service.DriverCommandExecutor.execute(DriverCommandExecutor.java:175)\r\n\tat org.openqa.selenium.remote.RemoteWebDriver.execute(RemoteWebDriver.java:607)\r\n\tat org.openqa.selenium.remote.ElementLocation$ElementFinder$2.findElement(ElementLocation.java:165)\r\n\tat org.openqa.selenium.remote.ElementLocation.findElement(ElementLocation.java:59)\r\n\tat org.openqa.selenium.remote.RemoteWebDriver.findElement(RemoteWebDriver.java:364)\r\n\tat org.openqa.selenium.remote.RemoteWebDriver.findElement(RemoteWebDriver.java:358)\r\n\tat org.openqa.selenium.support.ui.ExpectedConditions$7.apply(ExpectedConditions.java:194)\r\n\tat org.openqa.selenium.support.ui.ExpectedConditions$7.apply(ExpectedConditions.java:190)\r\n\tat org.openqa.selenium.support.ui.ExpectedConditions$22.apply(ExpectedConditions.java:627)\r\n\tat org.openqa.selenium.support.ui.ExpectedConditions$22.apply(ExpectedConditions.java:624)\r\n\tat org.openqa.selenium.support.ui.FluentWait.until(FluentWait.java:204)\r\n\tat org.ciq.utils.WebDriverMethods.waitForElementTobeClickable(WebDriverMethods.java:186)\r\n\tat org.ciq.pages.RegistryPage.clickOnlineScreening(RegistryPage.java:232)\r\n\tat org.ciq.tests.specialist.SpecialistTests.email(SpecialistTests.java:406)\r\n\tat java.base/jdk.internal.reflect.DirectMethodHandleAccessor.invoke(DirectMethodHandleAccessor.java:103)\r\n\tat java.base/java.lang.reflect.Method.invoke(Method.java:580)\r\n\tat org.testng.internal.invokers.MethodInvocationHelper.invokeMethod(MethodInvocationHelper.java:139)\r\n\tat org.testng.internal.invokers.TestInvoker.invokeMethod(TestInvoker.java:664)\r\n\tat org.testng.internal.invokers.TestInvoker.invokeTestMethod(TestInvoker.java:227)\r\n\tat org.testng.internal.invokers.MethodRunner.runInSequence(MethodRunner.java:50)\r\n\tat org.testng.internal.invokers.TestInvoker$MethodInvocationAgent.invoke(TestInvoker.java:957)\r\n\tat org.testng.internal.invokers.TestInvoker.invokeTestMethods(TestInvoker.java:200)\r\n\tat org.testng.internal.invokers.TestMethodWorker.invokeTestMethods(TestMethodWorker.java:148)\r\n\tat org.testng.internal.invokers.TestMethodWorker.run(TestMethodWorker.java:128)\r\n\tat java.base/java.util.ArrayList.forEach(ArrayList.java:1596)\r\n\tat org.testng.TestRunner.privateRun(TestRunner.java:848)\r\n\tat org.testng.TestRunner.run(TestRunner.java:621)\r\n\tat org.testng.SuiteRunner.runTest(SuiteRunner.java:443)\r\n\tat org.testng.SuiteRunner.runSequentially(SuiteRunner.java:437)\r\n\tat org.testng.SuiteRunner.privateRun(SuiteRunner.java:397)\r\n\tat org.testng.SuiteRunner.run(SuiteRunner.java:336)\r\n\tat org.testng.SuiteRunnerWorker.runSuite(SuiteRunnerWorker.java:52)\r\n\tat org.testng.SuiteRunnerWorker.run(SuiteRunnerWorker.java:95)\r\n\tat org.testng.TestNG.runSuitesSequentially(TestNG.java:1280)\r\n\tat org.testng.TestNG.runSuitesLocally(TestNG.java:1200)\r\n\tat org.testng.TestNG.runSuites(TestNG.java:1114)\r\n\tat org.testng.TestNG.run(TestNG.java:1082)\r\n\tat com.intellij.rt.testng.IDEARemoteTestNG.run(IDEARemoteTestNG.java:66)\r\n\tat com.intellij.rt.testng.RemoteTestNGStarter.main(RemoteTestNGStarter.java:109)\r\n","steps":[],"attachments":[],"parameters":[{"name":"field","value":"Online Screening'"}],"hasContent":true,"stepsCount":0,"attachmentStep":false,"attachmentsCount":0,"shouldDisplayMessage":true}],"attachments":[],"parameters":[],"hasContent":true,"stepsCount":19,"attachmentStep":false,"attachmentsCount":0,"shouldDisplayMessage":false},"afterStages":[{"name":"tearDownBrowser","time":{"start":1701623859531,"stop":1701623859831,"duration":300},"description":"","status":"passed","steps":[{"name":"closing the browser","time":{"start":1701623859542,"stop":1701623859831,"duration":289},"status":"passed","steps":[],"attachments":[],"parameters":[],"hasContent":false,"stepsCount":0,"attachmentStep":false,"attachmentsCount":0,"shouldDisplayMessage":false}],"attachments":[],"parameters":[],"hasContent":true,"stepsCount":1,"attachmentStep":false,"attachmentsCount":0,"shouldDisplayMessage":false}],"labels":[{"name":"package","value":"org.ciq.tests.specialist.SpecialistTests"},{"name":"testClass","value":"org.ciq.tests.specialist.SpecialistTests"},{"name":"testMethod","value":"email"},{"name":"parentSuite","value":"Default Suite"},{"name":"suite","value":"CIQAutomation"},{"name":"subSuite","value":"org.ciq.tests.specialist.SpecialistTests"},{"name":"host","value":"LAPTOP-M5SGUT72"},{"name":"thread","value":"19512@LAPTOP-M5SGUT72.main(1)"},{"name":"framework","value":"testng"},{"name":"language","value":"java"},{"name":"resultFormat","value":"allure2"}],"parameters":[],"links":[],"hidden":true,"retry":true,"extra":{"categories":[],"tags":[]},"source":"a766cfe31b133364.json","parameterValues":[]}