{"uid":"d9c72b7618b397a0","name":"email","fullName":"org.ciq.tests.specialist.SpecialistTests.email","historyId":"6bb9047a48cdbdcd388db677c573242a","time":{"start":1701627216452,"stop":1701627295764,"duration":79312},"status":"broken","statusMessage":"element click intercepted: Element <button class=\"MuiButtonBase-root-3341 MuiButton-root-3314 MuiButton-contained-3322 default__StyledButtonDefault-p8u2g6-0 cwQoPA MuiButton-disableElevation-3325\" tabindex=\"0\" type=\"button\" data-testid=\"Button\">...</button> is not clickable at point (1020, 677). Other element would receive the click: <div class=\"MuiDialog-container MuiDialog-scrollPaper\" role=\"none presentation\" tabindex=\"-1\" style=\"opacity: 1; transition: opacity 225ms cubic-bezier(0.4, 0, 0.2, 1) 0ms;\">...</div>\n  (Session info: chrome=119.0.6045.200)\nBuild info: version: '4.15.0', revision: '1d14b5521b'\nSystem info: os.name: 'Windows 11', os.arch: 'amd64', os.version: '10.0', java.version: '21.0.1'\nDriver info: org.openqa.selenium.chrome.ChromeDriver\nCommand: [19a20c8a6fe086a03f1c0ed7948fbfea, clickElement {id=D9E7DE65E76190C55936C7BFD8461E53_element_8451}]\nCapabilities {acceptInsecureCerts: false, browserName: chrome, browserVersion: 119.0.6045.200, chrome: {chromedriverVersion: 119.0.6045.105 (38c72552c5e..., userDataDir: C:\\Users\\Yamuna\\AppData\\Loc...}, fedcm:accounts: true, goog:chromeOptions: {debuggerAddress: localhost:63972}, networkConnectionEnabled: false, pageLoadStrategy: normal, platformName: windows, proxy: Proxy(), se:cdp: ws://localhost:63972/devtoo..., se:cdpVersion: 119.0.6045.200, setWindowRect: true, strictFileInteractability: false, timeouts: {implicit: 0, pageLoad: 300000, script: 30000}, unhandledPromptBehavior: dismiss and notify, webauthn:extension:credBlob: true, webauthn:extension:largeBlob: true, webauthn:extension:minPinLength: true, webauthn:extension:prf: true, webauthn:virtualAuthenticators: true}\nElement: [[ChromeDriver: chrome on windows (19a20c8a6fe086a03f1c0ed7948fbfea)] -> xpath: //span[text()='Initiate']//ancestor::button]\nSession ID: 19a20c8a6fe086a03f1c0ed7948fbfea","statusTrace":"org.openqa.selenium.ElementClickInterceptedException: element click intercepted: Element <button class=\"MuiButtonBase-root-3341 MuiButton-root-3314 MuiButton-contained-3322 default__StyledButtonDefault-p8u2g6-0 cwQoPA MuiButton-disableElevation-3325\" tabindex=\"0\" type=\"button\" data-testid=\"Button\">...</button> is not clickable at point (1020, 677). Other element would receive the click: <div class=\"MuiDialog-container MuiDialog-scrollPaper\" role=\"none presentation\" tabindex=\"-1\" style=\"opacity: 1; transition: opacity 225ms cubic-bezier(0.4, 0, 0.2, 1) 0ms;\">...</div>\n  (Session info: chrome=119.0.6045.200)\nBuild info: version: '4.15.0', revision: '1d14b5521b'\nSystem info: os.name: 'Windows 11', os.arch: 'amd64', os.version: '10.0', java.version: '21.0.1'\nDriver info: org.openqa.selenium.chrome.ChromeDriver\nCommand: [19a20c8a6fe086a03f1c0ed7948fbfea, clickElement {id=D9E7DE65E76190C55936C7BFD8461E53_element_8451}]\nCapabilities {acceptInsecureCerts: false, browserName: chrome, browserVersion: 119.0.6045.200, chrome: {chromedriverVersion: 119.0.6045.105 (38c72552c5e..., userDataDir: C:\\Users\\Yamuna\\AppData\\Loc...}, fedcm:accounts: true, goog:chromeOptions: {debuggerAddress: localhost:63972}, networkConnectionEnabled: false, pageLoadStrategy: normal, platformName: windows, proxy: Proxy(), se:cdp: ws://localhost:63972/devtoo..., se:cdpVersion: 119.0.6045.200, setWindowRect: true, strictFileInteractability: false, timeouts: {implicit: 0, pageLoad: 300000, script: 30000}, unhandledPromptBehavior: dismiss and notify, webauthn:extension:credBlob: true, webauthn:extension:largeBlob: true, webauthn:extension:minPinLength: true, webauthn:extension:prf: true, webauthn:virtualAuthenticators: true}\nElement: [[ChromeDriver: chrome on windows (19a20c8a6fe086a03f1c0ed7948fbfea)] -> xpath: //span[text()='Initiate']//ancestor::button]\nSession ID: 19a20c8a6fe086a03f1c0ed7948fbfea\r\n\tat java.base/jdk.internal.reflect.DirectConstructorHandleAccessor.newInstance(DirectConstructorHandleAccessor.java:62)\r\n\tat java.base/java.lang.reflect.Constructor.newInstanceWithCaller(Constructor.java:502)\r\n\tat java.base/java.lang.reflect.Constructor.newInstance(Constructor.java:486)\r\n\tat org.openqa.selenium.remote.codec.w3c.W3CHttpResponseCodec.createException(W3CHttpResponseCodec.java:200)\r\n\tat org.openqa.selenium.remote.codec.w3c.W3CHttpResponseCodec.decode(W3CHttpResponseCodec.java:133)\r\n\tat org.openqa.selenium.remote.codec.w3c.W3CHttpResponseCodec.decode(W3CHttpResponseCodec.java:52)\r\n\tat org.openqa.selenium.remote.HttpCommandExecutor.execute(HttpCommandExecutor.java:191)\r\n\tat org.openqa.selenium.remote.service.DriverCommandExecutor.invokeExecute(DriverCommandExecutor.java:200)\r\n\tat org.openqa.selenium.remote.service.DriverCommandExecutor.execute(DriverCommandExecutor.java:175)\r\n\tat org.openqa.selenium.remote.RemoteWebDriver.execute(RemoteWebDriver.java:607)\r\n\tat org.openqa.selenium.remote.RemoteWebElement.execute(RemoteWebElement.java:224)\r\n\tat org.openqa.selenium.remote.RemoteWebElement.click(RemoteWebElement.java:77)\r\n\tat org.ciq.pages.RegistryPage.clickButton(RegistryPage.java:163)\r\n\tat org.ciq.tests.specialist.SpecialistTests.email(SpecialistTests.java:411)\r\n\tat java.base/jdk.internal.reflect.DirectMethodHandleAccessor.invoke(DirectMethodHandleAccessor.java:103)\r\n\tat java.base/java.lang.reflect.Method.invoke(Method.java:580)\r\n\tat org.testng.internal.invokers.MethodInvocationHelper.invokeMethod(MethodInvocationHelper.java:139)\r\n\tat org.testng.internal.invokers.TestInvoker.invokeMethod(TestInvoker.java:664)\r\n\tat org.testng.internal.invokers.TestInvoker.invokeTestMethod(TestInvoker.java:227)\r\n\tat org.testng.internal.invokers.MethodRunner.runInSequence(MethodRunner.java:50)\r\n\tat org.testng.internal.invokers.TestInvoker$MethodInvocationAgent.invoke(TestInvoker.java:957)\r\n\tat org.testng.internal.invokers.TestInvoker.invokeTestMethods(TestInvoker.java:200)\r\n\tat org.testng.internal.invokers.TestMethodWorker.invokeTestMethods(TestMethodWorker.java:148)\r\n\tat org.testng.internal.invokers.TestMethodWorker.run(TestMethodWorker.java:128)\r\n\tat java.base/java.util.ArrayList.forEach(ArrayList.java:1596)\r\n\tat org.testng.TestRunner.privateRun(TestRunner.java:848)\r\n\tat org.testng.TestRunner.run(TestRunner.java:621)\r\n\tat org.testng.SuiteRunner.runTest(SuiteRunner.java:443)\r\n\tat org.testng.SuiteRunner.runSequentially(SuiteRunner.java:437)\r\n\tat org.testng.SuiteRunner.privateRun(SuiteRunner.java:397)\r\n\tat org.testng.SuiteRunner.run(SuiteRunner.java:336)\r\n\tat org.testng.SuiteRunnerWorker.runSuite(SuiteRunnerWorker.java:52)\r\n\tat org.testng.SuiteRunnerWorker.run(SuiteRunnerWorker.java:95)\r\n\tat org.testng.TestNG.runSuitesSequentially(TestNG.java:1280)\r\n\tat org.testng.TestNG.runSuitesLocally(TestNG.java:1200)\r\n\tat org.testng.TestNG.runSuites(TestNG.java:1114)\r\n\tat org.testng.TestNG.run(TestNG.java:1082)\r\n\tat com.intellij.rt.testng.IDEARemoteTestNG.run(IDEARemoteTestNG.java:66)\r\n\tat com.intellij.rt.testng.RemoteTestNGStarter.main(RemoteTestNGStarter.java:109)\r\n","flaky":false,"newFailed":false,"newBroken":false,"newPassed":false,"retriesCount":0,"retriesStatusChange":false,"beforeStages":[],"testStage":{"status":"broken","statusMessage":"element click intercepted: Element <button class=\"MuiButtonBase-root-3341 MuiButton-root-3314 MuiButton-contained-3322 default__StyledButtonDefault-p8u2g6-0 cwQoPA MuiButton-disableElevation-3325\" tabindex=\"0\" type=\"button\" data-testid=\"Button\">...</button> is not clickable at point (1020, 677). Other element would receive the click: <div class=\"MuiDialog-container MuiDialog-scrollPaper\" role=\"none presentation\" tabindex=\"-1\" style=\"opacity: 1; transition: opacity 225ms cubic-bezier(0.4, 0, 0.2, 1) 0ms;\">...</div>\n  (Session info: chrome=119.0.6045.200)\nBuild info: version: '4.15.0', revision: '1d14b5521b'\nSystem info: os.name: 'Windows 11', os.arch: 'amd64', os.version: '10.0', java.version: '21.0.1'\nDriver info: org.openqa.selenium.chrome.ChromeDriver\nCommand: [19a20c8a6fe086a03f1c0ed7948fbfea, clickElement {id=D9E7DE65E76190C55936C7BFD8461E53_element_8451}]\nCapabilities {acceptInsecureCerts: false, browserName: chrome, browserVersion: 119.0.6045.200, chrome: {chromedriverVersion: 119.0.6045.105 (38c72552c5e..., userDataDir: C:\\Users\\Yamuna\\AppData\\Loc...}, fedcm:accounts: true, goog:chromeOptions: {debuggerAddress: localhost:63972}, networkConnectionEnabled: false, pageLoadStrategy: normal, platformName: windows, proxy: Proxy(), se:cdp: ws://localhost:63972/devtoo..., se:cdpVersion: 119.0.6045.200, setWindowRect: true, strictFileInteractability: false, timeouts: {implicit: 0, pageLoad: 300000, script: 30000}, unhandledPromptBehavior: dismiss and notify, webauthn:extension:credBlob: true, webauthn:extension:largeBlob: true, webauthn:extension:minPinLength: true, webauthn:extension:prf: true, webauthn:virtualAuthenticators: true}\nElement: [[ChromeDriver: chrome on windows (19a20c8a6fe086a03f1c0ed7948fbfea)] -> xpath: //span[text()='Initiate']//ancestor::button]\nSession ID: 19a20c8a6fe086a03f1c0ed7948fbfea","statusTrace":"org.openqa.selenium.ElementClickInterceptedException: element click intercepted: Element <button class=\"MuiButtonBase-root-3341 MuiButton-root-3314 MuiButton-contained-3322 default__StyledButtonDefault-p8u2g6-0 cwQoPA MuiButton-disableElevation-3325\" tabindex=\"0\" type=\"button\" data-testid=\"Button\">...</button> is not clickable at point (1020, 677). Other element would receive the click: <div class=\"MuiDialog-container MuiDialog-scrollPaper\" role=\"none presentation\" tabindex=\"-1\" style=\"opacity: 1; transition: opacity 225ms cubic-bezier(0.4, 0, 0.2, 1) 0ms;\">...</div>\n  (Session info: chrome=119.0.6045.200)\nBuild info: version: '4.15.0', revision: '1d14b5521b'\nSystem info: os.name: 'Windows 11', os.arch: 'amd64', os.version: '10.0', java.version: '21.0.1'\nDriver info: org.openqa.selenium.chrome.ChromeDriver\nCommand: [19a20c8a6fe086a03f1c0ed7948fbfea, clickElement {id=D9E7DE65E76190C55936C7BFD8461E53_element_8451}]\nCapabilities {acceptInsecureCerts: false, browserName: chrome, browserVersion: 119.0.6045.200, chrome: {chromedriverVersion: 119.0.6045.105 (38c72552c5e..., userDataDir: C:\\Users\\Yamuna\\AppData\\Loc...}, fedcm:accounts: true, goog:chromeOptions: {debuggerAddress: localhost:63972}, networkConnectionEnabled: false, pageLoadStrategy: normal, platformName: windows, proxy: Proxy(), se:cdp: ws://localhost:63972/devtoo..., se:cdpVersion: 119.0.6045.200, setWindowRect: true, strictFileInteractability: false, timeouts: {implicit: 0, pageLoad: 300000, script: 30000}, unhandledPromptBehavior: dismiss and notify, webauthn:extension:credBlob: true, webauthn:extension:largeBlob: true, webauthn:extension:minPinLength: true, webauthn:extension:prf: true, webauthn:virtualAuthenticators: true}\nElement: [[ChromeDriver: chrome on windows (19a20c8a6fe086a03f1c0ed7948fbfea)] -> xpath: //span[text()='Initiate']//ancestor::button]\nSession ID: 19a20c8a6fe086a03f1c0ed7948fbfea\r\n\tat java.base/jdk.internal.reflect.DirectConstructorHandleAccessor.newInstance(DirectConstructorHandleAccessor.java:62)\r\n\tat java.base/java.lang.reflect.Constructor.newInstanceWithCaller(Constructor.java:502)\r\n\tat java.base/java.lang.reflect.Constructor.newInstance(Constructor.java:486)\r\n\tat org.openqa.selenium.remote.codec.w3c.W3CHttpResponseCodec.createException(W3CHttpResponseCodec.java:200)\r\n\tat org.openqa.selenium.remote.codec.w3c.W3CHttpResponseCodec.decode(W3CHttpResponseCodec.java:133)\r\n\tat org.openqa.selenium.remote.codec.w3c.W3CHttpResponseCodec.decode(W3CHttpResponseCodec.java:52)\r\n\tat org.openqa.selenium.remote.HttpCommandExecutor.execute(HttpCommandExecutor.java:191)\r\n\tat org.openqa.selenium.remote.service.DriverCommandExecutor.invokeExecute(DriverCommandExecutor.java:200)\r\n\tat org.openqa.selenium.remote.service.DriverCommandExecutor.execute(DriverCommandExecutor.java:175)\r\n\tat org.openqa.selenium.remote.RemoteWebDriver.execute(RemoteWebDriver.java:607)\r\n\tat org.openqa.selenium.remote.RemoteWebElement.execute(RemoteWebElement.java:224)\r\n\tat org.openqa.selenium.remote.RemoteWebElement.click(RemoteWebElement.java:77)\r\n\tat org.ciq.pages.RegistryPage.clickButton(RegistryPage.java:163)\r\n\tat org.ciq.tests.specialist.SpecialistTests.email(SpecialistTests.java:411)\r\n\tat java.base/jdk.internal.reflect.DirectMethodHandleAccessor.invoke(DirectMethodHandleAccessor.java:103)\r\n\tat java.base/java.lang.reflect.Method.invoke(Method.java:580)\r\n\tat org.testng.internal.invokers.MethodInvocationHelper.invokeMethod(MethodInvocationHelper.java:139)\r\n\tat org.testng.internal.invokers.TestInvoker.invokeMethod(TestInvoker.java:664)\r\n\tat org.testng.internal.invokers.TestInvoker.invokeTestMethod(TestInvoker.java:227)\r\n\tat org.testng.internal.invokers.MethodRunner.runInSequence(MethodRunner.java:50)\r\n\tat org.testng.internal.invokers.TestInvoker$MethodInvocationAgent.invoke(TestInvoker.java:957)\r\n\tat org.testng.internal.invokers.TestInvoker.invokeTestMethods(TestInvoker.java:200)\r\n\tat org.testng.internal.invokers.TestMethodWorker.invokeTestMethods(TestMethodWorker.java:148)\r\n\tat org.testng.internal.invokers.TestMethodWorker.run(TestMethodWorker.java:128)\r\n\tat java.base/java.util.ArrayList.forEach(ArrayList.java:1596)\r\n\tat org.testng.TestRunner.privateRun(TestRunner.java:848)\r\n\tat org.testng.TestRunner.run(TestRunner.java:621)\r\n\tat org.testng.SuiteRunner.runTest(SuiteRunner.java:443)\r\n\tat org.testng.SuiteRunner.runSequentially(SuiteRunner.java:437)\r\n\tat org.testng.SuiteRunner.privateRun(SuiteRunner.java:397)\r\n\tat org.testng.SuiteRunner.run(SuiteRunner.java:336)\r\n\tat org.testng.SuiteRunnerWorker.runSuite(SuiteRunnerWorker.java:52)\r\n\tat org.testng.SuiteRunnerWorker.run(SuiteRunnerWorker.java:95)\r\n\tat org.testng.TestNG.runSuitesSequentially(TestNG.java:1280)\r\n\tat org.testng.TestNG.runSuitesLocally(TestNG.java:1200)\r\n\tat org.testng.TestNG.runSuites(TestNG.java:1114)\r\n\tat org.testng.TestNG.run(TestNG.java:1082)\r\n\tat com.intellij.rt.testng.IDEARemoteTestNG.run(IDEARemoteTestNG.java:66)\r\n\tat com.intellij.rt.testng.RemoteTestNGStarter.main(RemoteTestNGStarter.java:109)\r\n","steps":[{"name":"launching the browser","time":{"start":1701627217560,"stop":1701627219843,"duration":2283},"status":"passed","steps":[],"attachments":[],"parameters":[],"hasContent":false,"stepsCount":0,"attachmentStep":false,"attachmentsCount":0,"shouldDisplayMessage":false},{"name":"entering user email","time":{"start":1701627223844,"stop":1701627224920,"duration":1076},"status":"passed","steps":[],"attachments":[],"parameters":[{"name":"emailText","value":"ciqappemail@gmail.com"}],"hasContent":true,"stepsCount":0,"attachmentStep":false,"attachmentsCount":0,"shouldDisplayMessage":false},{"name":"entering password","time":{"start":1701627224920,"stop":1701627224998,"duration":78},"status":"passed","steps":[],"attachments":[],"parameters":[{"name":"passwordText","value":"Welcome@123"}],"hasContent":true,"stepsCount":0,"attachmentStep":false,"attachmentsCount":0,"shouldDisplayMessage":false},{"name":"clicking,submit button","time":{"start":1701627225002,"stop":1701627225062,"duration":60},"status":"passed","steps":[],"attachments":[],"parameters":[],"hasContent":false,"stepsCount":0,"attachmentStep":false,"attachmentsCount":0,"shouldDisplayMessage":false},{"name":"clicking create patient button","time":{"start":1701627225191,"stop":1701627230735,"duration":5544},"status":"passed","steps":[],"attachments":[],"parameters":[],"hasContent":false,"stepsCount":0,"attachmentStep":false,"attachmentsCount":0,"shouldDisplayMessage":false},{"name":"enter patient's first name in survey","time":{"start":1701627230735,"stop":1701627231587,"duration":852},"status":"passed","steps":[],"attachments":[],"parameters":[{"name":"fName","value":"Alyssa"}],"hasContent":true,"stepsCount":0,"attachmentStep":false,"attachmentsCount":0,"shouldDisplayMessage":false},{"name":"enter patient's last name in survey","time":{"start":1701627231587,"stop":1701627231755,"duration":168},"status":"passed","steps":[],"attachments":[],"parameters":[{"name":"lName","value":"Del"}],"hasContent":true,"stepsCount":0,"attachmentStep":false,"attachmentsCount":0,"shouldDisplayMessage":false},{"name":"choose patient's sex in survey","time":{"start":1701627231755,"stop":1701627232082,"duration":327},"status":"passed","steps":[],"attachments":[],"parameters":[{"name":"gender","value":"Male"}],"hasContent":true,"stepsCount":0,"attachmentStep":false,"attachmentsCount":0,"shouldDisplayMessage":false},{"name":"enter date of birth","time":{"start":1701627232085,"stop":1701627232286,"duration":201},"status":"passed","steps":[],"attachments":[],"parameters":[{"name":"dob","value":"06/08/1978"}],"hasContent":true,"stepsCount":0,"attachmentStep":false,"attachmentsCount":0,"shouldDisplayMessage":false},{"name":"choose patient's location in survey","time":{"start":1701627232300,"stop":1701627238536,"duration":6236},"status":"passed","steps":[],"attachments":[],"parameters":[{"name":"location","value":"Chicago - New User Location"}],"hasContent":true,"stepsCount":0,"attachmentStep":false,"attachmentsCount":0,"shouldDisplayMessage":false},{"name":"enter patient's email in survey","time":{"start":1701627238536,"stop":1701627238787,"duration":251},"status":"passed","steps":[],"attachments":[],"parameters":[{"name":"email","value":"AlyssaDel@email.com"}],"hasContent":true,"stepsCount":0,"attachmentStep":false,"attachmentsCount":0,"shouldDisplayMessage":false},{"name":"enter patient's confirm email in survey","time":{"start":1701627238787,"stop":1701627239022,"duration":235},"status":"passed","steps":[],"attachments":[],"parameters":[{"name":"email","value":"AlyssaDel@email.com"}],"hasContent":true,"stepsCount":0,"attachmentStep":false,"attachmentsCount":0,"shouldDisplayMessage":false},{"name":"choose patient's STAT in survey","time":{"start":1701627239022,"stop":1701627239184,"duration":162},"status":"passed","steps":[],"attachments":[],"parameters":[{"name":"stat","value":"Yes"}],"hasContent":true,"stepsCount":0,"attachmentStep":false,"attachmentsCount":0,"shouldDisplayMessage":false},{"name":"clicking next button","time":{"start":1701627239184,"stop":1701627239349,"duration":165},"status":"passed","steps":[],"attachments":[],"parameters":[],"hasContent":false,"stepsCount":0,"attachmentStep":false,"attachmentsCount":0,"shouldDisplayMessage":false},{"name":"clicking skip & Add patient button","time":{"start":1701627239349,"stop":1701627239452,"duration":103},"status":"passed","steps":[],"attachments":[],"parameters":[],"hasContent":false,"stepsCount":0,"attachmentStep":false,"attachmentsCount":0,"shouldDisplayMessage":false},{"name":"navigate to ethica portal for patient verification","time":{"start":1701627239452,"stop":1701627257359,"duration":17907},"status":"passed","steps":[],"attachments":[],"parameters":[{"name":"url","value":"https://app.staging.canceriq.net/registry"}],"hasContent":true,"stepsCount":0,"attachmentStep":false,"attachmentsCount":0,"shouldDisplayMessage":false},{"name":"click on patient record","time":{"start":1701627257359,"stop":1701627257475,"duration":116},"status":"passed","steps":[],"attachments":[],"parameters":[{"name":"firstName","value":"Alyssa"},{"name":"lastName","value":"Del"}],"hasContent":true,"stepsCount":0,"attachmentStep":false,"attachmentsCount":0,"shouldDisplayMessage":false},{"name":"click start screening","time":{"start":1701627257475,"stop":1701627259380,"duration":1905},"status":"passed","steps":[],"attachments":[],"parameters":[{"name":"field","value":"Start Screening"}],"hasContent":true,"stepsCount":0,"attachmentStep":false,"attachmentsCount":0,"shouldDisplayMessage":false},{"name":"click online screening","time":{"start":1701627259380,"stop":1701627263769,"duration":4389},"status":"passed","steps":[],"attachments":[],"parameters":[{"name":"field","value":"Online Screening"}],"hasContent":true,"stepsCount":0,"attachmentStep":false,"attachmentsCount":0,"shouldDisplayMessage":false},{"name":"click button in ithaca","time":{"start":1701627263770,"stop":1701627273951,"duration":10181},"status":"passed","steps":[],"attachments":[],"parameters":[{"name":"buttonName","value":"Change"}],"hasContent":true,"stepsCount":0,"attachmentStep":false,"attachmentsCount":0,"shouldDisplayMessage":false},{"name":"enter patient's email in ithaca","time":{"start":1701627273951,"stop":1701627274201,"duration":250},"status":"passed","steps":[],"attachments":[],"parameters":[{"name":"email","value":"yjayaraman@canceriq.com"}],"hasContent":true,"stepsCount":0,"attachmentStep":false,"attachmentsCount":0,"shouldDisplayMessage":false},{"name":"enter patient's confirm email in ithaca","time":{"start":1701627274201,"stop":1701627274416,"duration":215},"status":"passed","steps":[],"attachments":[],"parameters":[{"name":"email","value":"yjayaraman@canceriq.com"}],"hasContent":true,"stepsCount":0,"attachmentStep":false,"attachmentsCount":0,"shouldDisplayMessage":false},{"name":"click button in ithaca","time":{"start":1701627274416,"stop":1701627284570,"duration":10154},"status":"passed","steps":[],"attachments":[],"parameters":[{"name":"buttonName","value":"Save"}],"hasContent":true,"stepsCount":0,"attachmentStep":false,"attachmentsCount":0,"shouldDisplayMessage":false},{"name":"click button in ithaca","time":{"start":1701627284570,"stop":1701627295764,"duration":11194},"status":"broken","statusMessage":"element click intercepted: Element <button class=\"MuiButtonBase-root-3341 MuiButton-root-3314 MuiButton-contained-3322 default__StyledButtonDefault-p8u2g6-0 cwQoPA MuiButton-disableElevation-3325\" tabindex=\"0\" type=\"button\" data-testid=\"Button\">...</button> is not clickable at point (1020, 677). Other element would receive the click: <div class=\"MuiDialog-container MuiDialog-scrollPaper\" role=\"none presentation\" tabindex=\"-1\" style=\"opacity: 1; transition: opacity 225ms cubic-bezier(0.4, 0, 0.2, 1) 0ms;\">...</div>\n  (Session info: chrome=119.0.6045.200)\nBuild info: version: '4.15.0', revision: '1d14b5521b'\nSystem info: os.name: 'Windows 11', os.arch: 'amd64', os.version: '10.0', java.version: '21.0.1'\nDriver info: org.openqa.selenium.chrome.ChromeDriver\nCommand: [19a20c8a6fe086a03f1c0ed7948fbfea, clickElement {id=D9E7DE65E76190C55936C7BFD8461E53_element_8451}]\nCapabilities {acceptInsecureCerts: false, browserName: chrome, browserVersion: 119.0.6045.200, chrome: {chromedriverVersion: 119.0.6045.105 (38c72552c5e..., userDataDir: C:\\Users\\Yamuna\\AppData\\Loc...}, fedcm:accounts: true, goog:chromeOptions: {debuggerAddress: localhost:63972}, networkConnectionEnabled: false, pageLoadStrategy: normal, platformName: windows, proxy: Proxy(), se:cdp: ws://localhost:63972/devtoo..., se:cdpVersion: 119.0.6045.200, setWindowRect: true, strictFileInteractability: false, timeouts: {implicit: 0, pageLoad: 300000, script: 30000}, unhandledPromptBehavior: dismiss and notify, webauthn:extension:credBlob: true, webauthn:extension:largeBlob: true, webauthn:extension:minPinLength: true, webauthn:extension:prf: true, webauthn:virtualAuthenticators: true}\nElement: [[ChromeDriver: chrome on windows (19a20c8a6fe086a03f1c0ed7948fbfea)] -> xpath: //span[text()='Initiate']//ancestor::button]\nSession ID: 19a20c8a6fe086a03f1c0ed7948fbfea","statusTrace":"org.openqa.selenium.ElementClickInterceptedException: element click intercepted: Element <button class=\"MuiButtonBase-root-3341 MuiButton-root-3314 MuiButton-contained-3322 default__StyledButtonDefault-p8u2g6-0 cwQoPA MuiButton-disableElevation-3325\" tabindex=\"0\" type=\"button\" data-testid=\"Button\">...</button> is not clickable at point (1020, 677). Other element would receive the click: <div class=\"MuiDialog-container MuiDialog-scrollPaper\" role=\"none presentation\" tabindex=\"-1\" style=\"opacity: 1; transition: opacity 225ms cubic-bezier(0.4, 0, 0.2, 1) 0ms;\">...</div>\n  (Session info: chrome=119.0.6045.200)\nBuild info: version: '4.15.0', revision: '1d14b5521b'\nSystem info: os.name: 'Windows 11', os.arch: 'amd64', os.version: '10.0', java.version: '21.0.1'\nDriver info: org.openqa.selenium.chrome.ChromeDriver\nCommand: [19a20c8a6fe086a03f1c0ed7948fbfea, clickElement {id=D9E7DE65E76190C55936C7BFD8461E53_element_8451}]\nCapabilities {acceptInsecureCerts: false, browserName: chrome, browserVersion: 119.0.6045.200, chrome: {chromedriverVersion: 119.0.6045.105 (38c72552c5e..., userDataDir: C:\\Users\\Yamuna\\AppData\\Loc...}, fedcm:accounts: true, goog:chromeOptions: {debuggerAddress: localhost:63972}, networkConnectionEnabled: false, pageLoadStrategy: normal, platformName: windows, proxy: Proxy(), se:cdp: ws://localhost:63972/devtoo..., se:cdpVersion: 119.0.6045.200, setWindowRect: true, strictFileInteractability: false, timeouts: {implicit: 0, pageLoad: 300000, script: 30000}, unhandledPromptBehavior: dismiss and notify, webauthn:extension:credBlob: true, webauthn:extension:largeBlob: true, webauthn:extension:minPinLength: true, webauthn:extension:prf: true, webauthn:virtualAuthenticators: true}\nElement: [[ChromeDriver: chrome on windows (19a20c8a6fe086a03f1c0ed7948fbfea)] -> xpath: //span[text()='Initiate']//ancestor::button]\nSession ID: 19a20c8a6fe086a03f1c0ed7948fbfea\r\n\tat java.base/jdk.internal.reflect.DirectConstructorHandleAccessor.newInstance(DirectConstructorHandleAccessor.java:62)\r\n\tat java.base/java.lang.reflect.Constructor.newInstanceWithCaller(Constructor.java:502)\r\n\tat java.base/java.lang.reflect.Constructor.newInstance(Constructor.java:486)\r\n\tat org.openqa.selenium.remote.codec.w3c.W3CHttpResponseCodec.createException(W3CHttpResponseCodec.java:200)\r\n\tat org.openqa.selenium.remote.codec.w3c.W3CHttpResponseCodec.decode(W3CHttpResponseCodec.java:133)\r\n\tat org.openqa.selenium.remote.codec.w3c.W3CHttpResponseCodec.decode(W3CHttpResponseCodec.java:52)\r\n\tat org.openqa.selenium.remote.HttpCommandExecutor.execute(HttpCommandExecutor.java:191)\r\n\tat org.openqa.selenium.remote.service.DriverCommandExecutor.invokeExecute(DriverCommandExecutor.java:200)\r\n\tat org.openqa.selenium.remote.service.DriverCommandExecutor.execute(DriverCommandExecutor.java:175)\r\n\tat org.openqa.selenium.remote.RemoteWebDriver.execute(RemoteWebDriver.java:607)\r\n\tat org.openqa.selenium.remote.RemoteWebElement.execute(RemoteWebElement.java:224)\r\n\tat org.openqa.selenium.remote.RemoteWebElement.click(RemoteWebElement.java:77)\r\n\tat org.ciq.pages.RegistryPage.clickButton(RegistryPage.java:163)\r\n\tat org.ciq.tests.specialist.SpecialistTests.email(SpecialistTests.java:411)\r\n\tat java.base/jdk.internal.reflect.DirectMethodHandleAccessor.invoke(DirectMethodHandleAccessor.java:103)\r\n\tat java.base/java.lang.reflect.Method.invoke(Method.java:580)\r\n\tat org.testng.internal.invokers.MethodInvocationHelper.invokeMethod(MethodInvocationHelper.java:139)\r\n\tat org.testng.internal.invokers.TestInvoker.invokeMethod(TestInvoker.java:664)\r\n\tat org.testng.internal.invokers.TestInvoker.invokeTestMethod(TestInvoker.java:227)\r\n\tat org.testng.internal.invokers.MethodRunner.runInSequence(MethodRunner.java:50)\r\n\tat org.testng.internal.invokers.TestInvoker$MethodInvocationAgent.invoke(TestInvoker.java:957)\r\n\tat org.testng.internal.invokers.TestInvoker.invokeTestMethods(TestInvoker.java:200)\r\n\tat org.testng.internal.invokers.TestMethodWorker.invokeTestMethods(TestMethodWorker.java:148)\r\n\tat org.testng.internal.invokers.TestMethodWorker.run(TestMethodWorker.java:128)\r\n\tat java.base/java.util.ArrayList.forEach(ArrayList.java:1596)\r\n\tat org.testng.TestRunner.privateRun(TestRunner.java:848)\r\n\tat org.testng.TestRunner.run(TestRunner.java:621)\r\n\tat org.testng.SuiteRunner.runTest(SuiteRunner.java:443)\r\n\tat org.testng.SuiteRunner.runSequentially(SuiteRunner.java:437)\r\n\tat org.testng.SuiteRunner.privateRun(SuiteRunner.java:397)\r\n\tat org.testng.SuiteRunner.run(SuiteRunner.java:336)\r\n\tat org.testng.SuiteRunnerWorker.runSuite(SuiteRunnerWorker.java:52)\r\n\tat org.testng.SuiteRunnerWorker.run(SuiteRunnerWorker.java:95)\r\n\tat org.testng.TestNG.runSuitesSequentially(TestNG.java:1280)\r\n\tat org.testng.TestNG.runSuitesLocally(TestNG.java:1200)\r\n\tat org.testng.TestNG.runSuites(TestNG.java:1114)\r\n\tat org.testng.TestNG.run(TestNG.java:1082)\r\n\tat com.intellij.rt.testng.IDEARemoteTestNG.run(IDEARemoteTestNG.java:66)\r\n\tat com.intellij.rt.testng.RemoteTestNGStarter.main(RemoteTestNGStarter.java:109)\r\n","steps":[],"attachments":[],"parameters":[{"name":"buttonName","value":"Initiate"}],"hasContent":true,"stepsCount":0,"attachmentStep":false,"attachmentsCount":0,"shouldDisplayMessage":true}],"attachments":[],"parameters":[],"hasContent":true,"stepsCount":24,"attachmentStep":false,"attachmentsCount":0,"shouldDisplayMessage":false},"afterStages":[{"name":"tearDownBrowser","time":{"start":1701627296031,"stop":1701627296548,"duration":517},"description":"","status":"passed","steps":[{"name":"closing the browser","time":{"start":1701627296032,"stop":1701627296548,"duration":516},"status":"passed","steps":[],"attachments":[],"parameters":[],"hasContent":false,"stepsCount":0,"attachmentStep":false,"attachmentsCount":0,"shouldDisplayMessage":false}],"attachments":[],"parameters":[],"hasContent":true,"stepsCount":1,"attachmentStep":false,"attachmentsCount":0,"shouldDisplayMessage":false}],"labels":[{"name":"package","value":"org.ciq.tests.specialist.SpecialistTests"},{"name":"testClass","value":"org.ciq.tests.specialist.SpecialistTests"},{"name":"testMethod","value":"email"},{"name":"parentSuite","value":"Default Suite"},{"name":"suite","value":"CIQAutomation"},{"name":"subSuite","value":"org.ciq.tests.specialist.SpecialistTests"},{"name":"host","value":"LAPTOP-M5SGUT72"},{"name":"thread","value":"1692@LAPTOP-M5SGUT72.main(1)"},{"name":"framework","value":"testng"},{"name":"language","value":"java"},{"name":"resultFormat","value":"allure2"}],"parameters":[],"links":[],"hidden":true,"retry":true,"extra":{"categories":[],"tags":[]},"source":"d9c72b7618b397a0.json","parameterValues":[]}